Log file open, 05/21/18 15:59:50
LogWindows: LoadLibraryWithSearchPaths failed for file aqProf.dll. GetLastError=0
LogWindows: LoadLibraryWithSearchPaths failed for file VtuneApi.dll. GetLastError=0
LogWindows: LoadLibraryWithSearchPaths failed for file VtuneApi32e.dll. GetLastError=0
LogInit: Display: Running engine for game: FracTales
LogPlatformFile: Not using cached read wrapper
LogInit: Display: RandInit(1156801457) SRandInit(1156801457).
LogTaskGraph: Started task graph with 5 named threads and 14 total threads with 3 sets of task threads.
LogStats: Stats thread started at 0.166497
LogD3D11RHI: Aftermath initialized
LogPluginManager: Mounting plugin Paper2D
LogPluginManager: Mounting plugin LightPropagationVolume
LogPluginManager: Mounting plugin CodeLiteSourceCodeAccess
LogPluginManager: Mounting plugin GitSourceControl
LogPluginManager: Mounting plugin KDevelopSourceCodeAccess
LogPluginManager: Mounting plugin NullSourceCodeAccess
LogPluginManager: Mounting plugin PerforceSourceControl
LogPluginManager: Mounting plugin SubversionSourceControl
LogPluginManager: Mounting plugin UObjectPlugin
LogPluginManager: Mounting plugin VisualStudioSourceCodeAccess
LogPluginManager: Mounting plugin XCodeSourceCodeAccess
LogPluginManager: Mounting plugin AssetManagerEditor
LogPluginManager: Mounting plugin AudioCapture
LogPluginManager: Mounting plugin FacialAnimation
LogPluginManager: Mounting plugin GameplayTagsEditor
LogPluginManager: Mounting plugin MobileLauncherProfileWizard
LogPluginManager: Mounting plugin PluginBrowser
LogPluginManager: Mounting plugin SpeedTreeImporter
LogPluginManager: Mounting plugin AlembicImporter
LogPluginManager: Mounting plugin CharacterAI
LogPluginManager: Mounting plugin HTML5Networking
LogPluginManager: Mounting plugin AndroidMedia
LogPluginManager: Mounting plugin AvfMedia
LogPluginManager: Mounting plugin MediaPlayerEditor
LogPluginManager: Mounting plugin WmfMedia
LogPluginManager: Mounting plugin TcpMessaging
LogPluginManager: Mounting plugin UdpMessaging
LogPluginManager: Mounting plugin LevelSequenceEditor
LogPluginManager: Mounting plugin MatineeToLevelSequence
LogPluginManager: Mounting plugin OnlineSubsystemGooglePlay
LogPluginManager: Mounting plugin OnlineSubsystemIOS
LogPluginManager: Mounting plugin OnlineSubsystem
LogPluginManager: Mounting plugin OnlineSubsystemNull
LogPluginManager: Mounting plugin OnlineSubsystemUtils
LogPluginManager: Mounting plugin AndroidDeviceProfileSelector
LogPluginManager: Mounting plugin AndroidMoviePlayer
LogPluginManager: Mounting plugin AndroidPermission
LogPluginManager: Mounting plugin AppleMoviePlayer
LogPluginManager: Mounting plugin ArchVisCharacter
LogPluginManager: Mounting plugin CableComponent
LogPluginManager: Mounting plugin CustomMeshComponent
LogPluginManager: Mounting plugin ExampleDeviceProfileSelector
LogPluginManager: Mounting plugin GoogleCloudMessaging
LogPluginManager: Mounting plugin ImmediatePhysics
LogPluginManager: Mounting plugin IOSDeviceProfileSelector
LogPluginManager: Mounting plugin LinuxDeviceProfileSelector
LogPluginManager: Mounting plugin LocationServicesBPLibrary
LogPluginManager: Mounting plugin MobilePatchingUtils
LogPluginManager: Mounting plugin OculusVR
LogPluginManager: Mounting plugin PhysXVehicles
LogPluginManager: Mounting plugin ProceduralMeshComponent
LogPluginManager: Mounting plugin RuntimePhysXCooking
LogPluginManager: Mounting plugin SteamVR
LogPluginManager: Mounting plugin WindowsMoviePlayer
LogInit: Using libcurl 7.47.1
LogInit:  - built for x86_64-pc-win32
LogInit:  - supports SSL with OpenSSL/1.0.2g
LogInit:  - supports HTTP deflate (compression) using libz 1.2.8
LogInit:  - other features:
LogInit:      CURL_VERSION_SSL
LogInit:      CURL_VERSION_LIBZ
LogInit:      CURL_VERSION_IPV6
LogInit:      CURL_VERSION_ASYNCHDNS
LogInit:      CURL_VERSION_LARGEFILE
LogInit:      CURL_VERSION_IDN
LogInit:  CurlRequestOptions (configurable via config and command line):
LogInit:  - bVerifyPeer = false  - Libcurl will NOT verify peer certificate
LogInit:  - bUseHttpProxy = false  - Libcurl will NOT use HTTP proxy
LogInit:  - bDontReuseConnections = false  - Libcurl will reuse connections
LogInit:  - CertBundlePath = nullptr  - Libcurl will use whatever was configured at build time.
LogInit: Build: ++UE4+Release-4.17-CL-3573198
LogInit: Engine Version: 4.17.0-3573198+++UE4+Release-4.17
LogInit: Compatible Engine Version: 4.17.0-3573198+++UE4+Release-4.17
LogInit: Net CL: 3573198
LogDevObjectVersion: Number of dev versions registered: 16
LogDevObjectVersion:   Dev-Blueprints (B0D832E4-1F89-4F0D-ACCF-7EB736FD4AA2): 10
LogDevObjectVersion:   Dev-Build (E1C64328-A22C-4D53-A36C-8E866417BD8C): 0
LogDevObjectVersion:   Dev-Core (375EC13C-06E4-48FB-B500-84F0262A717E): 2
LogDevObjectVersion:   Dev-Editor (E4B068ED-F494-42E9-A231-DA0B2E46BB41): 20
LogDevObjectVersion:   Dev-Framework (CFFC743F-43B0-4480-9391-14DF171D2073): 28
LogDevObjectVersion:   Dev-Mobile (B02B49B5-BB20-44E9-A304-32B752E40360): 0
LogDevObjectVersion:   Dev-Networking (A4E4105C-59A1-49B5-A7C5-40C4547EDFEE): 0
LogDevObjectVersion:   Dev-Online (39C831C9-5AE6-47DC-9A44-9C173E1C8E7C): 0
LogDevObjectVersion:   Dev-Physics (78F01B33-EBEA-4F98-B9B4-84EACCB95AA2): 0
LogDevObjectVersion:   Dev-Platform (6631380F-2D4D-43E0-8009-CF276956A95A): 0
LogDevObjectVersion:   Dev-Rendering (12F88B9F-8875-4AFC-A67C-D90C383ABD29): 19
LogDevObjectVersion:   Dev-Sequencer (7B5AE74C-D270-4C10-A958-57980B212A5A): 4
LogDevObjectVersion:   Dev-VR (D7296918-1DD6-4BDD-9DE2-64A83CC13884): 0
LogDevObjectVersion:   Dev-LoadTimes (C2A15278-BFE7-4AFE-6C17-90FF531DF755): 1
LogDevObjectVersion:   Private-Geometry (6EACA3D4-40EC-4CC1-B786-8BED09428FC5): 1
LogDevObjectVersion:   Dev-AnimPhys (29E575DD-E0A3-4627-9D10-D276232CDCEA): 7
LogInit: Compiled (64-bit): Aug  4 2017 16:30:33
LogInit: Compiled with Visual C++: 19.00.24215.01
LogInit: Build Configuration: Development
LogInit: Branch Name: ++UE4+Release-4.17
LogInit: Command line: 
LogInit: Base directory: C:/Program Files (x86)/Epic Games/UE_4.17/Engine/Binaries/Win64/
LogInit: Installed Engine Build: 1
LogInit: Presizing for max 8388607 objects, including 0 objects not considered by GC, pre-allocating 0 bytes for permanent pool.
LogInit: Object subsystem initialized
[2018.05.21-14.59.51:528][  0]LogInit: Selected Device Profile: [Windows]
[2018.05.21-14.59.51:528][  0]LogInit: Applying CVar settings loaded from the selected device profile: [Windows]
[2018.05.21-14.59.51:546][  0]LogInit: Computer: MC11672
[2018.05.21-14.59.51:546][  0]LogInit: User: 1301641
[2018.05.21-14.59.51:546][  0]LogInit: CPU Page size=4096, Cores=4
[2018.05.21-14.59.51:546][  0]LogInit: High frequency timer resolution =3.328388 MHz
[2018.05.21-14.59.51:546][  0]LogMemory: Memory total: Physical=31.9GB (32GB approx)
[2018.05.21-14.59.51:546][  0]LogMemory: Platform Memory Stats for Windows
[2018.05.21-14.59.51:546][  0]LogMemory: Process Physical Memory: 280.47 MB used, 280.47 MB peak
[2018.05.21-14.59.51:546][  0]LogMemory: Process Virtual Memory: 285.23 MB used, 285.23 MB peak
[2018.05.21-14.59.51:546][  0]LogMemory: Physical Memory: 6228.05 MB used,  26419.16 MB free, 32647.21 MB total
[2018.05.21-14.59.51:546][  0]LogMemory: Virtual Memory: 663.66 MB used,  26419.16 MB free, 8388608.00 MB total
[2018.05.21-14.59.51:797][  0]LogInit: Using OS detected language (en-GB).
[2018.05.21-14.59.51:797][  0]LogInit: Using OS detected locale (en-GB).
[2018.05.21-14.59.51:801][  0]LogTextLocalizationManager: No specific localization for 'en-GB' exists, so the 'en' localization will be used.
[2018.05.21-14.59.52:471][  0]LogD3D11RHI: D3D11 adapters:
[2018.05.21-14.59.52:504][  0]LogD3D11RHI:    0. 'NVIDIA GeForce GTX 1080' (Feature Level 11_0)
[2018.05.21-14.59.52:504][  0]LogD3D11RHI:       8077/0/16067 MB DedicatedVideo/DedicatedSystem/SharedSystem, Outputs:1, VendorId:0x10de
[2018.05.21-14.59.52:512][  0]LogD3D11RHI:    1. 'Intel(R) HD Graphics 530' (Feature Level 11_0)
[2018.05.21-14.59.52:512][  0]LogD3D11RHI:       192/0/1632 MB DedicatedVideo/DedicatedSystem/SharedSystem, Outputs:0, VendorId:0x8086
[2018.05.21-14.59.52:512][  0]LogD3D11RHI: Chosen D3D11 Adapter: 0
[2018.05.21-14.59.52:519][  0]LogD3D11RHI: Creating new Direct3DDevice
[2018.05.21-14.59.52:519][  0]LogD3D11RHI:     GPU DeviceId: 0x1b80 (for the marketing name, search the web for "GPU Device Id")
[2018.05.21-14.59.52:519][  0]LogWindows: EnumDisplayDevices:
[2018.05.21-14.59.52:519][  0]LogWindows:    0. 'NVIDIA GeForce GTX 1080' (P:1 D:1)
[2018.05.21-14.59.52:520][  0]LogWindows:    1. 'NVIDIA GeForce GTX 1080' (P:0 D:0)
[2018.05.21-14.59.52:520][  0]LogWindows:    2. 'NVIDIA GeForce GTX 1080' (P:0 D:0)
[2018.05.21-14.59.52:520][  0]LogWindows:    3. 'NVIDIA GeForce GTX 1080' (P:0 D:0)
[2018.05.21-14.59.52:520][  0]LogWindows:    4. 'Intel(R) HD Graphics 530' (P:0 D:0)
[2018.05.21-14.59.52:521][  0]LogWindows:    5. 'Intel(R) HD Graphics 530' (P:0 D:0)
[2018.05.21-14.59.52:521][  0]LogWindows:    6. 'Intel(R) HD Graphics 530' (P:0 D:0)
[2018.05.21-14.59.52:521][  0]LogWindows:    7. 'RDPDD Chained DD' (P:0 D:0)
[2018.05.21-14.59.52:521][  0]LogWindows:    8. 'RDP Encoder Mirror Driver' (P:0 D:0)
[2018.05.21-14.59.52:521][  0]LogWindows:    9. 'RDP Reflector Display Driver' (P:0 D:0)
[2018.05.21-14.59.52:522][  0]LogWindows: DebugString: PrimaryIsNotTheChoosenAdapter PrimaryIsNotTheChoosenAdapter PrimaryIsNotTheChoosenAdapter GetVideoDriverDetailsInvalid PrimaryIsNotTheChoosenAdapter GetVideoDriverDetailsInvalid PrimaryIsNotTheChoosenAdapter GetVideoDriverDetailsInvalid PrimaryIsNotTheChoosenAdapter FoundDriverCount:4 
[2018.05.21-14.59.52:522][  0]LogD3D11RHI:     Adapter Name: NVIDIA GeForce GTX 1080
[2018.05.21-14.59.52:522][  0]LogD3D11RHI:   Driver Version: 390.65 (internal:23.21.13.9065, unified:390.65)
[2018.05.21-14.59.52:522][  0]LogD3D11RHI:      Driver Date: 1-3-2018
[2018.05.21-14.59.52:522][  0]LogRHI: Texture pool is 1361 MB (70% of 1945 MB)
[2018.05.21-14.59.52:536][  0]LogD3D11RHI: Async texture creation enabled
[2018.05.21-14.59.52:551][  0]LogD3D11RHI: GPU Timing Frequency: 1000.000000 (Debug: 2 2)
[2018.05.21-14.59.52:595][  0]LogShaderCompilers: Guid format shader working directory is -29 characters bigger than the processId version (../../../../../../Users/1301641/Downloads/GiktHuv/AlgorithmsProject/MyProject/Intermediate/Shaders/WorkingDirectory/7996/).
[2018.05.21-14.59.52:596][  0]LogShaderCompilers: Cleaned the shader compiler working directory 'C:/Users/1301641/AppData/Local/Temp/UnrealShaderWorkingDir/FB4474D44E70E569AC1B6E9E7A2C77EF/'.
[2018.05.21-14.59.52:596][  0]LogShaderCompilers: Display: Using Local Shader Compiler.
[2018.05.21-14.59.53:517][  0]LogTemp: Display: Loaded TP AllDesktopTargetPlatform
[2018.05.21-14.59.53:595][  0]LogTemp: Display: Loaded TP MacClientTargetPlatform
[2018.05.21-14.59.53:676][  0]LogTemp: Display: Loaded TP MacNoEditorTargetPlatform
[2018.05.21-14.59.53:755][  0]LogTemp: Display: Loaded TP MacServerTargetPlatform
[2018.05.21-14.59.53:837][  0]LogTemp: Display: Loaded TP MacTargetPlatform
[2018.05.21-14.59.53:917][  0]LogTemp: Display: Loaded TP WindowsClientTargetPlatform
[2018.05.21-14.59.53:997][  0]LogTemp: Display: Loaded TP WindowsNoEditorTargetPlatform
[2018.05.21-14.59.54:077][  0]LogTemp: Display: Loaded TP WindowsServerTargetPlatform
[2018.05.21-14.59.54:152][  0]LogTemp: Display: Loaded TP WindowsTargetPlatform
[2018.05.21-14.59.54:233][  0]LogTemp: Display: Loaded TP AndroidTargetPlatform
[2018.05.21-14.59.54:312][  0]LogTemp: Display: Loaded TP Android_ASTCTargetPlatform
[2018.05.21-14.59.54:393][  0]LogTemp: Display: Loaded TP Android_ATCTargetPlatform
[2018.05.21-14.59.54:473][  0]LogTemp: Display: Loaded TP Android_DXTTargetPlatform
[2018.05.21-14.59.54:553][  0]LogTemp: Display: Loaded TP Android_ETC1TargetPlatform
[2018.05.21-14.59.54:633][  0]LogTemp: Display: Loaded TP Android_ETC2TargetPlatform
[2018.05.21-14.59.54:792][  0]LogTemp: Display: Loaded TP Android_MultiTargetPlatform
[2018.05.21-14.59.54:792][  0]LogTemp: Display: Loaded TP Android_PVRTCTargetPlatform
[2018.05.21-14.59.54:861][  0]LogTemp: Display: Loaded TP HTML5TargetPlatform
[2018.05.21-14.59.54:988][  0]LogTemp: Display: Loaded TP IOSTargetPlatform
[2018.05.21-14.59.55:023][  0]LogTemp: Display: Loaded TP TVOSTargetPlatform
[2018.05.21-14.59.55:102][  0]LogTemp: Display: Loaded TP LinuxClientTargetPlatform
[2018.05.21-14.59.55:181][  0]LogTemp: Display: Loaded TP LinuxNoEditorTargetPlatform
[2018.05.21-14.59.55:262][  0]LogTemp: Display: Loaded TP LinuxServerTargetPlatform
[2018.05.21-14.59.55:342][  0]LogTemp: Display: Loaded TP LinuxTargetPlatform
[2018.05.21-14.59.55:342][  0]LogTargetPlatformManager: Display: Building Assets For Windows
[2018.05.21-14.59.56:006][  0]LogDerivedDataCache: Display: Max Cache Size: 512 MB
[2018.05.21-14.59.56:116][  0]LogDerivedDataCache: Loaded boot cache 0.11s 93MB C:/Users/1301641/AppData/Local/UnrealEngine/4.17/DerivedDataCache/Boot.ddc.
[2018.05.21-14.59.56:116][  0]LogDerivedDataCache: Display: Loaded Boot cache: C:/Users/1301641/AppData/Local/UnrealEngine/4.17/DerivedDataCache/Boot.ddc
[2018.05.21-14.59.56:116][  0]LogDerivedDataCache: FDerivedDataBackendGraph:  Pak pak cache file ../../../../../../Users/1301641/Downloads/GiktHuv/AlgorithmsProject/MyProject/DerivedDataCache/DDC.ddp not found, will not use a pak cache.
[2018.05.21-14.59.56:116][  0]LogDerivedDataCache: Unable to find inner node Pak for hierarchical cache Hierarchy.
[2018.05.21-14.59.56:116][  0]LogDerivedDataCache: FDerivedDataBackendGraph:  CompressedPak pak cache file ../../../../../../Users/1301641/Downloads/GiktHuv/AlgorithmsProject/MyProject/DerivedDataCache/Compressed.ddp not found, will not use a pak cache.
[2018.05.21-14.59.56:116][  0]LogDerivedDataCache: Unable to find inner node CompressedPak for hierarchical cache Hierarchy.
[2018.05.21-14.59.56:132][  0]LogDerivedDataCache: Display: Pak cache opened for reading ../../../Engine/DerivedDataCache/Compressed.ddp.
[2018.05.21-14.59.56:144][  0]LogDerivedDataCache: Using Local data cache path C:/Users/1301641/AppData/Local/UnrealEngine/Common/DerivedDataCache: Writable
[2018.05.21-14.59.56:155][  0]LogMaterial: Verifying Global Shaders for PCD3D_SM5
[2018.05.21-14.59.56:155][  0]LogSlate: Using Freetype 2.6.0
[2018.05.21-14.59.56:156][  0]LogSlate: SlateFontCache - WITH_FREETYPE: 1, WITH_HARFBUZZ: 1
[2018.05.21-14.59.56:156][  0]LogSlate: SlateFontCache - WITH_FREETYPE: 1, WITH_HARFBUZZ: 1
[2018.05.21-14.59.56:433][  0]LogAssetRegistry: FAssetRegistry took 0.0247 seconds to start up
[2018.05.21-14.59.56:616][  0]LogInit: Selected Device Profile: [Windows]
[2018.05.21-14.59.56:622][  0]LogContentStreaming: Texture pool size is 0.00 MB
[2018.05.21-14.59.57:154][  0]LogSimplygon: Simplygon DLL not present - disabling.
[2018.05.21-14.59.57:222][  0]LogMeshReduction: Using SimplygonSwarm for distributed automatic mesh merging
[2018.05.21-14.59.57:222][  0]LogMeshReduction: Using QuadricMeshReduction for automatic static mesh reduction
[2018.05.21-14.59.57:222][  0]LogMeshReduction: No automatic skeletal mesh reduction module available
[2018.05.21-14.59.57:222][  0]LogMeshReduction: No automatic mesh merging module available
[2018.05.21-14.59.57:222][  0]LogMeshMerging: No automatic mesh merging module available
[2018.05.21-14.59.57:586][  0]LogNetVersion: FracTales , NetCL: 3573198, EngineNetVer: 2, GameNetVer: 0 (Checksum: 1863221474)
[2018.05.21-14.59.57:832][  0]LogPackageLocalizationCache: Processed 5 localized package path(s) for 2 prioritized culture(s) in 0.046606 seconds
[2018.05.21-14.59.57:838][  0]LogUObjectArray: 35825 objects as part of root set at end of initial load.
[2018.05.21-14.59.57:838][  0]LogUObjectAllocator: 7529112 out of 0 bytes used by permanent object pool.
[2018.05.21-14.59.57:838][  0]LogUObjectArray: CloseDisregardForGC: 0/0 objects in disregard for GC pool
[2018.05.21-14.59.57:911][  0]LogInit: WinSock: version 1.1 (2.2), MaxSocks=32767, MaxUdp=65467
[2018.05.21-15.00.01:332][  0]LogTcpMessaging: Initializing TcpMessaging bridge
[2018.05.21-15.00.01:376][  0]LogUdpMessaging: Initializing bridge on interface 0.0.0.0:0 to multicast group 230.0.0.1:6666.
[2018.05.21-15.00.02:345][  0]LogMaterial: Uniform references updated for custom material expression Custom.
[2018.05.21-15.00.02:958][  0]SourceControl: Source control is disabled
[2018.05.21-15.00.02:958][  0]SourceControl: Source control is disabled
[2018.05.21-15.00.03:037][  0]SourceControl: Source control is disabled
[2018.05.21-15.00.03:114][  0]SourceControl: Source control is disabled
[2018.05.21-15.00.03:996][  0]LogAndroidPermission: UAndroidPermissionCallbackProxy::GetInstance
[2018.05.21-15.00.04:380][  0]LogOcInput: OculusInput pre-init called
[2018.05.21-15.00.04:748][  0]LogEngine: Initializing Engine...
[2018.05.21-15.00.04:750][  0]LogHMD: Failed to initialize OpenVR with code 110
[2018.05.21-15.00.04:998][  0]LogStats: UGameplayTagsManager::ConstructGameplayTagTree: Construct from data asset -  0.000 s
[2018.05.21-15.00.04:998][  0]LogStats: UGameplayTagsManager::ConstructGameplayTagTree: GameplayTagTreeChangedEvent.Broadcast -  0.000 s
[2018.05.21-15.00.05:212][  0]LogAIModule: Creating AISystem for world Untitled
[2018.05.21-15.00.05:225][  0]LogInit: XAudio2 using 'Headphones (High Definition Audio Device)' : 2 channels at 44.1 kHz using 16 bits per sample (channel mask 0x3)
[2018.05.21-15.00.05:237][  0]LogInit: FAudioDevice initialized.
[2018.05.21-15.00.05:286][  0]LogDerivedDataCache: Saved boot cache 0.05s 93MB C:/Users/1301641/AppData/Local/UnrealEngine/4.17/DerivedDataCache/Boot.ddc.
[2018.05.21-15.00.05:297][  0]LogInit: Texture streaming: Enabled
[2018.05.21-15.00.05:439][  0]LogEngineSessionManager: EngineSessionManager initialized
[2018.05.21-15.00.05:807][  0]LogInit: Transaction tracking system initialized
[2018.05.21-15.00.06:325][  0]BlueprintLog: New page: Editor Load
[2018.05.21-15.00.07:752][  0]LocalizationService: Localization service is disabled
[2018.05.21-15.00.08:854][  0]LogConsoleResponse: Display: 
[2018.05.21-15.00.09:031][  0]LogCook: Display: Max memory allowance for cook 16384mb min free memory 0mb
[2018.05.21-15.00.09:031][  0]LogCook: Display: Mobile HDR setting 1
[2018.05.21-15.00.09:031][  0]LogGameplayTags: Display: UGameplayTagsManager::DoneAddingNativeTags. DelegateIsBound: 0
[2018.05.21-15.00.09:775][  0]LogFileCache: Scanning file cache for directory 'C:/Users/1301641/Downloads/GiktHuv/AlgorithmsProject/MyProject/Content/' took 0.01s
[2018.05.21-15.00.10:637][  0]SourceControl: Source control is disabled
[2018.05.21-15.00.10:637][  0]Cmd: MAP LOAD FILE="../../../../../../Users/1301641/Downloads/GiktHuv/AlgorithmsProject/MyProject/Content/FirstPersonBP/Maps/FirstPersonExampleMap.umap" TEMPLATE=0 SHOWPROGRESS=1 FEATURELEVEL=3
[2018.05.21-15.00.10:638][  0]LightingResults: New page: Lighting Build
[2018.05.21-15.00.10:708][  0]MapCheck: New page: Map Check
[2018.05.21-15.00.10:708][  0]LightingResults: New page: Lighting Build
[2018.05.21-15.00.10:729][  0]LogLinker: Warning: Can't find file '/Game/FirstPersonBP/Blueprints/FirstPersonCharacter'
[2018.05.21-15.00.10:729][  0]LogLinker: Warning: Can't find file for asset '/Game/FirstPersonBP/Blueprints/FirstPersonCharacter' while loading ../../../../../../Users/1301641/Downloads/GiktHuv/AlgorithmsProject/MyProject/Content/FirstPersonBP/Maps/FirstPersonExampleMap.umap.
[2018.05.21-15.00.10:729][  0]LoadErrors: Error: /Game/FirstPersonBP/Maps/FirstPersonExampleMap : Can't find file for asset. /Game/FirstPersonBP/Blueprints/FirstPersonCharacter
[2018.05.21-15.00.10:730][  0]LogLinker: Warning: Can't find file '/Game/FirstPersonBP/Blueprints/FirstPersonCharacter'
[2018.05.21-15.00.10:730][  0]LogLinker: Warning: Can't find file for asset '/Game/FirstPersonBP/Blueprints/FirstPersonCharacter' while loading ../../../../../../Users/1301641/Downloads/GiktHuv/AlgorithmsProject/MyProject/Content/FirstPersonBP/Maps/FirstPersonExampleMap.umap.
[2018.05.21-15.00.10:730][  0]LoadErrors: Error: /Game/FirstPersonBP/Maps/FirstPersonExampleMap : Can't find file for asset. /Game/FirstPersonBP/Blueprints/FirstPersonCharacter
[2018.05.21-15.00.10:731][  0]LogLinker: Warning: Can't find file '/Game/FirstPersonBP/Blueprints/FirstPersonCharacter'
[2018.05.21-15.00.10:731][  0]LogLinker: Warning: Can't find file for asset '/Game/FirstPersonBP/Blueprints/FirstPersonCharacter' while loading ../../../../../../Users/1301641/Downloads/GiktHuv/AlgorithmsProject/MyProject/Content/FirstPersonBP/Blueprints/FirstPersonGameMode.uasset.
[2018.05.21-15.00.10:731][  0]LoadErrors: Error: /Game/FirstPersonBP/Blueprints/FirstPersonGameMode : Can't find file for asset. /Game/FirstPersonBP/Blueprints/FirstPersonCharacter
[2018.05.21-15.00.10:742][  0]LogLinker: Warning: Can't find file '/Game/FirstPersonBP/Blueprints/FirstPersonCharacter'
[2018.05.21-15.00.10:742][  0]LogLinker: Warning: Can't find file for asset '/Game/FirstPersonBP/Blueprints/FirstPersonCharacter' while loading ../../../../../../Users/1301641/Downloads/GiktHuv/AlgorithmsProject/MyProject/Content/FirstPersonBP/Blueprints/FirstPersonGameMode.uasset.
[2018.05.21-15.00.10:742][  0]LoadErrors: Error: /Game/FirstPersonBP/Blueprints/FirstPersonGameMode : Can't find file for asset. /Game/FirstPersonBP/Blueprints/FirstPersonCharacter
[2018.05.21-15.00.10:743][  0]LogLinker: Warning: Can't find file '/Game/FirstPersonBP/Blueprints/FirstPersonCharacter'
[2018.05.21-15.00.10:743][  0]LogLinker: Warning: Can't find file for asset '/Game/FirstPersonBP/Blueprints/FirstPersonCharacter' while loading ../../../../../../Users/1301641/Downloads/GiktHuv/AlgorithmsProject/MyProject/Content/FirstPersonBP/Maps/FirstPersonExampleMap.umap.
[2018.05.21-15.00.10:743][  0]LoadErrors: Error: /Game/FirstPersonBP/Maps/FirstPersonExampleMap : Can't find file for asset. /Game/FirstPersonBP/Blueprints/FirstPersonCharacter
[2018.05.21-15.00.10:743][  0]LogLinker: Warning: Can't find file '/Game/FirstPersonBP/Blueprints/FirstPersonCharacter'
[2018.05.21-15.00.10:743][  0]LogLinker: Warning: Can't find file for asset '/Game/FirstPersonBP/Blueprints/FirstPersonCharacter' while loading ../../../../../../Users/1301641/Downloads/GiktHuv/AlgorithmsProject/MyProject/Content/FirstPersonBP/Maps/FirstPersonExampleMap.umap.
[2018.05.21-15.00.10:743][  0]LoadErrors: Error: /Game/FirstPersonBP/Maps/FirstPersonExampleMap : Can't find file for asset. /Game/FirstPersonBP/Blueprints/FirstPersonCharacter
[2018.05.21-15.00.10:743][  0]LogLinker: Warning: Can't find file '/Game/FirstPersonBP/Blueprints/FirstPersonCharacter'
[2018.05.21-15.00.10:743][  0]LoadErrors: Failed to load /Game/FirstPersonBP/Blueprints/FirstPersonCharacter.FirstPersonCharacter_C Referenced by Default__FirstPersonGameMode_C
[2018.05.21-15.00.10:744][  0]LogLinker: Warning: Can't find file for asset '/Game/FirstPersonBP/Blueprints/FirstPersonCharacter' while loading ../../../../../../Users/1301641/Downloads/GiktHuv/AlgorithmsProject/MyProject/Content/FirstPersonBP/Maps/FirstPersonExampleMap.umap.
[2018.05.21-15.00.10:744][  0]LoadErrors: Failed to load /Game/FirstPersonBP/Blueprints/FirstPersonCharacter.FirstPersonCharacter_C Referenced by Default__FirstPersonGameMode_C
[2018.05.21-15.00.10:744][  0]LoadErrors: Error: /Game/FirstPersonBP/Maps/FirstPersonExampleMap : Can't find file for asset. /Game/FirstPersonBP/Blueprints/FirstPersonCharacter
[2018.05.21-15.00.10:822][  0]LogLinker: Warning: Can't find file '/Game/FirstPersonBP/Blueprints/FirstPersonCharacter'
[2018.05.21-15.00.10:822][  0]LogLinker: Warning: Can't find file for asset '/Game/FirstPersonBP/Blueprints/FirstPersonCharacter' while loading ../../../../../../Users/1301641/Downloads/GiktHuv/AlgorithmsProject/MyProject/Content/FirstPersonBP/Maps/FirstPersonExampleMap.umap.
[2018.05.21-15.00.10:822][  0]LoadErrors: Error: /Game/FirstPersonBP/Maps/FirstPersonExampleMap : Can't find file for asset. /Game/FirstPersonBP/Blueprints/FirstPersonCharacter
[2018.05.21-15.00.10:823][  0]LogLinker: Warning: Can't find file '/Game/FirstPersonBP/Blueprints/FirstPersonCharacter'
[2018.05.21-15.00.10:823][  0]LogLinker: Warning: Can't find file for asset '/Game/FirstPersonBP/Blueprints/FirstPersonCharacter' while loading ../../../../../../Users/1301641/Downloads/GiktHuv/AlgorithmsProject/MyProject/Content/FirstPersonBP/Maps/FirstPersonExampleMap.umap.
[2018.05.21-15.00.10:823][  0]LoadErrors: Error: /Game/FirstPersonBP/Maps/FirstPersonExampleMap : Can't find file for asset. /Game/FirstPersonBP/Blueprints/FirstPersonCharacter
[2018.05.21-15.00.10:823][  0]LogLinker: Warning: Can't find file '/Game/FirstPersonBP/Blueprints/FirstPersonCharacter'
[2018.05.21-15.00.10:823][  0]LogLinker: Warning: Can't find file for asset '/Game/FirstPersonBP/Blueprints/FirstPersonCharacter' while loading ../../../../../../Users/1301641/Downloads/GiktHuv/AlgorithmsProject/MyProject/Content/FirstPersonBP/Maps/FirstPersonExampleMap.umap.
[2018.05.21-15.00.10:823][  0]LoadErrors: Error: /Game/FirstPersonBP/Maps/FirstPersonExampleMap : Can't find file for asset. /Game/FirstPersonBP/Blueprints/FirstPersonCharacter
[2018.05.21-15.00.10:824][  0]LogLinker: Warning: Can't find file '/Game/FirstPersonBP/Blueprints/FirstPersonCharacter'
[2018.05.21-15.00.10:824][  0]LogLinker: Warning: Can't find file for asset '/Game/FirstPersonBP/Blueprints/FirstPersonCharacter' while loading ../../../../../../Users/1301641/Downloads/GiktHuv/AlgorithmsProject/MyProject/Content/FirstPersonBP/Maps/FirstPersonExampleMap.umap.
[2018.05.21-15.00.10:824][  0]LoadErrors: Error: /Game/FirstPersonBP/Maps/FirstPersonExampleMap : Can't find file for asset. /Game/FirstPersonBP/Blueprints/FirstPersonCharacter
[2018.05.21-15.00.10:828][  0]LogLinker: Warning: Can't find file '/Game/FirstPersonBP/Maps/FirstPersonExampleMap_BuiltData'
[2018.05.21-15.00.10:828][  0]LogLinker: Warning: Can't find file for asset '/Game/FirstPersonBP/Maps/FirstPersonExampleMap_BuiltData' while loading ../../../../../../Users/1301641/Downloads/GiktHuv/AlgorithmsProject/MyProject/Content/FirstPersonBP/Maps/FirstPersonExampleMap.umap.
[2018.05.21-15.00.10:828][  0]LoadErrors: Error: /Game/FirstPersonBP/Maps/FirstPersonExampleMap : Can't find file for asset. /Game/FirstPersonBP/Maps/FirstPersonExampleMap_BuiltData
[2018.05.21-15.00.10:837][  0]LogLinker: Warning: Can't find file '/Game/FirstPersonBP/Blueprints/FirstPersonCharacter'
[2018.05.21-15.00.10:837][  0]LogLinker: Warning: Can't find file for asset '/Game/FirstPersonBP/Blueprints/FirstPersonCharacter' while loading ../../../../../../Users/1301641/Downloads/GiktHuv/AlgorithmsProject/MyProject/Content/FirstPersonBP/Maps/FirstPersonExampleMap.umap.
[2018.05.21-15.00.10:837][  0]LoadErrors: Error: /Game/FirstPersonBP/Maps/FirstPersonExampleMap : Can't find file for asset. /Game/FirstPersonBP/Blueprints/FirstPersonCharacter
[2018.05.21-15.00.10:837][  0]LogLinker: Warning: Can't find file '/Game/FirstPersonBP/Blueprints/FirstPersonCharacter'
[2018.05.21-15.00.10:837][  0]LogLinker: Warning: Can't find file for asset '/Game/FirstPersonBP/Blueprints/FirstPersonCharacter' while loading ../../../../../../Users/1301641/Downloads/GiktHuv/AlgorithmsProject/MyProject/Content/FirstPersonBP/Maps/FirstPersonExampleMap.umap.
[2018.05.21-15.00.10:837][  0]LoadErrors: Error: /Game/FirstPersonBP/Maps/FirstPersonExampleMap : Can't find file for asset. /Game/FirstPersonBP/Blueprints/FirstPersonCharacter
[2018.05.21-15.00.10:838][  0]LogLinker: Warning: Can't find file '/Game/FirstPersonBP/Blueprints/FirstPersonCharacter'
[2018.05.21-15.00.10:838][  0]LogLinker: Warning: Can't find file for asset '/Game/FirstPersonBP/Blueprints/FirstPersonCharacter' while loading ../../../../../../Users/1301641/Downloads/GiktHuv/AlgorithmsProject/MyProject/Content/FirstPersonBP/Maps/FirstPersonExampleMap.umap.
[2018.05.21-15.00.10:838][  0]LoadErrors: Error: /Game/FirstPersonBP/Maps/FirstPersonExampleMap : Can't find file for asset. /Game/FirstPersonBP/Blueprints/FirstPersonCharacter
[2018.05.21-15.00.10:839][  0]LogLinker: Warning: Can't find file '/Game/FirstPersonBP/Maps/FirstPersonExampleMap_BuiltData'
[2018.05.21-15.00.10:840][  0]LogLinker: Warning: Can't find file for asset '/Game/FirstPersonBP/Maps/FirstPersonExampleMap_BuiltData' while loading ../../../../../../Users/1301641/Downloads/GiktHuv/AlgorithmsProject/MyProject/Content/FirstPersonBP/Maps/FirstPersonExampleMap.umap.
[2018.05.21-15.00.10:840][  0]LoadErrors: Error: /Game/FirstPersonBP/Maps/FirstPersonExampleMap : Can't find file for asset. /Game/FirstPersonBP/Maps/FirstPersonExampleMap_BuiltData
[2018.05.21-15.00.10:844][  0]LogLinker: Warning: Can't find file '/Game/FirstPersonBP/Blueprints/FirstPersonCharacter'
[2018.05.21-15.00.10:844][  0]LogLinker: Warning: Can't find file for asset '/Game/FirstPersonBP/Blueprints/FirstPersonCharacter' while loading ../../../../../../Users/1301641/Downloads/GiktHuv/AlgorithmsProject/MyProject/Content/FirstPersonBP/Maps/FirstPersonExampleMap.umap.
[2018.05.21-15.00.10:844][  0]LoadErrors: Error: /Game/FirstPersonBP/Maps/FirstPersonExampleMap : Can't find file for asset. /Game/FirstPersonBP/Blueprints/FirstPersonCharacter
[2018.05.21-15.00.10:844][  0]LogLinker: Warning: Can't find file '/Game/FirstPersonBP/Blueprints/FirstPersonCharacter'
[2018.05.21-15.00.10:844][  0]LogLinker: Warning: Can't find file for asset '/Game/FirstPersonBP/Blueprints/FirstPersonCharacter' while loading ../../../../../../Users/1301641/Downloads/GiktHuv/AlgorithmsProject/MyProject/Content/FirstPersonBP/Maps/FirstPersonExampleMap.umap.
[2018.05.21-15.00.10:844][  0]LoadErrors: Error: /Game/FirstPersonBP/Maps/FirstPersonExampleMap : Can't find file for asset. /Game/FirstPersonBP/Blueprints/FirstPersonCharacter
[2018.05.21-15.00.10:844][  0]LogLinker: Warning: Can't find file '/Game/FirstPersonBP/Blueprints/FirstPersonCharacter'
[2018.05.21-15.00.10:844][  0]LogLinker: Warning: Can't find file for asset '/Game/FirstPersonBP/Blueprints/FirstPersonCharacter' while loading ../../../../../../Users/1301641/Downloads/GiktHuv/AlgorithmsProject/MyProject/Content/FirstPersonBP/Maps/FirstPersonExampleMap.umap.
[2018.05.21-15.00.10:844][  0]LoadErrors: Error: /Game/FirstPersonBP/Maps/FirstPersonExampleMap : Can't find file for asset. /Game/FirstPersonBP/Blueprints/FirstPersonCharacter
[2018.05.21-15.00.10:844][  0]LogLinker: Warning: Can't find file '/Game/FirstPersonBP/Blueprints/FirstPersonCharacter'
[2018.05.21-15.00.10:844][  0]LogLinker: Warning: Can't find file for asset '/Game/FirstPersonBP/Blueprints/FirstPersonCharacter' while loading ../../../../../../Users/1301641/Downloads/GiktHuv/AlgorithmsProject/MyProject/Content/FirstPersonBP/Maps/FirstPersonExampleMap.umap.
[2018.05.21-15.00.10:844][  0]LoadErrors: Error: /Game/FirstPersonBP/Maps/FirstPersonExampleMap : Can't find file for asset. /Game/FirstPersonBP/Blueprints/FirstPersonCharacter
[2018.05.21-15.00.10:844][  0]LogLinker: Warning: Can't find file '/Game/FirstPersonBP/Blueprints/FirstPersonCharacter'
[2018.05.21-15.00.10:845][  0]LogLinker: Warning: Can't find file for asset '/Game/FirstPersonBP/Blueprints/FirstPersonCharacter' while loading ../../../../../../Users/1301641/Downloads/GiktHuv/AlgorithmsProject/MyProject/Content/FirstPersonBP/Maps/FirstPersonExampleMap.umap.
[2018.05.21-15.00.10:845][  0]LoadErrors: Error: /Game/FirstPersonBP/Maps/FirstPersonExampleMap : Can't find file for asset. /Game/FirstPersonBP/Blueprints/FirstPersonCharacter
[2018.05.21-15.00.10:845][  0]LogLinker: Warning: Can't find file '/Game/FirstPersonBP/Blueprints/FirstPersonCharacter'
[2018.05.21-15.00.10:845][  0]LogLinker: Warning: Can't find file for asset '/Game/FirstPersonBP/Blueprints/FirstPersonCharacter' while loading ../../../../../../Users/1301641/Downloads/GiktHuv/AlgorithmsProject/MyProject/Content/FirstPersonBP/Maps/FirstPersonExampleMap.umap.
[2018.05.21-15.00.10:845][  0]LoadErrors: Error: /Game/FirstPersonBP/Maps/FirstPersonExampleMap : Can't find file for asset. /Game/FirstPersonBP/Blueprints/FirstPersonCharacter
[2018.05.21-15.00.10:846][  0]LogLinker: Warning: Can't find file '/Game/FirstPersonBP/Blueprints/FirstPersonCharacter'
[2018.05.21-15.00.10:846][  0]LogLinker: Warning: Can't find file for asset '/Game/FirstPersonBP/Blueprints/FirstPersonCharacter' while loading NULL.
[2018.05.21-15.00.10:846][  0]LogLinker: Warning: Can't find file '/Game/FirstPersonBP/Blueprints/FirstPersonCharacter'
[2018.05.21-15.00.10:846][  0]LogLinker: Warning: Can't find file for asset '/Game/FirstPersonBP/Blueprints/FirstPersonCharacter' while loading NULL.
[2018.05.21-15.00.10:847][  0]LogLinker: Warning: Can't find file '/Game/FirstPersonBP/Blueprints/FirstPersonCharacter'
[2018.05.21-15.00.10:847][  0]LogLinker: Warning: Can't find file for asset '/Game/FirstPersonBP/Blueprints/FirstPersonCharacter' while loading NULL.
[2018.05.21-15.00.10:847][  0]LogLinker: Warning: Can't find file '/Game/FirstPersonBP/Blueprints/FirstPersonCharacter'
[2018.05.21-15.00.10:847][  0]LogLinker: Warning: Can't find file for asset '/Game/FirstPersonBP/Blueprints/FirstPersonCharacter' while loading NULL.
[2018.05.21-15.00.10:847][  0]LogLinker: Warning: Can't find file '/Game/FirstPersonBP/Blueprints/FirstPersonCharacter'
[2018.05.21-15.00.10:847][  0]LogLinker: Warning: Can't find file for asset '/Game/FirstPersonBP/Blueprints/FirstPersonCharacter' while loading NULL.
[2018.05.21-15.00.10:847][  0]LogLinker: Warning: Can't find file '/Game/FirstPersonBP/Blueprints/FirstPersonCharacter'
[2018.05.21-15.00.10:847][  0]LogLinker: Warning: Can't find file for asset '/Game/FirstPersonBP/Blueprints/FirstPersonCharacter' while loading NULL.
[2018.05.21-15.00.10:847][  0]LogLinker: Warning: Can't find file '/Game/FirstPersonBP/Maps/FirstPersonExampleMap_BuiltData'
[2018.05.21-15.00.10:847][  0]LogLinker: Warning: Can't find file for asset '/Game/FirstPersonBP/Maps/FirstPersonExampleMap_BuiltData' while loading NULL.
[2018.05.21-15.00.10:847][  0]LogLinker: Warning: Can't find file '/Game/FirstPersonBP/Blueprints/FirstPersonCharacter'
[2018.05.21-15.00.10:848][  0]LogLinker: Warning: Can't find file for asset '/Game/FirstPersonBP/Blueprints/FirstPersonCharacter' while loading NULL.
[2018.05.21-15.00.10:848][  0]LogLinker: Warning: Can't find file '/Game/FirstPersonBP/Blueprints/FirstPersonCharacter'
[2018.05.21-15.00.10:848][  0]LogLinker: Warning: Can't find file for asset '/Game/FirstPersonBP/Blueprints/FirstPersonCharacter' while loading NULL.
[2018.05.21-15.00.10:848][  0]LogLinker: Warning: Can't find file '/Game/FirstPersonBP/Blueprints/FirstPersonCharacter'
[2018.05.21-15.00.10:848][  0]LogLinker: Warning: Can't find file for asset '/Game/FirstPersonBP/Blueprints/FirstPersonCharacter' while loading NULL.
[2018.05.21-15.00.10:848][  0]LogLinker: Warning: Can't find file '/Game/FirstPersonBP/Maps/FirstPersonExampleMap_BuiltData'
[2018.05.21-15.00.10:848][  0]LogLinker: Warning: Can't find file for asset '/Game/FirstPersonBP/Maps/FirstPersonExampleMap_BuiltData' while loading NULL.
[2018.05.21-15.00.10:848][  0]LogLinker: Warning: Can't find file '/Game/FirstPersonBP/Blueprints/FirstPersonCharacter'
[2018.05.21-15.00.10:848][  0]LogLinker: Warning: Can't find file for asset '/Game/FirstPersonBP/Blueprints/FirstPersonCharacter' while loading NULL.
[2018.05.21-15.00.10:848][  0]LogLinker: Warning: Can't find file '/Game/FirstPersonBP/Blueprints/FirstPersonCharacter'
[2018.05.21-15.00.10:848][  0]LogLinker: Warning: Can't find file for asset '/Game/FirstPersonBP/Blueprints/FirstPersonCharacter' while loading NULL.
[2018.05.21-15.00.10:849][  0]LogLinker: Warning: Can't find file '/Game/FirstPersonBP/Blueprints/FirstPersonCharacter'
[2018.05.21-15.00.10:849][  0]LogLinker: Warning: Can't find file for asset '/Game/FirstPersonBP/Blueprints/FirstPersonCharacter' while loading NULL.
[2018.05.21-15.00.10:849][  0]LogLinker: Warning: Can't find file '/Game/FirstPersonBP/Blueprints/FirstPersonCharacter'
[2018.05.21-15.00.10:849][  0]LogLinker: Warning: Can't find file for asset '/Game/FirstPersonBP/Blueprints/FirstPersonCharacter' while loading NULL.
[2018.05.21-15.00.10:849][  0]LogLinker: Warning: Can't find file '/Game/FirstPersonBP/Blueprints/FirstPersonCharacter'
[2018.05.21-15.00.10:849][  0]LogLinker: Warning: Can't find file for asset '/Game/FirstPersonBP/Blueprints/FirstPersonCharacter' while loading NULL.
[2018.05.21-15.00.10:849][  0]LogLinker: Warning: Can't find file '/Game/FirstPersonBP/Blueprints/FirstPersonCharacter'
[2018.05.21-15.00.10:849][  0]LogLinker: Warning: Can't find file for asset '/Game/FirstPersonBP/Blueprints/FirstPersonCharacter' while loading NULL.
[2018.05.21-15.00.10:851][  0]LogLinker: Warning: Can't find file '/Game/FirstPersonBP/Blueprints/FirstPersonCharacter'
[2018.05.21-15.00.10:851][  0]LogLinker: Warning: Can't find file for asset '/Game/FirstPersonBP/Blueprints/FirstPersonCharacter' while loading NULL.
[2018.05.21-15.00.10:851][  0]LogLinker: Warning: Can't find file '/Game/FirstPersonBP/Blueprints/FirstPersonCharacter'
[2018.05.21-15.00.10:851][  0]LogLinker: Warning: Can't find file for asset '/Game/FirstPersonBP/Blueprints/FirstPersonCharacter' while loading NULL.
[2018.05.21-15.00.10:881][  0]LogLinker: Warning: Can't find file '/Game/FirstPersonBP/Blueprints/FirstPersonCharacter'
[2018.05.21-15.00.10:881][  0]LogLinker: Warning: Can't find file for asset '/Game/FirstPersonBP/Blueprints/FirstPersonCharacter' while loading NULL.
[2018.05.21-15.00.10:881][  0]LogLinker: Warning: Can't find file '/Game/FirstPersonBP/Blueprints/FirstPersonCharacter'
[2018.05.21-15.00.10:881][  0]LogLinker: Warning: Can't find file for asset '/Game/FirstPersonBP/Blueprints/FirstPersonCharacter' while loading NULL.
[2018.05.21-15.00.10:881][  0]LogLinker: Warning: Can't find file '/Game/FirstPersonBP/Blueprints/FirstPersonCharacter'
[2018.05.21-15.00.10:881][  0]LogLinker: Warning: Can't find file for asset '/Game/FirstPersonBP/Blueprints/FirstPersonCharacter' while loading NULL.
[2018.05.21-15.00.10:881][  0]LogLinker: Warning: Can't find file '/Game/FirstPersonBP/Blueprints/FirstPersonCharacter'
[2018.05.21-15.00.10:881][  0]LogLinker: Warning: Can't find file for asset '/Game/FirstPersonBP/Blueprints/FirstPersonCharacter' while loading NULL.
[2018.05.21-15.00.10:882][  0]LogLinker: Warning: Can't find file '/Game/FirstPersonBP/Blueprints/FirstPersonCharacter'
[2018.05.21-15.00.10:882][  0]LogLinker: Warning: Can't find file for asset '/Game/FirstPersonBP/Blueprints/FirstPersonCharacter' while loading NULL.
[2018.05.21-15.00.10:882][  0]LogLinker: Warning: Can't find file '/Game/FirstPersonBP/Blueprints/FirstPersonCharacter'
[2018.05.21-15.00.10:882][  0]LogLinker: Warning: Can't find file for asset '/Game/FirstPersonBP/Blueprints/FirstPersonCharacter' while loading NULL.
[2018.05.21-15.00.10:882][  0]LogLinker: Warning: Can't find file '/Game/FirstPersonBP/Blueprints/FirstPersonCharacter'
[2018.05.21-15.00.10:882][  0]LogLinker: Warning: Can't find file for asset '/Game/FirstPersonBP/Blueprints/FirstPersonCharacter' while loading NULL.
[2018.05.21-15.00.10:882][  0]LogLinker: Warning: Can't find file '/Game/FirstPersonBP/Blueprints/FirstPersonCharacter'
[2018.05.21-15.00.10:882][  0]LogLinker: Warning: Can't find file for asset '/Game/FirstPersonBP/Blueprints/FirstPersonCharacter' while loading NULL.
[2018.05.21-15.00.11:033][  0]LogLinker: Warning: Can't find file '/Game/FirstPersonBP/Blueprints/FirstPersonCharacter'
[2018.05.21-15.00.11:033][  0]LogLinker: Warning: Can't find file for asset '/Game/FirstPersonBP/Blueprints/FirstPersonCharacter' while loading NULL.
[2018.05.21-15.00.11:033][  0]LogLinker: Warning: Can't find file '/Game/FirstPersonBP/Blueprints/FirstPersonCharacter'
[2018.05.21-15.00.11:033][  0]LogLinker: Warning: Can't find file for asset '/Game/FirstPersonBP/Blueprints/FirstPersonCharacter' while loading NULL.
[2018.05.21-15.00.11:033][  0]LogLinker: Warning: Can't find file '/Game/FirstPersonBP/Blueprints/FirstPersonCharacter'
[2018.05.21-15.00.11:033][  0]LogLinker: Warning: Can't find file for asset '/Game/FirstPersonBP/Blueprints/FirstPersonCharacter' while loading NULL.
[2018.05.21-15.00.11:033][  0]LogLinker: Warning: Can't find file '/Game/FirstPersonBP/Blueprints/FirstPersonCharacter'
[2018.05.21-15.00.11:033][  0]LogLinker: Warning: Can't find file for asset '/Game/FirstPersonBP/Blueprints/FirstPersonCharacter' while loading NULL.
[2018.05.21-15.00.11:034][  0]LogLinker: Warning: Can't find file '/Game/FirstPersonBP/Blueprints/FirstPersonCharacter'
[2018.05.21-15.00.11:034][  0]LogLinker: Warning: Can't find file for asset '/Game/FirstPersonBP/Blueprints/FirstPersonCharacter' while loading NULL.
[2018.05.21-15.00.11:034][  0]LogLinker: Warning: Can't find file '/Game/FirstPersonBP/Blueprints/FirstPersonCharacter'
[2018.05.21-15.00.11:034][  0]LogLinker: Warning: Can't find file for asset '/Game/FirstPersonBP/Blueprints/FirstPersonCharacter' while loading NULL.
[2018.05.21-15.00.11:034][  0]LogLinker: Warning: Can't find file '/Game/FirstPersonBP/Blueprints/FirstPersonCharacter'
[2018.05.21-15.00.11:034][  0]LogLinker: Warning: Can't find file for asset '/Game/FirstPersonBP/Blueprints/FirstPersonCharacter' while loading NULL.
[2018.05.21-15.00.11:034][  0]LogLinker: Warning: Can't find file '/Game/FirstPersonBP/Blueprints/FirstPersonCharacter'
[2018.05.21-15.00.11:034][  0]LogLinker: Warning: Can't find file for asset '/Game/FirstPersonBP/Blueprints/FirstPersonCharacter' while loading NULL.
[2018.05.21-15.00.11:034][  0]LogLinker: Warning: Can't find file '/Game/FirstPersonBP/Blueprints/FirstPersonCharacter'
[2018.05.21-15.00.11:034][  0]LogLinker: Warning: Can't find file for asset '/Game/FirstPersonBP/Blueprints/FirstPersonCharacter' while loading NULL.
[2018.05.21-15.00.11:035][  0]LogLinker: Warning: Can't find file '/Game/FirstPersonBP/Blueprints/FirstPersonCharacter'
[2018.05.21-15.00.11:035][  0]LogLinker: Warning: Can't find file for asset '/Game/FirstPersonBP/Blueprints/FirstPersonCharacter' while loading NULL.
[2018.05.21-15.00.11:035][  0]LogLinker: Warning: Can't find file '/Game/FirstPersonBP/Blueprints/FirstPersonCharacter'
[2018.05.21-15.00.11:035][  0]LogLinker: Warning: Can't find file for asset '/Game/FirstPersonBP/Blueprints/FirstPersonCharacter' while loading NULL.
[2018.05.21-15.00.11:035][  0]LogLinker: Warning: Can't find file '/Game/FirstPersonBP/Blueprints/FirstPersonCharacter'
[2018.05.21-15.00.11:035][  0]LogLinker: Warning: Can't find file for asset '/Game/FirstPersonBP/Blueprints/FirstPersonCharacter' while loading NULL.
[2018.05.21-15.00.11:035][  0]LogLinker: Warning: Can't find file '/Game/FirstPersonBP/Blueprints/FirstPersonCharacter'
[2018.05.21-15.00.11:035][  0]LogLinker: Warning: Can't find file for asset '/Game/FirstPersonBP/Blueprints/FirstPersonCharacter' while loading NULL.
[2018.05.21-15.00.11:035][  0]LogLinker: Warning: Can't find file '/Game/FirstPersonBP/Blueprints/FirstPersonCharacter'
[2018.05.21-15.00.11:035][  0]LogLinker: Warning: Can't find file for asset '/Game/FirstPersonBP/Blueprints/FirstPersonCharacter' while loading NULL.
[2018.05.21-15.00.11:036][  0]LogLinker: Warning: Can't find file '/Game/FirstPersonBP/Blueprints/FirstPersonCharacter'
[2018.05.21-15.00.11:036][  0]LogLinker: Warning: Can't find file for asset '/Game/FirstPersonBP/Blueprints/FirstPersonCharacter' while loading NULL.
[2018.05.21-15.00.11:036][  0]LogLinker: Warning: Can't find file '/Game/FirstPersonBP/Blueprints/FirstPersonCharacter'
[2018.05.21-15.00.11:036][  0]LogLinker: Warning: Can't find file for asset '/Game/FirstPersonBP/Blueprints/FirstPersonCharacter' while loading NULL.
[2018.05.21-15.00.11:241][  0]LogLinker: Warning: Can't find file '/Game/FirstPersonBP/Maps/FirstPersonExampleMap_BuiltData'
[2018.05.21-15.00.11:241][  0]LoadErrors: Failed to load /Game/FirstPersonBP/Maps/FirstPersonExampleMap_BuiltData.FirstPersonExampleMap_BuiltData Referenced by PersistentLevel
[2018.05.21-15.00.11:241][  0]LogLinker: Warning: Can't find file for asset '/Game/FirstPersonBP/Maps/FirstPersonExampleMap_BuiltData' while loading NULL.
[2018.05.21-15.00.11:241][  0]LoadErrors: Failed to load /Game/FirstPersonBP/Maps/FirstPersonExampleMap_BuiltData.FirstPersonExampleMap_BuiltData Referenced by PersistentLevel
[2018.05.21-15.00.11:241][  0]LogLinker: Warning: Can't find file '/Game/FirstPersonBP/Blueprints/FirstPersonCharacter'
[2018.05.21-15.00.11:242][  0]LogLinker: Warning: Can't find file for asset '/Game/FirstPersonBP/Blueprints/FirstPersonCharacter' while loading NULL.
[2018.05.21-15.00.11:242][  0]LogLinker: Warning: Can't find file '/Game/FirstPersonBP/Blueprints/FirstPersonCharacter'
[2018.05.21-15.00.11:242][  0]LoadErrors: Failed to load /Game/FirstPersonBP/Blueprints/FirstPersonCharacter.FirstPersonCharacter_C Referenced by PersistentLevel
[2018.05.21-15.00.11:242][  0]LogLinker: Warning: Can't find file for asset '/Game/FirstPersonBP/Blueprints/FirstPersonCharacter' while loading NULL.
[2018.05.21-15.00.11:242][  0]LoadErrors: Failed to load /Game/FirstPersonBP/Blueprints/FirstPersonCharacter.FirstPersonCharacter_C Referenced by PersistentLevel
[2018.05.21-15.00.11:641][  0]LogAIModule: Creating AISystem for world FirstPersonExampleMap
[2018.05.21-15.00.12:466][  0]LogEditorServer: Finished looking for orphan Actors (0.000 secs)
[2018.05.21-15.00.12:564][  0]Cmd: MAP CHECKDEP NOCLEARLOG
[2018.05.21-15.00.12:644][  0]MapCheck: Map check complete: 0 Error(s), 0 Warning(s), took 80.488ms to complete.
[2018.05.21-15.00.12:644][  0]LogFileHelpers: Loading map 'FirstPersonExampleMap' took 2.007
[2018.05.21-15.00.12:826][  0]LogCollectionManager: Loaded 0 collections in 0.001163 seconds
[2018.05.21-15.00.12:955][  0]LogFileCache: Scanning file cache for directory 'C:/Users/1301641/Downloads/GiktHuv/AlgorithmsProject/MyProject/Saved/Collections/' took 0.01s
[2018.05.21-15.00.12:955][  0]LogFileCache: Scanning file cache for directory 'C:/Users/1301641/Downloads/GiktHuv/AlgorithmsProject/MyProject/Content/Developers/1301641/Collections/' took 0.01s
[2018.05.21-15.00.12:955][  0]LogFileCache: Scanning file cache for directory 'C:/Users/1301641/Downloads/GiktHuv/AlgorithmsProject/MyProject/Content/Collections/' took 0.01s
[2018.05.21-15.00.12:955][  0]LogCollectionManager: Rebuilt the GUID cache for 0 collections in 0.000000 seconds
[2018.05.21-15.00.12:962][  0]LogContentBrowser: Native class hierarchy populated in 0.0070 seconds. Added 2386 classes and 500 folders.
[2018.05.21-15.00.13:062][  0]LogContentBrowser: Native class hierarchy updated for 'WidgetCarousel' in 0.0005 seconds. Added 0 classes and 0 folders.
[2018.05.21-15.00.13:113][  0]LogContentBrowser: Native class hierarchy updated for 'AddContentDialog' in 0.0006 seconds. Added 0 classes and 0 folders.
[2018.05.21-15.00.13:186][  0]LogContentBrowser: Native class hierarchy updated for 'SceneOutliner' in 0.0006 seconds. Added 1 classes and 2 folders.
[2018.05.21-15.00.13:204][  0]LogSlate: Took 0.000294 seconds to synchronously load lazily loaded font '../../../Engine/Content/Slate/Fonts/Roboto-Regular.ttf' (155K)
[2018.05.21-15.00.13:207][  0]LogSlate: Took 0.000439 seconds to synchronously load lazily loaded font '../../../Engine/Content/Slate/Fonts/Roboto-Bold.ttf' (160K)
[2018.05.21-15.00.13:211][  0]LogSlate: Took 0.000251 seconds to synchronously load lazily loaded font '../../../Engine/Content/Editor/Slate/Fonts/FontAwesome.ttf' (139K)
[2018.05.21-15.00.13:312][  0]LogRenderer: Reallocating scene render targets to support 1208x576 Format 10 NumSamples 1 (Frame:1).
[2018.05.21-15.00.13:546][  0]LogContentBrowser: Native class hierarchy updated for 'HierarchicalLODOutliner' in 0.0006 seconds. Added 1 classes and 2 folders.
[2018.05.21-15.00.13:546][  0]LogLoad: (Engine Initialization) Total time: 24.12 seconds
[2018.05.21-15.00.13:546][  0]LogLoad: (Engine Initialization) Total Blueprint compile time: 0.00 seconds
[2018.05.21-15.00.13:547][  0]LogExternalProfiler: Found external profiler: VSPerf
[2018.05.21-15.00.13:547][  0]LogExternalProfiler: Using external profiler: VSPerf
[2018.05.21-15.00.13:557][  0]LoadErrors: Warning: CreateExport: Failed to load Outer for resource 'Arrow': FirstPersonCharacter_C /Game/FirstPersonBP/Maps/FirstPersonExampleMap.FirstPersonExampleMap:PersistentLevel.FirstPersonCharacter_C_1
[2018.05.21-15.00.13:557][  0]LoadErrors: Warning: CreateExport: Failed to load Outer for resource 'FirstPersonCamera': FirstPersonCharacter_C /Game/FirstPersonBP/Maps/FirstPersonExampleMap.FirstPersonExampleMap:PersistentLevel.FirstPersonCharacter_C_1
[2018.05.21-15.00.13:557][  0]LoadErrors: Warning: CreateExport: Failed to load Outer for resource 'CollisionCylinder': FirstPersonCharacter_C /Game/FirstPersonBP/Maps/FirstPersonExampleMap.FirstPersonExampleMap:PersistentLevel.FirstPersonCharacter_C_1
[2018.05.21-15.00.13:557][  0]LoadErrors: Warning: CreateExport: Failed to load Outer for resource 'CharMoveComp': FirstPersonCharacter_C /Game/FirstPersonBP/Maps/FirstPersonExampleMap.FirstPersonExampleMap:PersistentLevel.FirstPersonCharacter_C_1
[2018.05.21-15.00.13:557][  0]LoadErrors: Warning: CreateExport: Failed to load Outer for resource 'L_MotionController': FirstPersonCharacter_C /Game/FirstPersonBP/Maps/FirstPersonExampleMap.FirstPersonExampleMap:PersistentLevel.FirstPersonCharacter_C_1
[2018.05.21-15.00.13:557][  0]LoadErrors: Warning: CreateExport: Failed to load Outer for resource 'R_MotionController': FirstPersonCharacter_C /Game/FirstPersonBP/Maps/FirstPersonExampleMap.FirstPersonExampleMap:PersistentLevel.FirstPersonCharacter_C_1
[2018.05.21-15.00.13:557][  0]LoadErrors: Warning: CreateExport: Failed to load Outer for resource 'CharacterMesh0': FirstPersonCharacter_C /Game/FirstPersonBP/Maps/FirstPersonExampleMap.FirstPersonExampleMap:PersistentLevel.FirstPersonCharacter_C_1
[2018.05.21-15.00.13:557][  0]LoadErrors: Warning: CreateExport: Failed to load Outer for resource 'FP_Gun': FirstPersonCharacter_C /Game/FirstPersonBP/Maps/FirstPersonExampleMap.FirstPersonExampleMap:PersistentLevel.FirstPersonCharacter_C_1
[2018.05.21-15.00.13:557][  0]LoadErrors: Warning: CreateExport: Failed to load Outer for resource 'Mesh2P': FirstPersonCharacter_C /Game/FirstPersonBP/Maps/FirstPersonExampleMap.FirstPersonExampleMap:PersistentLevel.FirstPersonCharacter_C_1
[2018.05.21-15.00.13:557][  0]LoadErrors: Warning: CreateExport: Failed to load Outer for resource 'VR_Gun': FirstPersonCharacter_C /Game/FirstPersonBP/Maps/FirstPersonExampleMap.FirstPersonExampleMap:PersistentLevel.FirstPersonCharacter_C_1
[2018.05.21-15.00.13:558][  0]LoadErrors: Warning: CreateExport: Failed to load Outer for resource 'Sphere': FirstPersonCharacter_C /Game/FirstPersonBP/Maps/FirstPersonExampleMap.FirstPersonExampleMap:PersistentLevel.FirstPersonCharacter_C_1
[2018.05.21-15.00.13:558][  0]LoadErrors: Warning: CreateExport: Failed to load Outer for resource 'VR_Marker': FirstPersonCharacter_C /Game/FirstPersonBP/Maps/FirstPersonExampleMap.FirstPersonExampleMap:PersistentLevel.FirstPersonCharacter_C_1
[2018.05.21-15.00.13:586][  0]LogAssetRegistry: Asset discovery search completed in 17.1726 seconds
[2018.05.21-15.00.13:588][  0]LogCollectionManager: Rebuilt the object cache for 0 collections in 0.000000 seconds (found 0 objects)
[2018.05.21-15.00.13:588][  0]LogCollectionManager: Fixed up redirectors for 0 collections in 0.000030 seconds (updated 0 objects)
[2018.05.21-15.00.13:590][  0]LogContentStreaming: Texture pool size now 1000 MB
[2018.05.21-15.00.13:635][  0]LogSlate: Took 0.000365 seconds to synchronously load lazily loaded font '../../../Engine/Content/Slate/Fonts/Roboto-Light.ttf' (159K)
[2018.05.21-15.00.13:672][  1]LogFileCache: Retrieving MD5 hashes for directory 'C:/Users/1301641/Downloads/GiktHuv/AlgorithmsProject/MyProject/Content/' took 0.10s
[2018.05.21-15.00.26:640][510]LogSlate: Took 0.000253 seconds to synchronously load lazily loaded font '../../../Engine/Content/Slate/Fonts/Roboto-Light.ttf' (159K)
[2018.05.21-15.00.27:017][510]LogAIModule: Creating AISystem for world GridPuzzle_02
[2018.05.21-15.00.27:049][510]Cmd: MAP LOAD FILE="../../../../../../Users/1301641/Downloads/GiktHuv/AlgorithmsProject/MyProject/Content/Maps/GridPuzzle_02.umap" TEMPLATE=0 SHOWPROGRESS=1 FEATURELEVEL=3
[2018.05.21-15.00.27:050][510]LightingResults: New page: Lighting Build
[2018.05.21-15.00.27:050][510]LoadErrors: New page: Loading map: GridPuzzle_02.umap
[2018.05.21-15.00.27:062][510]MapCheck: New page: Map Check
[2018.05.21-15.00.27:062][510]LightingResults: New page: Lighting Build
[2018.05.21-15.00.27:110][510]LogEditorServer: Finished looking for orphan Actors (0.000 secs)
[2018.05.21-15.00.27:143][510]Cmd: MAP CHECKDEP NOCLEARLOG
[2018.05.21-15.00.27:236][510]MapCheck: Map check complete: 0 Error(s), 0 Warning(s), took 92.691ms to complete.
[2018.05.21-15.00.27:237][510]LogFileHelpers: Loading map 'GridPuzzle_02' took 0.188
[2018.05.21-15.00.34:303][339]MapCheck: New page: Map Check
[2018.05.21-15.00.34:317][339]LightingResults: New page: Lighting Build - 21 May 2018 17:00:34
[2018.05.21-15.00.34:360][339]LogSwarmInterface: [OpenConnection] Registering TCP channel ...
[2018.05.21-15.00.34:395][339]LogSwarmInterface: [OpenConnection] Connecting to agent ...
[2018.05.21-15.00.34:413][339]LogSwarmInterface: [TryOpenConnection] Testing the Agent
[2018.05.21-15.00.34:942][339]LogSwarmInterface: [TryOpenConnection] Opening Connection to Agent
[2018.05.21-15.00.34:942][339]LogSwarmInterface: [TryOpenConnection] Local Process ID is 7996
[2018.05.21-15.00.38:892][339]LogStaticLightingSystem: Warning: No importance volume found, so the scene bounding box was used.  You can optimize your scene's quality and lighting build times by adding importance volumes.
[2018.05.21-15.00.38:892][339]LogStaticLightingSystem: Running Lightmass w/ ImmediateImport mode ENABLED
[2018.05.21-15.00.38:892][339]LogStaticLightingSystem: Running Lightmass w/ ImmediateProcess mode ENABLED
[2018.05.21-15.00.38:892][339]LogStaticLightingSystem: Running Lightmass w/ Sorting mode ENABLED
[2018.05.21-15.00.38:892][339]LogStaticLightingSystem: Running Lightmass w/ Mapping paddings ENABLED
[2018.05.21-15.00.38:892][339]LogStaticLightingSystem: Running Lightmass w/ Mapping debug paddings DISABLED
[2018.05.21-15.00.39:017][339]LogEditorBuildUtils: Build time 0:04
[2018.05.21-15.00.39:034][339]LogMaterial: Missing cached shader map for material FLightmassMaterialRenderer M_Wood_Pine, compiling. 
[2018.05.21-15.00.39:053][339]LogMaterial: Missing cached shader map for material FLightmassMaterialRenderer M_Wood_Pine, compiling. 
[2018.05.21-15.00.43:170][650]Job is a success!
[2018.05.21-15.00.43:911][651]LogTexture: Display: Building textures: HQ_Lightmap0_1 (AutoDXT, 1024X1024)
[2018.05.21-15.00.43:911][651]LogTexture: Display: Building textures: LQ_Lightmap_0_1 (DXT1, 1024X1024)
[2018.05.21-15.00.43:911][651]LogTexture: Display: Building textures: HQ_Lightmap0_2 (AutoDXT, 1024X1024)
[2018.05.21-15.00.43:911][651]LogTexture: Display: Building textures: LQ_Lightmap_0_2 (DXT1, 1024X1024)
[2018.05.21-15.00.44:112][651]LogTexture: Display: Building textures: ShadowMapTexture2D_0 (BGRA8, 1024X1024)
[2018.05.21-15.00.44:170][651]Lightmass on MC11672: 3.90 sec total, 85 ms importing, 19 ms setup, 534 ms photons, 3.24 sec processing, 0 ms extra exporting [196/196 mappings]. Threads: 22.5 sec total, 12.7 sec processing.
[2018.05.21-15.00.44:189][651]LogStaticLightingSystem: Illumination: 9.85 sec (620 ms encoding lightmaps, 232 ms encoding shadowmaps)
[2018.05.21-15.00.44:189][651]LogStaticLightingSystem: Lightmap texture memory:  4.0 MB (4.0 MB streaming, 0.0 MB non-streaming), 4 textures
[2018.05.21-15.00.44:189][651]LogStaticLightingSystem: Shadowmap texture memory: 5.3 MB (5.3 MB streaming, 0.0 MB non-streaming), 1 textures
[2018.05.21-15.00.44:895][651]DumpUnbuiltLightIteractions
[2018.05.21-15.00.44:895][651]Lights with unbuilt interactions: 0
[2018.05.21-15.00.44:895][651]
[2018.05.21-15.00.44:895][651]Primitives with unbuilt interactions: 0
[2018.05.21-15.00.44:906][652]Cmd: MAP CHECK NOTIFYRESULTS
[2018.05.21-15.00.44:906][652]MapCheck: New page: GridPuzzle_02 - 21 May 2018 17:00:44
[2018.05.21-15.00.44:922][652]MapCheck: Warning: Cube137_177 Cube137_177 is in the same location as Cube139_183 
[2018.05.21-15.00.44:923][652]MapCheck: Warning: Cube139_183 Cube139_183 is in the same location as Cube137_177 
[2018.05.21-15.00.44:923][652]MapCheck: Warning: Cube146_212 Cube146_212 is in the same location as Cube156 
[2018.05.21-15.00.44:923][652]MapCheck: Warning: Cube155 Cube155 is in the same location as Cube87 
[2018.05.21-15.00.44:923][652]MapCheck: Warning: Cube156 Cube156 is in the same location as Cube146_212 
[2018.05.21-15.00.44:926][652]MapCheck: Warning: Cube78 Cube78 is in the same location as Cube80 
[2018.05.21-15.00.44:927][652]MapCheck: Warning: Cube80 Cube80 is in the same location as Cube78 
[2018.05.21-15.00.44:927][652]MapCheck: Warning: Cube87 Cube87 is in the same location as Cube155 
[2018.05.21-15.00.44:928][652]MapCheck: Warning: SkyboxBP_596 Large actor receives a pre-shadow and will cause an extreme performance hit unless bCastDynamicShadow is set to false. 
[2018.05.21-15.00.45:032][652]MapCheck: Map check complete: 0 Error(s), 9 Warning(s), took 126.76ms to complete.
[2018.05.21-15.00.58:271][163]LogSavePackage: Save=277.61ms
[2018.05.21-15.00.58:271][163]LogSavePackage: Moving '../../../../../../Users/1301641/Downloads/GiktHuv/AlgorithmsProject/MyProject/Saved/GridPuzzle_02B09F596548E136754E03B785B61079B0.tmp' to '../../../../../../Users/1301641/Downloads/GiktHuv/AlgorithmsProject/MyProject/Content/Maps/GridPuzzle_02.umap'
[2018.05.21-15.00.58:275][163]LogSavePackage: Display: Finished SavePackage ../../../../../../Users/1301641/Downloads/GiktHuv/AlgorithmsProject/MyProject/Content/Maps/GridPuzzle_02.umap
[2018.05.21-15.00.58:301][163]LogFileHelpers: Saving map 'GridPuzzle_02' took 0.415
[2018.05.21-15.00.58:486][163]LogSavePackage: Save=172.51ms
[2018.05.21-15.00.58:487][163]LogSavePackage: Moving '../../../../../../Users/1301641/Downloads/GiktHuv/AlgorithmsProject/MyProject/Saved/GridPuzzle_02_BuiltDataCB7ACCB34EEE77E4DAB0ECBB3E1E3661.tmp' to '../../../../../../Users/1301641/Downloads/GiktHuv/AlgorithmsProject/MyProject/Content/Maps/GridPuzzle_02_BuiltData.uasset'
[2018.05.21-15.00.58:491][163]LogSavePackage: Display: Finished SavePackage ../../../../../../Users/1301641/Downloads/GiktHuv/AlgorithmsProject/MyProject/Content/Maps/GridPuzzle_02_BuiltData.uasset
[2018.05.21-15.01.00:095][327]Cmd: QUIT_EDITOR
[2018.05.21-15.01.00:122][327]LogExit: Preparing to exit.
[2018.05.21-15.01.00:552][327]LogDirectoryWatcher: A directory notification for 'C:/Users/1301641/Downloads/GiktHuv/AlgorithmsProject/MyProject/Content/' was aborted.
[2018.05.21-15.01.00:588][327]LogExit: Editor shut down
[2018.05.21-15.01.00:590][327]LogExit: Transaction tracking system shut down
[2018.05.21-15.01.00:816][327]LogDirectoryWatcher: A directory notification for '../../../Engine/Content/' was aborted.
[2018.05.21-15.01.00:816][327]LogDirectoryWatcher: A directory notification for '../../../../../../Users/1301641/Downloads/GiktHuv/AlgorithmsProject/MyProject/Content/' was aborted.
[2018.05.21-15.01.00:816][327]LogDirectoryWatcher: A directory notification for '../../../Engine/Plugins/2D/Paper2D/Content/' was aborted.
[2018.05.21-15.01.00:816][327]LogDirectoryWatcher: A directory notification for '../../../Engine/Plugins/Runtime/Oculus/OculusVR/Content/' was aborted.
[2018.05.21-15.01.00:816][327]LogDirectoryWatcher: A directory notification for '../../../Engine/Plugins/Runtime/Steam/SteamVR/Content/' was aborted.
[2018.05.21-15.01.00:885][327]LogExit: Object subsystem successfully closed.
[2018.05.21-15.01.01:115][327]LogD3D11RHI: Shutdown
[2018.05.21-15.01.01:115][327]LogD3D11RHI: CleanupD3DDevice
[2018.05.21-15.01.01:268][327]LogD3D11RHI: ~FD3D11DynamicRHI
[2018.05.21-15.01.01:285][327]LogModuleManager: Shutting down and abandoning module HierarchicalLODOutliner (530)
[2018.05.21-15.01.01:285][327]LogModuleManager: Shutting down and abandoning module SceneOutliner (528)
[2018.05.21-15.01.01:285][327]LogModuleManager: Shutting down and abandoning module AddContentDialog (526)
[2018.05.21-15.01.01:285][327]LogDirectoryWatcher: A directory notification for 'C:/Program Files (x86)/Epic Games/UE_4.17/FeaturePacks/' was aborted.
[2018.05.21-15.01.01:286][327]LogModuleManager: Shutting down and abandoning module WidgetCarousel (525)
[2018.05.21-15.01.01:286][327]LogModuleManager: Shutting down and abandoning module EditorWidgets (522)
[2018.05.21-15.01.01:286][327]LogModuleManager: Shutting down and abandoning module CollectionManager (520)
[2018.05.21-15.01.01:286][327]LogDirectoryWatcher: A directory notification for 'C:/Users/1301641/Downloads/GiktHuv/AlgorithmsProject/MyProject/Content/Collections/' was aborted.
[2018.05.21-15.01.01:286][327]LogDirectoryWatcher: A directory notification for 'C:/Users/1301641/Downloads/GiktHuv/AlgorithmsProject/MyProject/Content/Developers/1301641/Collections/' was aborted.
[2018.05.21-15.01.01:286][327]LogDirectoryWatcher: A directory notification for 'C:/Users/1301641/Downloads/GiktHuv/AlgorithmsProject/MyProject/Saved/Collections/' was aborted.
[2018.05.21-15.01.01:286][327]LogModuleManager: Shutting down and abandoning module StatsViewer (518)
[2018.05.21-15.01.01:286][327]LogModuleManager: Shutting down and abandoning module FoliageEdit (516)
[2018.05.21-15.01.01:286][327]LogModuleManager: Shutting down and abandoning module LandscapeEditor (514)
[2018.05.21-15.01.01:286][327]LogModuleManager: Shutting down and abandoning module MeshPaintMode (512)
[2018.05.21-15.01.01:286][327]LogModuleManager: Shutting down and abandoning module SceneDepthPickerMode (510)
[2018.05.21-15.01.01:286][327]LogModuleManager: Shutting down and abandoning module ActorPickerMode (508)
[2018.05.21-15.01.01:286][327]LogModuleManager: Shutting down and abandoning module GeometryMode (506)
[2018.05.21-15.01.01:286][327]LogModuleManager: Shutting down and abandoning module TextureAlignMode (504)
[2018.05.21-15.01.01:286][327]LogModuleManager: Shutting down and abandoning module BspMode (502)
[2018.05.21-15.01.01:286][327]LogModuleManager: Shutting down and abandoning module PIEPreviewDeviceProfileSelector (500)
[2018.05.21-15.01.01:286][327]LogModuleManager: Shutting down and abandoning module HardwareSurvey (498)
[2018.05.21-15.01.01:286][327]LogModuleManager: Shutting down and abandoning module SequenceRecorderSections (496)
[2018.05.21-15.01.01:286][327]LogModuleManager: Shutting down and abandoning module AutomationWorker (494)
[2018.05.21-15.01.01:286][327]LogModuleManager: Shutting down and abandoning module MatineeToLevelSequence (492)
[2018.05.21-15.01.01:286][327]LogModuleManager: Shutting down and abandoning module LevelSequenceEditor (490)
[2018.05.21-15.01.01:287][327]LogModuleManager: Shutting down and abandoning module PlacementMode (489)
[2018.05.21-15.01.01:287][327]LogModuleManager: Shutting down and abandoning module WmfMediaFactory (486)
[2018.05.21-15.01.01:287][327]LogModuleManager: Shutting down and abandoning module WmfMediaEditor (484)
[2018.05.21-15.01.01:287][327]LogModuleManager: Shutting down and abandoning module AvfMediaFactory (482)
[2018.05.21-15.01.01:287][327]LogModuleManager: Shutting down and abandoning module AvfMediaEditor (480)
[2018.05.21-15.01.01:287][327]LogModuleManager: Shutting down and abandoning module AndroidMediaFactory (478)
[2018.05.21-15.01.01:287][327]LogModuleManager: Shutting down and abandoning module Media (477)
[2018.05.21-15.01.01:287][327]LogModuleManager: Shutting down and abandoning module AndroidMediaEditor (474)
[2018.05.21-15.01.01:287][327]LogModuleManager: Shutting down and abandoning module CharacterAI (472)
[2018.05.21-15.01.01:287][327]LogModuleManager: Shutting down and abandoning module AudioCapture (470)
[2018.05.21-15.01.01:287][327]LogModuleManager: Shutting down and abandoning module SequenceRecorder (469)
[2018.05.21-15.01.01:287][327]LogModuleManager: Shutting down and abandoning module SmartSnapping (466)
[2018.05.21-15.01.01:287][327]LogModuleManager: Shutting down and abandoning module SessionServices (464)
[2018.05.21-15.01.01:287][327]LogModuleManager: Shutting down and abandoning module ViewportSnapping (462)
[2018.05.21-15.01.01:287][327]LogModuleManager: Shutting down and abandoning module ViewportInteraction (460)
[2018.05.21-15.01.01:287][327]LogModuleManager: Shutting down and abandoning module ClothPainter (458)
[2018.05.21-15.01.01:287][327]LogModuleManager: Shutting down and abandoning module LogVisualizer (456)
[2018.05.21-15.01.01:287][327]LogModuleManager: Shutting down and abandoning module IntroTutorials (454)
[2018.05.21-15.01.01:287][327]LogModuleManager: Shutting down and abandoning module GameProjectGeneration (453)
[2018.05.21-15.01.01:287][327]LogModuleManager: Shutting down and abandoning module IOSPlatformEditor (450)
[2018.05.21-15.01.01:287][327]LogModuleManager: Shutting down and abandoning module HTML5PlatformEditor (448)
[2018.05.21-15.01.01:287][327]LogModuleManager: Shutting down and abandoning module AndroidPlatformEditor (446)
[2018.05.21-15.01.01:287][327]LogModuleManager: Shutting down and abandoning module AndroidDeviceDetection (445)
[2018.05.21-15.01.01:524][327]LogModuleManager: Shutting down and abandoning module WindowsPlatformEditor (442)
[2018.05.21-15.01.01:524][327]LogModuleManager: Shutting down and abandoning module IOSRuntimeSettings (440)
[2018.05.21-15.01.01:524][327]LogModuleManager: Shutting down and abandoning module AndroidRuntimeSettings (438)
[2018.05.21-15.01.01:524][327]LogModuleManager: Shutting down and abandoning module InputBindingEditor (436)
[2018.05.21-15.01.01:524][327]LogModuleManager: Shutting down and abandoning module MergeActors (434)
[2018.05.21-15.01.01:524][327]LogModuleManager: Shutting down and abandoning module SizeMap (432)
[2018.05.21-15.01.01:524][327]LogModuleManager: Shutting down and abandoning module TreeMap (430)
[2018.05.21-15.01.01:524][327]LogModuleManager: Shutting down and abandoning module ReferenceViewer (428)
[2018.05.21-15.01.01:524][327]LogModuleManager: Shutting down and abandoning module LocalizationDashboard (426)
[2018.05.21-15.01.01:525][327]LogModuleManager: Shutting down and abandoning module LocalizationService (425)
[2018.05.21-15.01.01:525][327]LogModuleManager: Shutting down and abandoning module HardwareTargeting (422)
[2018.05.21-15.01.01:525][327]LogModuleManager: Shutting down and abandoning module DeviceProfileEditor (420)
[2018.05.21-15.01.01:525][327]LogModuleManager: Shutting down and abandoning module UndoHistory (418)
[2018.05.21-15.01.01:525][327]LogModuleManager: Shutting down and abandoning module XmlParser (416)
[2018.05.21-15.01.01:525][327]LogModuleManager: Shutting down and abandoning module Blutility (414)
[2018.05.21-15.01.01:525][327]LogModuleManager: Shutting down and abandoning module ProjectSettingsViewer (412)
[2018.05.21-15.01.01:525][327]LogModuleManager: Shutting down and abandoning module ProjectTargetPlatformEditor (411)
[2018.05.21-15.01.01:526][327]LogModuleManager: Shutting down and abandoning module EditorSettingsViewer (408)
[2018.05.21-15.01.01:526][327]LogModuleManager: Shutting down and abandoning module SettingsEditor (406)
[2018.05.21-15.01.01:526][327]LogModuleManager: Shutting down and abandoning module ProjectLauncher (404)
[2018.05.21-15.01.01:526][327]LogModuleManager: Shutting down and abandoning module SessionFrontend (402)
[2018.05.21-15.01.01:526][327]LogModuleManager: Shutting down and abandoning module ProfilerClient (400)
[2018.05.21-15.01.01:526][327]LogModuleManager: Shutting down and abandoning module DeviceManager (398)
[2018.05.21-15.01.01:526][327]LogModuleManager: Shutting down and abandoning module TargetDeviceServices (397)
[2018.05.21-15.01.01:566][327]LogModuleManager: Shutting down and abandoning module AutomationController (394)
[2018.05.21-15.01.01:566][327]LogModuleManager: Shutting down and abandoning module AutomationWindow (392)
[2018.05.21-15.01.01:566][327]LogModuleManager: Shutting down and abandoning module Layers (390)
[2018.05.21-15.01.01:566][327]LogModuleManager: Shutting down and abandoning module ComponentVisualizers (388)
[2018.05.21-15.01.01:566][327]LogModuleManager: Shutting down and abandoning module DetailCustomizations (386)
[2018.05.21-15.01.01:566][327]LogModuleManager: Shutting down and abandoning module PackagesDialog (384)
[2018.05.21-15.01.01:567][327]LogModuleManager: Shutting down and abandoning module Persona (382)
[2018.05.21-15.01.01:567][327]LogModuleManager: Shutting down and abandoning module AdvancedPreviewScene (381)
[2018.05.21-15.01.01:567][327]LogModuleManager: Shutting down and abandoning module AnimGraph (379)
[2018.05.21-15.01.01:567][327]LogModuleManager: Shutting down and abandoning module Kismet (376)
[2018.05.21-15.01.01:569][327]LogModuleManager: Shutting down and abandoning module ClassViewer (374)
[2018.05.21-15.01.01:569][327]LogModuleManager: Shutting down and abandoning module Toolbox (372)
[2018.05.21-15.01.01:569][327]LogModuleManager: Shutting down and abandoning module ModuleUI (370)
[2018.05.21-15.01.01:569][327]LogModuleManager: Shutting down and abandoning module MovieSceneTools (368)
[2018.05.21-15.01.01:569][327]LogModuleManager: Shutting down and abandoning module OutputLog (366)
[2018.05.21-15.01.01:569][327]LogModuleManager: Shutting down and abandoning module GammaUI (364)
[2018.05.21-15.01.01:569][327]LogModuleManager: Shutting down and abandoning module Documentation (362)
[2018.05.21-15.01.01:569][327]LogModuleManager: Shutting down and abandoning module MovieSceneTracks (360)
[2018.05.21-15.01.01:569][327]LogModuleManager: Shutting down and abandoning module MovieScene (358)
[2018.05.21-15.01.01:569][327]LogModuleManager: Shutting down and abandoning module Niagara (356)
[2018.05.21-15.01.01:569][327]LogModuleManager: Shutting down and abandoning module NiagaraEditor (355)
[2018.05.21-15.01.01:570][327]LogModuleManager: Shutting down and abandoning module StreamingPauseRendering (352)
[2018.05.21-15.01.01:570][327]LogModuleManager: Shutting down and abandoning module LauncherPlatform (350)
[2018.05.21-15.01.01:570][327]LogModuleManager: Shutting down and abandoning module AnalyticsET (348)
[2018.05.21-15.01.01:570][327]LogModuleManager: Shutting down and abandoning module PortalServices (346)
[2018.05.21-15.01.01:570][327]LogModuleManager: Shutting down and abandoning module PortalRpc (344)
[2018.05.21-15.01.01:570][327]LogModuleManager: Shutting down and abandoning module MessagingRpc (342)
[2018.05.21-15.01.01:570][327]LogModuleManager: Shutting down and abandoning module AIModule (340)
[2018.05.21-15.01.01:570][327]LogModuleManager: Shutting down and abandoning module GameplayDebugger (339)
[2018.05.21-15.01.01:570][327]LogModuleManager: Shutting down and abandoning module AITestSuite (337)
[2018.05.21-15.01.01:570][327]LogModuleManager: Shutting down and abandoning module ProfilerService (334)
[2018.05.21-15.01.01:709][327]LogModuleManager: Shutting down and abandoning module TaskGraph (332)
[2018.05.21-15.01.01:709][327]LogModuleManager: Shutting down and abandoning module SteamVRController (330)
[2018.05.21-15.01.01:709][327]LogModuleManager: Shutting down and abandoning module ProceduralMeshComponentEditor (328)
[2018.05.21-15.01.01:709][327]LogModuleManager: Shutting down and abandoning module ProceduralMeshComponent (326)
[2018.05.21-15.01.01:709][327]LogModuleManager: Shutting down and abandoning module OculusInput (324)
[2018.05.21-15.01.01:709][327]LogModuleManager: Shutting down and abandoning module MobilePatchingUtils (322)
[2018.05.21-15.01.01:709][327]LogModuleManager: Shutting down and abandoning module CustomMeshComponent (320)
[2018.05.21-15.01.01:710][327]LogModuleManager: Shutting down and abandoning module CableComponent (318)
[2018.05.21-15.01.01:710][327]LogModuleManager: Shutting down and abandoning module ArchVisCharacter (316)
[2018.05.21-15.01.01:710][327]LogModuleManager: Shutting down and abandoning module AndroidPermission (314)
[2018.05.21-15.01.01:710][327]LogModuleManager: Shutting down and abandoning module MediaPlayerEditor (310)
[2018.05.21-15.01.01:710][327]LogModuleManager: Shutting down and abandoning module HTML5Networking (308)
[2018.05.21-15.01.01:710][327]LogModuleManager: Shutting down and abandoning module AlembicImporter (306)
[2018.05.21-15.01.01:710][327]LogModuleManager: Shutting down and abandoning module AlembicLibrary (305)
[2018.05.21-15.01.01:710][327]LogModuleManager: Shutting down and abandoning module GeometryCache (304)
[2018.05.21-15.01.01:710][327]LogModuleManager: Shutting down and abandoning module GeometryCacheEd (303)
[2018.05.21-15.01.01:710][327]LogModuleManager: Shutting down and abandoning module SpeedTreeImporter (298)
[2018.05.21-15.01.01:710][327]LogModuleManager: Shutting down and abandoning module PluginBrowser (296)
[2018.05.21-15.01.01:710][327]LogModuleManager: Shutting down and abandoning module MobileLauncherProfileWizard (294)
[2018.05.21-15.01.01:710][327]LogModuleManager: Shutting down and abandoning module VisualStudioSourceCodeAccess (292)
[2018.05.21-15.01.01:711][327]LogModuleManager: Shutting down and abandoning module DesktopPlatform (291)
[2018.05.21-15.01.01:711][327]LogModuleManager: Shutting down and abandoning module UObjectPlugin (288)
[2018.05.21-15.01.01:711][327]LogModuleManager: Shutting down and abandoning module SubversionSourceControl (286)
[2018.05.21-15.01.01:711][327]LogModuleManager: Shutting down and abandoning module PerforceSourceControl (284)
[2018.05.21-15.01.01:711][327]LogModuleManager: Shutting down and abandoning module GitSourceControl (282)
[2018.05.21-15.01.01:711][327]LogModuleManager: Shutting down and abandoning module SourceControl (281)
[2018.05.21-15.01.01:711][327]LogModuleManager: Shutting down and abandoning module LightPropagationVolumeEditor (278)
[2018.05.21-15.01.01:711][327]LogModuleManager: Shutting down and abandoning module PaperTiledImporter (276)
[2018.05.21-15.01.01:711][327]LogModuleManager: Shutting down and abandoning module PaperSpriteSheetImporter (274)
[2018.05.21-15.01.01:711][327]LogModuleManager: Shutting down and abandoning module Paper2DEditor (272)
[2018.05.21-15.01.01:711][327]LogModuleManager: Shutting down and abandoning module MeshPaint (271)
[2018.05.21-15.01.01:711][327]LogModuleManager: Shutting down and abandoning module LevelEditor (269)
[2018.05.21-15.01.01:713][327]LogModuleManager: Shutting down and abandoning module PixelInspectorModule (268)
[2018.05.21-15.01.01:713][327]LogModuleManager: Shutting down and abandoning module MainFrame (266)
[2018.05.21-15.01.01:713][327]LogModuleManager: Shutting down and abandoning module HotReload (265)
[2018.05.21-15.01.01:715][327]LogModuleManager: Shutting down and abandoning module RuntimePhysXCooking (260)
[2018.05.21-15.01.01:715][327]LogModuleManager: Shutting down and abandoning module PhysXVehiclesEditor (258)
[2018.05.21-15.01.01:715][327]LogModuleManager: Shutting down and abandoning module PhysXVehicles (256)
[2018.05.21-15.01.01:715][327]LogModuleManager: Shutting down and abandoning module OculusEditor (254)
[2018.05.21-15.01.01:715][327]LogModuleManager: Shutting down and abandoning module LocationServicesBPLibrary (252)
[2018.05.21-15.01.01:716][327]LogModuleManager: Shutting down and abandoning module ImmediatePhysicsEditor (250)
[2018.05.21-15.01.01:716][327]LogModuleManager: Shutting down and abandoning module ImmediatePhysics (248)
[2018.05.21-15.01.01:716][327]LogModuleManager: Shutting down and abandoning module UdpMessaging (246)
[2018.05.21-15.01.01:816][327]LogModuleManager: Shutting down and abandoning module TcpMessaging (244)
[2018.05.21-15.01.01:916][327]LogModuleManager: Shutting down and abandoning module GameplayTagsEditor (242)
[2018.05.21-15.01.01:916][327]LogModuleManager: Shutting down and abandoning module FacialAnimationEditor (240)
[2018.05.21-15.01.01:916][327]LogModuleManager: Shutting down and abandoning module FacialAnimation (238)
[2018.05.21-15.01.01:916][327]LogModuleManager: Shutting down and abandoning module AssetManagerEditor (236)
[2018.05.21-15.01.01:916][327]LogModuleManager: Shutting down and abandoning module GraphEditor (235)
[2018.05.21-15.01.01:917][327]LogModuleManager: Shutting down and abandoning module ContentBrowser (233)
[2018.05.21-15.01.01:919][327]LogModuleManager: Shutting down and abandoning module LightPropagationVolumeRuntime (230)
[2018.05.21-15.01.01:919][327]LogModuleManager: Shutting down and abandoning module Paper2D (228)
[2018.05.21-15.01.01:919][327]LogModuleManager: Shutting down and abandoning module WindowsMoviePlayer (226)
[2018.05.21-15.01.01:919][327]LogModuleManager: Shutting down and abandoning module WmfMedia (224)
[2018.05.21-15.01.01:920][327]LogModuleManager: Shutting down and abandoning module PacketHandler (222)
[2018.05.21-15.01.01:920][327]LogModuleManager: Shutting down and abandoning module ClothingSystemEditor (220)
[2018.05.21-15.01.01:920][327]LogModuleManager: Shutting down and abandoning module ClothingSystemRuntime (218)
[2018.05.21-15.01.01:921][327]LogModuleManager: Shutting down and abandoning module Overlay (216)
[2018.05.21-15.01.01:921][327]LogModuleManager: Shutting down and abandoning module OverlayEditor (215)
[2018.05.21-15.01.01:921][327]LogModuleManager: Shutting down and abandoning module MediaAssets (212)
[2018.05.21-15.01.01:921][327]LogModuleManager: Shutting down and abandoning module VREditor (210)
[2018.05.21-15.01.01:921][327]LogModuleManager: Shutting down and abandoning module StringTableEditor (208)
[2018.05.21-15.01.01:921][327]LogModuleManager: Shutting down and abandoning module GameplayTasksEditor (206)
[2018.05.21-15.01.01:921][327]LogModuleManager: Shutting down and abandoning module BehaviorTreeEditor (204)
[2018.05.21-15.01.01:921][327]LogModuleManager: Shutting down and abandoning module FunctionalTesting (202)
[2018.05.21-15.01.01:921][327]LogModuleManager: Shutting down and abandoning module CollisionAnalyzer (200)
[2018.05.21-15.01.01:922][327]LogModuleManager: Shutting down and abandoning module WorkspaceMenuStructure (199)
[2018.05.21-15.01.01:922][327]LogModuleManager: Shutting down and abandoning module UMG (196)
[2018.05.21-15.01.01:922][327]LogModuleManager: Shutting down and abandoning module UMGEditor (195)
[2018.05.21-15.01.01:922][327]LogModuleManager: Shutting down and abandoning module Sequencer (194)
[2018.05.21-15.01.01:922][327]LogModuleManager: Shutting down and abandoning module MessageLog (191)
[2018.05.21-15.01.01:922][327]LogModuleManager: Shutting down and abandoning module SlateReflector (186)
[2018.05.21-15.01.01:922][327]LogModuleManager: Shutting down and abandoning module Slate (184)
[2018.05.21-15.01.01:922][327]LogModuleManager: Shutting down and abandoning module EditorStyle (182)
[2018.05.21-15.01.01:931][327]LogModuleManager: Shutting down and abandoning module MRMesh (180)
[2018.05.21-15.01.01:931][327]LogModuleManager: Shutting down and abandoning module SourceCodeAccess (178)
[2018.05.21-15.01.01:931][327]LogModuleManager: Shutting down and abandoning module HeadMountedDisplay (176)
[2018.05.21-15.01.01:931][327]LogModuleManager: Shutting down and abandoning module XAudio2 (174)
[2018.05.21-15.01.01:931][327]LogModuleManager: Shutting down and abandoning module Networking (172)
[2018.05.21-15.01.01:931][327]LogModuleManager: Shutting down and abandoning module Core (168)
[2018.05.21-15.01.01:932][327]LogModuleManager: Shutting down and abandoning module KismetCompiler (164)
[2018.05.21-15.01.01:932][327]LogModuleManager: Shutting down and abandoning module MeshUtilities (162)
[2018.05.21-15.01.01:932][327]LogModuleManager: Shutting down and abandoning module MeshMergeUtilities (161)
[2018.05.21-15.01.01:932][327]LogModuleManager: Shutting down and abandoning module MeshReductionInterface (160)
[2018.05.21-15.01.01:932][327]LogModuleManager: Shutting down and abandoning module SimplygonSwarm (159)
[2018.05.21-15.01.01:932][327]LogModuleManager: Shutting down and abandoning module SimplygonMeshReduction (157)
[2018.05.21-15.01.01:932][327]LogModuleManager: Shutting down and abandoning module QuadricMeshReduction (155)
[2018.05.21-15.01.01:932][327]LogModuleManager: Shutting down and abandoning module MaterialBaking (151)
[2018.05.21-15.01.01:932][327]LogModuleManager: Shutting down and abandoning module LevelSequence (148)
[2018.05.21-15.01.01:932][327]LogModuleManager: Shutting down and abandoning module DirectoryWatcher (146)
[2018.05.21-15.01.01:939][327]LogModuleManager: Shutting down and abandoning module DerivedDataCache (144)
[2018.05.21-15.01.02:135][327]LogDerivedDataCache: Shutdown
[2018.05.21-15.01.02:135][327]LogModuleManager: Shutting down and abandoning module TargetPlatform (142)
[2018.05.21-15.01.02:135][327]LogModuleManager: Shutting down and abandoning module VulkanShaderFormat (141)
[2018.05.21-15.01.02:135][327]LogModuleManager: Shutting down and abandoning module ShaderFormatVectorVM (139)
[2018.05.21-15.01.02:135][327]LogModuleManager: Shutting down and abandoning module ShaderFormatOpenGL (137)
[2018.05.21-15.01.02:135][327]LogModuleManager: Shutting down and abandoning module ShaderFormatD3D (135)
[2018.05.21-15.01.02:135][327]LogModuleManager: Shutting down and abandoning module MetalShaderFormat (133)
[2018.05.21-15.01.02:135][327]LogModuleManager: Shutting down and abandoning module TextureFormatUncompressed (131)
[2018.05.21-15.01.02:135][327]LogModuleManager: Shutting down and abandoning module TextureFormatPVR (129)
[2018.05.21-15.01.02:135][327]LogModuleManager: Shutting down and abandoning module TextureFormatDXT (127)
[2018.05.21-15.01.02:135][327]LogModuleManager: Shutting down and abandoning module TextureFormatIntelISPCTexComp (125)
[2018.05.21-15.01.02:135][327]LogModuleManager: Shutting down and abandoning module TextureFormatASTC (123)
[2018.05.21-15.01.02:135][327]LogModuleManager: Shutting down and abandoning module ImageWrapper (122)
[2018.05.21-15.01.02:135][327]LogModuleManager: Shutting down and abandoning module TextureFormatAndroid (119)
[2018.05.21-15.01.02:136][327]LogModuleManager: Shutting down and abandoning module AudioFormatOpus (117)
[2018.05.21-15.01.02:136][327]LogModuleManager: Shutting down and abandoning module AudioFormatOgg (115)
[2018.05.21-15.01.02:136][327]LogModuleManager: Shutting down and abandoning module AudioFormatADPCM (113)
[2018.05.21-15.01.02:136][327]LogModuleManager: Shutting down and abandoning module LinuxTargetPlatform (111)
[2018.05.21-15.01.02:136][327]LogModuleManager: Shutting down and abandoning module LinuxServerTargetPlatform (109)
[2018.05.21-15.01.02:136][327]LogModuleManager: Shutting down and abandoning module LinuxNoEditorTargetPlatform (107)
[2018.05.21-15.01.02:136][327]LogModuleManager: Shutting down and abandoning module LinuxClientTargetPlatform (105)
[2018.05.21-15.01.02:136][327]LogModuleManager: Shutting down and abandoning module TVOSTargetPlatform (103)
[2018.05.21-15.01.02:136][327]LogModuleManager: Shutting down and abandoning module Messaging (101)
[2018.05.21-15.01.02:136][327]LogModuleManager: Shutting down and abandoning module IOSTargetPlatform (99)
[2018.05.21-15.01.02:136][327]LogModuleManager: Shutting down and abandoning module HTML5TargetPlatform (97)
[2018.05.21-15.01.02:136][327]LogModuleManager: Shutting down and abandoning module Android_PVRTCTargetPlatform (95)
[2018.05.21-15.01.02:136][327]LogModuleManager: Shutting down and abandoning module Android_MultiTargetPlatform (93)
[2018.05.21-15.01.02:136][327]LogModuleManager: Shutting down and abandoning module Android_ETC2TargetPlatform (91)
[2018.05.21-15.01.02:136][327]LogModuleManager: Shutting down and abandoning module Android_ETC1TargetPlatform (89)
[2018.05.21-15.01.02:136][327]LogModuleManager: Shutting down and abandoning module Android_DXTTargetPlatform (87)
[2018.05.21-15.01.02:136][327]LogModuleManager: Shutting down and abandoning module Android_ATCTargetPlatform (85)
[2018.05.21-15.01.02:136][327]LogModuleManager: Shutting down and abandoning module Android_ASTCTargetPlatform (83)
[2018.05.21-15.01.02:136][327]LogModuleManager: Shutting down and abandoning module AndroidTargetPlatform (81)
[2018.05.21-15.01.02:136][327]LogModuleManager: Shutting down and abandoning module WindowsTargetPlatform (79)
[2018.05.21-15.01.02:136][327]LogModuleManager: Shutting down and abandoning module WindowsServerTargetPlatform (77)
[2018.05.21-15.01.02:136][327]LogModuleManager: Shutting down and abandoning module WindowsNoEditorTargetPlatform (75)
[2018.05.21-15.01.02:136][327]LogModuleManager: Shutting down and abandoning module WindowsClientTargetPlatform (73)
[2018.05.21-15.01.02:136][327]LogModuleManager: Shutting down and abandoning module MacTargetPlatform (71)
[2018.05.21-15.01.02:136][327]LogModuleManager: Shutting down and abandoning module MacServerTargetPlatform (69)
[2018.05.21-15.01.02:136][327]LogModuleManager: Shutting down and abandoning module MacNoEditorTargetPlatform (67)
[2018.05.21-15.01.02:136][327]LogModuleManager: Shutting down and abandoning module MacClientTargetPlatform (65)
[2018.05.21-15.01.02:137][327]LogModuleManager: Shutting down and abandoning module AllDesktopTargetPlatform (63)
[2018.05.21-15.01.02:137][327]LogModuleManager: Shutting down and abandoning module InputCore (60)
[2018.05.21-15.01.02:137][327]LogModuleManager: Shutting down and abandoning module Settings (58)
[2018.05.21-15.01.02:137][327]LogModuleManager: Shutting down and abandoning module PhysXCooking (56)
[2018.05.21-15.01.02:137][327]LogModuleManager: Shutting down and abandoning module SteamVR (54)
[2018.05.21-15.01.02:137][327]LogModuleManager: Shutting down and abandoning module OculusHMD (52)
[2018.05.21-15.01.02:137][327]LogModuleManager: Shutting down and abandoning module ExampleDeviceProfileSelector (50)
[2018.05.21-15.01.02:137][327]LogModuleManager: Shutting down and abandoning module OnlineBlueprintSupport (48)
[2018.05.21-15.01.02:137][327]LogModuleManager: Shutting down and abandoning module OnlineSubsystem (44)
[2018.05.21-15.01.02:137][327]LogOnline: Display: Unloading online subsystem: NULL
[2018.05.21-15.01.02:137][327]LogModuleManager: Shutting down and abandoning module XMPP (43)
[2018.05.21-15.01.02:137][327]LogModuleManager: Shutting down and abandoning module HTTP (41)
[2018.05.21-15.01.02:137][327]LogHttp: Display: Http module shutting down, but needs to wait on 1 outstanding Http requests:
[2018.05.21-15.01.02:137][327]LogHttp: Display: 	verb=[POST] url=[https://datarouter.ol.epicgames.com/datarouter/api/v1/public/data?SessionID=%7BDEF811B8-42F2-AF6A-0750-5999C79A0903%7D&AppID=UEEditor.Rocket.Release&AppVersion=4.17.0-3573198%2B%2B%2BUE4%2BRelease-4.17&UserID=8745e7234320ae8e8744159e35a59588%7C%7Cabe95f3c-4d2d-4e7c-9918-75031e11f431&AppEnvironment=datacollector-binary&UploadType=eteventstream] status=Processing
[2018.05.21-15.01.02:145][327]LogModuleManager: Shutting down and abandoning module SSL (40)
[2018.05.21-15.01.02:146][327]LogModuleManager: Shutting down and abandoning module AnimationModifiers (36)
[2018.05.21-15.01.02:146][327]LogModuleManager: Shutting down and abandoning module PropertyEditor (35)
[2018.05.21-15.01.02:146][327]LogModuleManager: Shutting down and abandoning module AudioEditor (32)
[2018.05.21-15.01.02:146][327]LogModuleManager: Shutting down and abandoning module TextureCompressor (30)
[2018.05.21-15.01.02:146][327]LogModuleManager: Shutting down and abandoning module ShaderCore (28)
[2018.05.21-15.01.02:146][327]LogModuleManager: Shutting down and abandoning module Landscape (26)
[2018.05.21-15.01.02:146][327]LogModuleManager: Shutting down and abandoning module SlateRHIRenderer (24)
[2018.05.21-15.01.02:147][327]LogModuleManager: Shutting down and abandoning module OpenGLDrv (22)
[2018.05.21-15.01.02:147][327]LogModuleManager: Shutting down and abandoning module D3D11RHI (20)
[2018.05.21-15.01.02:147][327]LogModuleManager: Shutting down and abandoning module AnimGraphRuntime (18)
[2018.05.21-15.01.02:147][327]LogModuleManager: Shutting down and abandoning module Renderer (16)
[2018.05.21-15.01.02:147][327]LogModuleManager: Shutting down and abandoning module Engine (14)
[2018.05.21-15.01.02:147][327]LogModuleManager: Shutting down and abandoning module CoreUObject (12)
[2018.05.21-15.01.02:147][327]LogModuleManager: Shutting down and abandoning module NetworkFile (10)
[2018.05.21-15.01.02:147][327]LogModuleManager: Shutting down and abandoning module CookedIterativeFile (8)
[2018.05.21-15.01.02:147][327]LogModuleManager: Shutting down and abandoning module StreamingFile (6)
[2018.05.21-15.01.02:147][327]LogModuleManager: Shutting down and abandoning module SandboxFile (4)
[2018.05.21-15.01.02:147][327]LogModuleManager: Shutting down and abandoning module PakFile (2)
[2018.05.21-15.01.02:151][327]LogExit: Exiting.
[2018.05.21-15.01.02:176][327]Log file closed, 05/21/18 16:01:02
