Log file open, 05/22/18 10:30:34
LogWindows: LoadLibraryWithSearchPaths failed for file aqProf.dll. GetLastError=0
LogWindows: LoadLibraryWithSearchPaths failed for file VtuneApi.dll. GetLastError=0
LogWindows: LoadLibraryWithSearchPaths failed for file VtuneApi32e.dll. GetLastError=0
LogInit: Display: Running engine for game: FracTales
LogPlatformFile: Not using cached read wrapper
LogInit: Display: RandInit(-172084989) SRandInit(-172084989).
LogTaskGraph: Started task graph with 5 named threads and 14 total threads with 3 sets of task threads.
LogStats: Stats thread started at 0.162940
LogD3D11RHI: Aftermath initialized
LogPluginManager: Mounting plugin Paper2D
LogPluginManager: Mounting plugin LightPropagationVolume
LogPluginManager: Mounting plugin CodeLiteSourceCodeAccess
LogPluginManager: Mounting plugin GitSourceControl
LogPluginManager: Mounting plugin KDevelopSourceCodeAccess
LogPluginManager: Mounting plugin NullSourceCodeAccess
LogPluginManager: Mounting plugin PerforceSourceControl
LogPluginManager: Mounting plugin SubversionSourceControl
LogPluginManager: Mounting plugin UObjectPlugin
LogPluginManager: Mounting plugin VisualStudioSourceCodeAccess
LogPluginManager: Mounting plugin XCodeSourceCodeAccess
LogPluginManager: Mounting plugin AssetManagerEditor
LogPluginManager: Mounting plugin AudioCapture
LogPluginManager: Mounting plugin FacialAnimation
LogPluginManager: Mounting plugin GameplayTagsEditor
LogPluginManager: Mounting plugin MobileLauncherProfileWizard
LogPluginManager: Mounting plugin PluginBrowser
LogPluginManager: Mounting plugin SpeedTreeImporter
LogPluginManager: Mounting plugin AlembicImporter
LogPluginManager: Mounting plugin CharacterAI
LogPluginManager: Mounting plugin HTML5Networking
LogPluginManager: Mounting plugin AndroidMedia
LogPluginManager: Mounting plugin AvfMedia
LogPluginManager: Mounting plugin MediaPlayerEditor
LogPluginManager: Mounting plugin WmfMedia
LogPluginManager: Mounting plugin TcpMessaging
LogPluginManager: Mounting plugin UdpMessaging
LogPluginManager: Mounting plugin LevelSequenceEditor
LogPluginManager: Mounting plugin MatineeToLevelSequence
LogPluginManager: Mounting plugin OnlineSubsystemGooglePlay
LogPluginManager: Mounting plugin OnlineSubsystemIOS
LogPluginManager: Mounting plugin OnlineSubsystem
LogPluginManager: Mounting plugin OnlineSubsystemNull
LogPluginManager: Mounting plugin OnlineSubsystemUtils
LogPluginManager: Mounting plugin AndroidDeviceProfileSelector
LogPluginManager: Mounting plugin AndroidMoviePlayer
LogPluginManager: Mounting plugin AndroidPermission
LogPluginManager: Mounting plugin AppleMoviePlayer
LogPluginManager: Mounting plugin ArchVisCharacter
LogPluginManager: Mounting plugin CableComponent
LogPluginManager: Mounting plugin CustomMeshComponent
LogPluginManager: Mounting plugin ExampleDeviceProfileSelector
LogPluginManager: Mounting plugin GoogleCloudMessaging
LogPluginManager: Mounting plugin ImmediatePhysics
LogPluginManager: Mounting plugin IOSDeviceProfileSelector
LogPluginManager: Mounting plugin LinuxDeviceProfileSelector
LogPluginManager: Mounting plugin LocationServicesBPLibrary
LogPluginManager: Mounting plugin MobilePatchingUtils
LogPluginManager: Mounting plugin OculusVR
LogPluginManager: Mounting plugin PhysXVehicles
LogPluginManager: Mounting plugin ProceduralMeshComponent
LogPluginManager: Mounting plugin RuntimePhysXCooking
LogPluginManager: Mounting plugin SteamVR
LogPluginManager: Mounting plugin WindowsMoviePlayer
LogInit: Using libcurl 7.47.1
LogInit:  - built for x86_64-pc-win32
LogInit:  - supports SSL with OpenSSL/1.0.2g
LogInit:  - supports HTTP deflate (compression) using libz 1.2.8
LogInit:  - other features:
LogInit:      CURL_VERSION_SSL
LogInit:      CURL_VERSION_LIBZ
LogInit:      CURL_VERSION_IPV6
LogInit:      CURL_VERSION_ASYNCHDNS
LogInit:      CURL_VERSION_LARGEFILE
LogInit:      CURL_VERSION_IDN
LogInit:  CurlRequestOptions (configurable via config and command line):
LogInit:  - bVerifyPeer = false  - Libcurl will NOT verify peer certificate
LogInit:  - bUseHttpProxy = false  - Libcurl will NOT use HTTP proxy
LogInit:  - bDontReuseConnections = false  - Libcurl will reuse connections
LogInit:  - CertBundlePath = nullptr  - Libcurl will use whatever was configured at build time.
LogInit: Build: ++UE4+Release-4.17-CL-3573198
LogInit: Engine Version: 4.17.0-3573198+++UE4+Release-4.17
LogInit: Compatible Engine Version: 4.17.0-3573198+++UE4+Release-4.17
LogInit: Net CL: 3573198
LogDevObjectVersion: Number of dev versions registered: 16
LogDevObjectVersion:   Dev-Blueprints (B0D832E4-1F89-4F0D-ACCF-7EB736FD4AA2): 10
LogDevObjectVersion:   Dev-Build (E1C64328-A22C-4D53-A36C-8E866417BD8C): 0
LogDevObjectVersion:   Dev-Core (375EC13C-06E4-48FB-B500-84F0262A717E): 2
LogDevObjectVersion:   Dev-Editor (E4B068ED-F494-42E9-A231-DA0B2E46BB41): 20
LogDevObjectVersion:   Dev-Framework (CFFC743F-43B0-4480-9391-14DF171D2073): 28
LogDevObjectVersion:   Dev-Mobile (B02B49B5-BB20-44E9-A304-32B752E40360): 0
LogDevObjectVersion:   Dev-Networking (A4E4105C-59A1-49B5-A7C5-40C4547EDFEE): 0
LogDevObjectVersion:   Dev-Online (39C831C9-5AE6-47DC-9A44-9C173E1C8E7C): 0
LogDevObjectVersion:   Dev-Physics (78F01B33-EBEA-4F98-B9B4-84EACCB95AA2): 0
LogDevObjectVersion:   Dev-Platform (6631380F-2D4D-43E0-8009-CF276956A95A): 0
LogDevObjectVersion:   Dev-Rendering (12F88B9F-8875-4AFC-A67C-D90C383ABD29): 19
LogDevObjectVersion:   Dev-Sequencer (7B5AE74C-D270-4C10-A958-57980B212A5A): 4
LogDevObjectVersion:   Dev-VR (D7296918-1DD6-4BDD-9DE2-64A83CC13884): 0
LogDevObjectVersion:   Dev-LoadTimes (C2A15278-BFE7-4AFE-6C17-90FF531DF755): 1
LogDevObjectVersion:   Private-Geometry (6EACA3D4-40EC-4CC1-B786-8BED09428FC5): 1
LogDevObjectVersion:   Dev-AnimPhys (29E575DD-E0A3-4627-9D10-D276232CDCEA): 7
LogInit: Compiled (64-bit): Aug  4 2017 16:30:33
LogInit: Compiled with Visual C++: 19.00.24215.01
LogInit: Build Configuration: Development
LogInit: Branch Name: ++UE4+Release-4.17
LogInit: Command line: 
LogInit: Base directory: C:/Program Files (x86)/Epic Games/UE_4.17/Engine/Binaries/Win64/
LogInit: Installed Engine Build: 1
LogInit: Presizing for max 8388607 objects, including 0 objects not considered by GC, pre-allocating 0 bytes for permanent pool.
LogInit: Object subsystem initialized
[2018.05.22-09.30.35:101][  0]LogInit: Selected Device Profile: [Windows]
[2018.05.22-09.30.35:101][  0]LogInit: Applying CVar settings loaded from the selected device profile: [Windows]
[2018.05.22-09.30.35:111][  0]LogInit: Computer: MC11672
[2018.05.22-09.30.35:111][  0]LogInit: User: 1301641
[2018.05.22-09.30.35:111][  0]LogInit: CPU Page size=4096, Cores=4
[2018.05.22-09.30.35:111][  0]LogInit: High frequency timer resolution =3.328232 MHz
[2018.05.22-09.30.35:111][  0]LogMemory: Memory total: Physical=31.9GB (32GB approx)
[2018.05.22-09.30.35:111][  0]LogMemory: Platform Memory Stats for Windows
[2018.05.22-09.30.35:111][  0]LogMemory: Process Physical Memory: 280.38 MB used, 280.38 MB peak
[2018.05.22-09.30.35:111][  0]LogMemory: Process Virtual Memory: 285.21 MB used, 285.21 MB peak
[2018.05.22-09.30.35:111][  0]LogMemory: Physical Memory: 6333.26 MB used,  26313.95 MB free, 32647.21 MB total
[2018.05.22-09.30.35:111][  0]LogMemory: Virtual Memory: 663.66 MB used,  26313.95 MB free, 8388608.00 MB total
[2018.05.22-09.30.35:365][  0]LogInit: Using OS detected language (en-GB).
[2018.05.22-09.30.35:365][  0]LogInit: Using OS detected locale (en-GB).
[2018.05.22-09.30.35:369][  0]LogTextLocalizationManager: No specific localization for 'en-GB' exists, so the 'en' localization will be used.
[2018.05.22-09.30.36:044][  0]LogD3D11RHI: D3D11 adapters:
[2018.05.22-09.30.36:078][  0]LogD3D11RHI:    0. 'NVIDIA GeForce GTX 1080' (Feature Level 11_0)
[2018.05.22-09.30.36:078][  0]LogD3D11RHI:       8077/0/16067 MB DedicatedVideo/DedicatedSystem/SharedSystem, Outputs:1, VendorId:0x10de
[2018.05.22-09.30.36:087][  0]LogD3D11RHI:    1. 'Intel(R) HD Graphics 530' (Feature Level 11_0)
[2018.05.22-09.30.36:087][  0]LogD3D11RHI:       192/0/1632 MB DedicatedVideo/DedicatedSystem/SharedSystem, Outputs:0, VendorId:0x8086
[2018.05.22-09.30.36:087][  0]LogD3D11RHI: Chosen D3D11 Adapter: 0
[2018.05.22-09.30.36:094][  0]LogD3D11RHI: Creating new Direct3DDevice
[2018.05.22-09.30.36:094][  0]LogD3D11RHI:     GPU DeviceId: 0x1b80 (for the marketing name, search the web for "GPU Device Id")
[2018.05.22-09.30.36:094][  0]LogWindows: EnumDisplayDevices:
[2018.05.22-09.30.36:094][  0]LogWindows:    0. 'NVIDIA GeForce GTX 1080' (P:1 D:1)
[2018.05.22-09.30.36:095][  0]LogWindows:    1. 'NVIDIA GeForce GTX 1080' (P:0 D:0)
[2018.05.22-09.30.36:095][  0]LogWindows:    2. 'NVIDIA GeForce GTX 1080' (P:0 D:0)
[2018.05.22-09.30.36:095][  0]LogWindows:    3. 'NVIDIA GeForce GTX 1080' (P:0 D:0)
[2018.05.22-09.30.36:095][  0]LogWindows:    4. 'Intel(R) HD Graphics 530' (P:0 D:0)
[2018.05.22-09.30.36:096][  0]LogWindows:    5. 'Intel(R) HD Graphics 530' (P:0 D:0)
[2018.05.22-09.30.36:096][  0]LogWindows:    6. 'Intel(R) HD Graphics 530' (P:0 D:0)
[2018.05.22-09.30.36:097][  0]LogWindows:    7. 'RDPDD Chained DD' (P:0 D:0)
[2018.05.22-09.30.36:097][  0]LogWindows:    8. 'RDP Encoder Mirror Driver' (P:0 D:0)
[2018.05.22-09.30.36:097][  0]LogWindows:    9. 'RDP Reflector Display Driver' (P:0 D:0)
[2018.05.22-09.30.36:097][  0]LogWindows: DebugString: PrimaryIsNotTheChoosenAdapter PrimaryIsNotTheChoosenAdapter PrimaryIsNotTheChoosenAdapter GetVideoDriverDetailsInvalid PrimaryIsNotTheChoosenAdapter GetVideoDriverDetailsInvalid PrimaryIsNotTheChoosenAdapter GetVideoDriverDetailsInvalid PrimaryIsNotTheChoosenAdapter FoundDriverCount:4 
[2018.05.22-09.30.36:097][  0]LogD3D11RHI:     Adapter Name: NVIDIA GeForce GTX 1080
[2018.05.22-09.30.36:097][  0]LogD3D11RHI:   Driver Version: 390.65 (internal:23.21.13.9065, unified:390.65)
[2018.05.22-09.30.36:097][  0]LogD3D11RHI:      Driver Date: 1-3-2018
[2018.05.22-09.30.36:097][  0]LogRHI: Texture pool is 1361 MB (70% of 1945 MB)
[2018.05.22-09.30.36:112][  0]LogD3D11RHI: Async texture creation enabled
[2018.05.22-09.30.36:127][  0]LogD3D11RHI: GPU Timing Frequency: 1000.000000 (Debug: 2 2)
[2018.05.22-09.30.36:171][  0]LogShaderCompilers: Guid format shader working directory is -29 characters bigger than the processId version (../../../../../../Users/1301641/Downloads/GiktHuv/AlgorithmsProject/MyProject/Intermediate/Shaders/WorkingDirectory/8288/).
[2018.05.22-09.30.36:172][  0]LogShaderCompilers: Cleaned the shader compiler working directory 'C:/Users/1301641/AppData/Local/Temp/UnrealShaderWorkingDir/EDD74FDB4F5AB6AC7988D9BB3E650E4E/'.
[2018.05.22-09.30.36:172][  0]LogShaderCompilers: Display: Using Local Shader Compiler.
[2018.05.22-09.30.37:077][  0]LogTemp: Display: Loaded TP AllDesktopTargetPlatform
[2018.05.22-09.30.37:155][  0]LogTemp: Display: Loaded TP MacClientTargetPlatform
[2018.05.22-09.30.37:235][  0]LogTemp: Display: Loaded TP MacNoEditorTargetPlatform
[2018.05.22-09.30.37:312][  0]LogTemp: Display: Loaded TP MacServerTargetPlatform
[2018.05.22-09.30.37:390][  0]LogTemp: Display: Loaded TP MacTargetPlatform
[2018.05.22-09.30.37:467][  0]LogTemp: Display: Loaded TP WindowsClientTargetPlatform
[2018.05.22-09.30.37:545][  0]LogTemp: Display: Loaded TP WindowsNoEditorTargetPlatform
[2018.05.22-09.30.37:623][  0]LogTemp: Display: Loaded TP WindowsServerTargetPlatform
[2018.05.22-09.30.37:695][  0]LogTemp: Display: Loaded TP WindowsTargetPlatform
[2018.05.22-09.30.37:772][  0]LogTemp: Display: Loaded TP AndroidTargetPlatform
[2018.05.22-09.30.37:847][  0]LogTemp: Display: Loaded TP Android_ASTCTargetPlatform
[2018.05.22-09.30.37:925][  0]LogTemp: Display: Loaded TP Android_ATCTargetPlatform
[2018.05.22-09.30.38:002][  0]LogTemp: Display: Loaded TP Android_DXTTargetPlatform
[2018.05.22-09.30.38:081][  0]LogTemp: Display: Loaded TP Android_ETC1TargetPlatform
[2018.05.22-09.30.38:158][  0]LogTemp: Display: Loaded TP Android_ETC2TargetPlatform
[2018.05.22-09.30.38:314][  0]LogTemp: Display: Loaded TP Android_MultiTargetPlatform
[2018.05.22-09.30.38:314][  0]LogTemp: Display: Loaded TP Android_PVRTCTargetPlatform
[2018.05.22-09.30.38:382][  0]LogTemp: Display: Loaded TP HTML5TargetPlatform
[2018.05.22-09.30.38:505][  0]LogTemp: Display: Loaded TP IOSTargetPlatform
[2018.05.22-09.30.38:538][  0]LogTemp: Display: Loaded TP TVOSTargetPlatform
[2018.05.22-09.30.38:613][  0]LogTemp: Display: Loaded TP LinuxClientTargetPlatform
[2018.05.22-09.30.38:690][  0]LogTemp: Display: Loaded TP LinuxNoEditorTargetPlatform
[2018.05.22-09.30.38:766][  0]LogTemp: Display: Loaded TP LinuxServerTargetPlatform
[2018.05.22-09.30.38:844][  0]LogTemp: Display: Loaded TP LinuxTargetPlatform
[2018.05.22-09.30.38:844][  0]LogTargetPlatformManager: Display: Building Assets For Windows
[2018.05.22-09.30.39:507][  0]LogDerivedDataCache: Display: Max Cache Size: 512 MB
[2018.05.22-09.30.39:601][  0]LogDerivedDataCache: Loaded boot cache 0.09s 93MB C:/Users/1301641/AppData/Local/UnrealEngine/4.17/DerivedDataCache/Boot.ddc.
[2018.05.22-09.30.39:601][  0]LogDerivedDataCache: Display: Loaded Boot cache: C:/Users/1301641/AppData/Local/UnrealEngine/4.17/DerivedDataCache/Boot.ddc
[2018.05.22-09.30.39:601][  0]LogDerivedDataCache: FDerivedDataBackendGraph:  Pak pak cache file ../../../../../../Users/1301641/Downloads/GiktHuv/AlgorithmsProject/MyProject/DerivedDataCache/DDC.ddp not found, will not use a pak cache.
[2018.05.22-09.30.39:601][  0]LogDerivedDataCache: Unable to find inner node Pak for hierarchical cache Hierarchy.
[2018.05.22-09.30.39:601][  0]LogDerivedDataCache: FDerivedDataBackendGraph:  CompressedPak pak cache file ../../../../../../Users/1301641/Downloads/GiktHuv/AlgorithmsProject/MyProject/DerivedDataCache/Compressed.ddp not found, will not use a pak cache.
[2018.05.22-09.30.39:601][  0]LogDerivedDataCache: Unable to find inner node CompressedPak for hierarchical cache Hierarchy.
[2018.05.22-09.30.39:617][  0]LogDerivedDataCache: Display: Pak cache opened for reading ../../../Engine/DerivedDataCache/Compressed.ddp.
[2018.05.22-09.30.39:629][  0]LogDerivedDataCache: Using Local data cache path C:/Users/1301641/AppData/Local/UnrealEngine/Common/DerivedDataCache: Writable
[2018.05.22-09.30.39:638][  0]LogMaterial: Verifying Global Shaders for PCD3D_SM5
[2018.05.22-09.30.39:638][  0]LogSlate: Using Freetype 2.6.0
[2018.05.22-09.30.39:639][  0]LogSlate: SlateFontCache - WITH_FREETYPE: 1, WITH_HARFBUZZ: 1
[2018.05.22-09.30.39:639][  0]LogSlate: SlateFontCache - WITH_FREETYPE: 1, WITH_HARFBUZZ: 1
[2018.05.22-09.30.39:906][  0]LogAssetRegistry: FAssetRegistry took 0.0252 seconds to start up
[2018.05.22-09.30.40:111][  0]LogInit: Selected Device Profile: [Windows]
[2018.05.22-09.30.40:114][  0]LogContentStreaming: Texture pool size is 0.00 MB
[2018.05.22-09.30.40:649][  0]LogSimplygon: Simplygon DLL not present - disabling.
[2018.05.22-09.30.40:719][  0]LogMeshReduction: Using SimplygonSwarm for distributed automatic mesh merging
[2018.05.22-09.30.40:719][  0]LogMeshReduction: Using QuadricMeshReduction for automatic static mesh reduction
[2018.05.22-09.30.40:719][  0]LogMeshReduction: No automatic skeletal mesh reduction module available
[2018.05.22-09.30.40:719][  0]LogMeshReduction: No automatic mesh merging module available
[2018.05.22-09.30.40:719][  0]LogMeshMerging: No automatic mesh merging module available
[2018.05.22-09.30.41:092][  0]LogNetVersion: FracTales , NetCL: 3573198, EngineNetVer: 2, GameNetVer: 0 (Checksum: 1863221474)
[2018.05.22-09.30.41:347][  0]LogPackageLocalizationCache: Processed 5 localized package path(s) for 2 prioritized culture(s) in 0.041502 seconds
[2018.05.22-09.30.41:352][  0]LogUObjectArray: 35825 objects as part of root set at end of initial load.
[2018.05.22-09.30.41:352][  0]LogUObjectAllocator: 7529104 out of 0 bytes used by permanent object pool.
[2018.05.22-09.30.41:352][  0]LogUObjectArray: CloseDisregardForGC: 0/0 objects in disregard for GC pool
[2018.05.22-09.30.41:425][  0]LogInit: WinSock: version 1.1 (2.2), MaxSocks=32767, MaxUdp=65467
