Log file open, 05/29/18 09:51:05
LogWindows: LoadLibraryWithSearchPaths failed for file aqProf.dll. GetLastError=0
LogWindows: LoadLibraryWithSearchPaths failed for file VtuneApi.dll. GetLastError=0
LogWindows: LoadLibraryWithSearchPaths failed for file VtuneApi32e.dll. GetLastError=0
LogInit: Display: Running engine for game: FracTales
LogPlatformFile: Not using cached read wrapper
LogInit: Display: RandInit(540862196) SRandInit(540862196).
LogTaskGraph: Started task graph with 5 named threads and 14 total threads with 3 sets of task threads.
LogStats: Stats thread started at 0.163491
LogD3D11RHI: Aftermath initialized
LogPluginManager: Mounting plugin Paper2D
LogPluginManager: Mounting plugin LightPropagationVolume
LogPluginManager: Mounting plugin CodeLiteSourceCodeAccess
LogPluginManager: Mounting plugin GitSourceControl
LogPluginManager: Mounting plugin KDevelopSourceCodeAccess
LogPluginManager: Mounting plugin NullSourceCodeAccess
LogPluginManager: Mounting plugin PerforceSourceControl
LogPluginManager: Mounting plugin SubversionSourceControl
LogPluginManager: Mounting plugin UObjectPlugin
LogPluginManager: Mounting plugin VisualStudioSourceCodeAccess
LogPluginManager: Mounting plugin XCodeSourceCodeAccess
LogPluginManager: Mounting plugin AssetManagerEditor
LogPluginManager: Mounting plugin AudioCapture
LogPluginManager: Mounting plugin FacialAnimation
LogPluginManager: Mounting plugin GameplayTagsEditor
LogPluginManager: Mounting plugin MobileLauncherProfileWizard
LogPluginManager: Mounting plugin PluginBrowser
LogPluginManager: Mounting plugin SpeedTreeImporter
LogPluginManager: Mounting plugin AlembicImporter
LogPluginManager: Mounting plugin CharacterAI
LogPluginManager: Mounting plugin HTML5Networking
LogPluginManager: Mounting plugin AndroidMedia
LogPluginManager: Mounting plugin AvfMedia
LogPluginManager: Mounting plugin MediaPlayerEditor
LogPluginManager: Mounting plugin WmfMedia
LogPluginManager: Mounting plugin TcpMessaging
LogPluginManager: Mounting plugin UdpMessaging
LogPluginManager: Mounting plugin LevelSequenceEditor
LogPluginManager: Mounting plugin MatineeToLevelSequence
LogPluginManager: Mounting plugin OnlineSubsystemGooglePlay
LogPluginManager: Mounting plugin OnlineSubsystemIOS
LogPluginManager: Mounting plugin OnlineSubsystem
LogPluginManager: Mounting plugin OnlineSubsystemNull
LogPluginManager: Mounting plugin OnlineSubsystemUtils
LogPluginManager: Mounting plugin AndroidDeviceProfileSelector
LogPluginManager: Mounting plugin AndroidMoviePlayer
LogPluginManager: Mounting plugin AndroidPermission
LogPluginManager: Mounting plugin AppleMoviePlayer
LogPluginManager: Mounting plugin ArchVisCharacter
LogPluginManager: Mounting plugin CableComponent
LogPluginManager: Mounting plugin CustomMeshComponent
LogPluginManager: Mounting plugin ExampleDeviceProfileSelector
LogPluginManager: Mounting plugin GoogleCloudMessaging
LogPluginManager: Mounting plugin ImmediatePhysics
LogPluginManager: Mounting plugin IOSDeviceProfileSelector
LogPluginManager: Mounting plugin LinuxDeviceProfileSelector
LogPluginManager: Mounting plugin LocationServicesBPLibrary
LogPluginManager: Mounting plugin MobilePatchingUtils
LogPluginManager: Mounting plugin OculusVR
LogPluginManager: Mounting plugin PhysXVehicles
LogPluginManager: Mounting plugin ProceduralMeshComponent
LogPluginManager: Mounting plugin RuntimePhysXCooking
LogPluginManager: Mounting plugin SteamVR
LogPluginManager: Mounting plugin WindowsMoviePlayer
LogInit: Using libcurl 7.47.1
LogInit:  - built for x86_64-pc-win32
LogInit:  - supports SSL with OpenSSL/1.0.2g
LogInit:  - supports HTTP deflate (compression) using libz 1.2.8
LogInit:  - other features:
LogInit:      CURL_VERSION_SSL
LogInit:      CURL_VERSION_LIBZ
LogInit:      CURL_VERSION_IPV6
LogInit:      CURL_VERSION_ASYNCHDNS
LogInit:      CURL_VERSION_LARGEFILE
LogInit:      CURL_VERSION_IDN
LogInit:  CurlRequestOptions (configurable via config and command line):
LogInit:  - bVerifyPeer = false  - Libcurl will NOT verify peer certificate
LogInit:  - bUseHttpProxy = false  - Libcurl will NOT use HTTP proxy
LogInit:  - bDontReuseConnections = false  - Libcurl will reuse connections
LogInit:  - CertBundlePath = nullptr  - Libcurl will use whatever was configured at build time.
LogInit: Build: ++UE4+Release-4.17-CL-3573198
LogInit: Engine Version: 4.17.0-3573198+++UE4+Release-4.17
LogInit: Compatible Engine Version: 4.17.0-3573198+++UE4+Release-4.17
LogInit: Net CL: 3573198
LogDevObjectVersion: Number of dev versions registered: 16
LogDevObjectVersion:   Dev-Blueprints (B0D832E4-1F89-4F0D-ACCF-7EB736FD4AA2): 10
LogDevObjectVersion:   Dev-Build (E1C64328-A22C-4D53-A36C-8E866417BD8C): 0
LogDevObjectVersion:   Dev-Core (375EC13C-06E4-48FB-B500-84F0262A717E): 2
LogDevObjectVersion:   Dev-Editor (E4B068ED-F494-42E9-A231-DA0B2E46BB41): 20
LogDevObjectVersion:   Dev-Framework (CFFC743F-43B0-4480-9391-14DF171D2073): 28
LogDevObjectVersion:   Dev-Mobile (B02B49B5-BB20-44E9-A304-32B752E40360): 0
LogDevObjectVersion:   Dev-Networking (A4E4105C-59A1-49B5-A7C5-40C4547EDFEE): 0
LogDevObjectVersion:   Dev-Online (39C831C9-5AE6-47DC-9A44-9C173E1C8E7C): 0
LogDevObjectVersion:   Dev-Physics (78F01B33-EBEA-4F98-B9B4-84EACCB95AA2): 0
LogDevObjectVersion:   Dev-Platform (6631380F-2D4D-43E0-8009-CF276956A95A): 0
LogDevObjectVersion:   Dev-Rendering (12F88B9F-8875-4AFC-A67C-D90C383ABD29): 19
LogDevObjectVersion:   Dev-Sequencer (7B5AE74C-D270-4C10-A958-57980B212A5A): 4
LogDevObjectVersion:   Dev-VR (D7296918-1DD6-4BDD-9DE2-64A83CC13884): 0
LogDevObjectVersion:   Dev-LoadTimes (C2A15278-BFE7-4AFE-6C17-90FF531DF755): 1
LogDevObjectVersion:   Private-Geometry (6EACA3D4-40EC-4CC1-B786-8BED09428FC5): 1
LogDevObjectVersion:   Dev-AnimPhys (29E575DD-E0A3-4627-9D10-D276232CDCEA): 7
LogInit: Compiled (64-bit): Aug  4 2017 16:30:33
LogInit: Compiled with Visual C++: 19.00.24215.01
LogInit: Build Configuration: Development
LogInit: Branch Name: ++UE4+Release-4.17
LogInit: Command line: 
LogInit: Base directory: C:/Program Files (x86)/Epic Games/UE_4.17/Engine/Binaries/Win64/
LogInit: Installed Engine Build: 1
LogInit: Presizing for max 8388607 objects, including 0 objects not considered by GC, pre-allocating 0 bytes for permanent pool.
LogInit: Object subsystem initialized
[2018.05.29-08.51.06:430][  0]LogInit: Selected Device Profile: [Windows]
[2018.05.29-08.51.06:430][  0]LogInit: Applying CVar settings loaded from the selected device profile: [Windows]
[2018.05.29-08.51.06:451][  0]LogInit: Computer: MC11672
[2018.05.29-08.51.06:451][  0]LogInit: User: 1301641
[2018.05.29-08.51.06:451][  0]LogInit: CPU Page size=4096, Cores=4
[2018.05.29-08.51.06:451][  0]LogInit: High frequency timer resolution =3.328242 MHz
[2018.05.29-08.51.06:451][  0]LogMemory: Memory total: Physical=31.9GB (32GB approx)
[2018.05.29-08.51.06:451][  0]LogMemory: Platform Memory Stats for Windows
[2018.05.29-08.51.06:451][  0]LogMemory: Process Physical Memory: 280.98 MB used, 280.98 MB peak
[2018.05.29-08.51.06:451][  0]LogMemory: Process Virtual Memory: 289.23 MB used, 289.23 MB peak
[2018.05.29-08.51.06:451][  0]LogMemory: Physical Memory: 7904.14 MB used,  24743.07 MB free, 32647.21 MB total
[2018.05.29-08.51.06:451][  0]LogMemory: Virtual Memory: 667.66 MB used,  24743.07 MB free, 8388608.00 MB total
[2018.05.29-08.51.06:701][  0]LogInit: Using OS detected language (en-GB).
[2018.05.29-08.51.06:701][  0]LogInit: Using OS detected locale (en-GB).
[2018.05.29-08.51.06:705][  0]LogTextLocalizationManager: No specific localization for 'en-GB' exists, so the 'en' localization will be used.
[2018.05.29-08.51.07:392][  0]LogD3D11RHI: D3D11 adapters:
[2018.05.29-08.51.07:427][  0]LogD3D11RHI:    0. 'NVIDIA GeForce GTX 1080' (Feature Level 11_0)
[2018.05.29-08.51.07:427][  0]LogD3D11RHI:       8077/0/16067 MB DedicatedVideo/DedicatedSystem/SharedSystem, Outputs:1, VendorId:0x10de
[2018.05.29-08.51.07:437][  0]LogD3D11RHI:    1. 'Intel(R) HD Graphics 530' (Feature Level 11_0)
[2018.05.29-08.51.07:437][  0]LogD3D11RHI:       192/0/1632 MB DedicatedVideo/DedicatedSystem/SharedSystem, Outputs:0, VendorId:0x8086
[2018.05.29-08.51.07:437][  0]LogD3D11RHI: Chosen D3D11 Adapter: 0
[2018.05.29-08.51.07:444][  0]LogD3D11RHI: Creating new Direct3DDevice
[2018.05.29-08.51.07:444][  0]LogD3D11RHI:     GPU DeviceId: 0x1b80 (for the marketing name, search the web for "GPU Device Id")
[2018.05.29-08.51.07:444][  0]LogWindows: EnumDisplayDevices:
[2018.05.29-08.51.07:444][  0]LogWindows:    0. 'NVIDIA GeForce GTX 1080' (P:1 D:1)
[2018.05.29-08.51.07:444][  0]LogWindows:    1. 'NVIDIA GeForce GTX 1080' (P:0 D:0)
[2018.05.29-08.51.07:445][  0]LogWindows:    2. 'NVIDIA GeForce GTX 1080' (P:0 D:0)
[2018.05.29-08.51.07:445][  0]LogWindows:    3. 'NVIDIA GeForce GTX 1080' (P:0 D:0)
[2018.05.29-08.51.07:445][  0]LogWindows:    4. 'Intel(R) HD Graphics 530' (P:0 D:0)
[2018.05.29-08.51.07:446][  0]LogWindows:    5. 'Intel(R) HD Graphics 530' (P:0 D:0)
[2018.05.29-08.51.07:446][  0]LogWindows:    6. 'Intel(R) HD Graphics 530' (P:0 D:0)
[2018.05.29-08.51.07:446][  0]LogWindows:    7. 'RDPDD Chained DD' (P:0 D:0)
[2018.05.29-08.51.07:446][  0]LogWindows:    8. 'RDP Encoder Mirror Driver' (P:0 D:0)
[2018.05.29-08.51.07:446][  0]LogWindows:    9. 'RDP Reflector Display Driver' (P:0 D:0)
[2018.05.29-08.51.07:446][  0]LogWindows: DebugString: PrimaryIsNotTheChoosenAdapter PrimaryIsNotTheChoosenAdapter PrimaryIsNotTheChoosenAdapter GetVideoDriverDetailsInvalid PrimaryIsNotTheChoosenAdapter GetVideoDriverDetailsInvalid PrimaryIsNotTheChoosenAdapter GetVideoDriverDetailsInvalid PrimaryIsNotTheChoosenAdapter FoundDriverCount:4 
[2018.05.29-08.51.07:446][  0]LogD3D11RHI:     Adapter Name: NVIDIA GeForce GTX 1080
[2018.05.29-08.51.07:446][  0]LogD3D11RHI:   Driver Version: 390.65 (internal:23.21.13.9065, unified:390.65)
[2018.05.29-08.51.07:446][  0]LogD3D11RHI:      Driver Date: 1-3-2018
[2018.05.29-08.51.07:446][  0]LogRHI: Texture pool is 1361 MB (70% of 1945 MB)
[2018.05.29-08.51.07:461][  0]LogD3D11RHI: Async texture creation enabled
[2018.05.29-08.51.07:477][  0]LogD3D11RHI: GPU Timing Frequency: 1000.000000 (Debug: 2 2)
[2018.05.29-08.51.07:522][  0]LogShaderCompilers: Guid format shader working directory is -29 characters bigger than the processId version (../../../../../../Users/1301641/Downloads/GiktHuv/AlgorithmsProject/MyProject/Intermediate/Shaders/WorkingDirectory/6220/).
[2018.05.29-08.51.07:522][  0]LogShaderCompilers: Cleaned the shader compiler working directory 'C:/Users/1301641/AppData/Local/Temp/UnrealShaderWorkingDir/249928924C40F1AD488D4EB0D8A124B6/'.
[2018.05.29-08.51.07:522][  0]LogShaderCompilers: Display: Using Local Shader Compiler.
[2018.05.29-08.51.08:446][  0]LogTemp: Display: Loaded TP AllDesktopTargetPlatform
[2018.05.29-08.51.08:529][  0]LogTemp: Display: Loaded TP MacClientTargetPlatform
[2018.05.29-08.51.08:610][  0]LogTemp: Display: Loaded TP MacNoEditorTargetPlatform
[2018.05.29-08.51.08:690][  0]LogTemp: Display: Loaded TP MacServerTargetPlatform
[2018.05.29-08.51.08:769][  0]LogTemp: Display: Loaded TP MacTargetPlatform
[2018.05.29-08.51.08:848][  0]LogTemp: Display: Loaded TP WindowsClientTargetPlatform
[2018.05.29-08.51.08:927][  0]LogTemp: Display: Loaded TP WindowsNoEditorTargetPlatform
[2018.05.29-08.51.09:010][  0]LogTemp: Display: Loaded TP WindowsServerTargetPlatform
[2018.05.29-08.51.09:085][  0]LogTemp: Display: Loaded TP WindowsTargetPlatform
[2018.05.29-08.51.09:166][  0]LogTemp: Display: Loaded TP AndroidTargetPlatform
[2018.05.29-08.51.09:247][  0]LogTemp: Display: Loaded TP Android_ASTCTargetPlatform
[2018.05.29-08.51.09:327][  0]LogTemp: Display: Loaded TP Android_ATCTargetPlatform
[2018.05.29-08.51.09:407][  0]LogTemp: Display: Loaded TP Android_DXTTargetPlatform
[2018.05.29-08.51.09:489][  0]LogTemp: Display: Loaded TP Android_ETC1TargetPlatform
[2018.05.29-08.51.09:570][  0]LogTemp: Display: Loaded TP Android_ETC2TargetPlatform
[2018.05.29-08.51.09:732][  0]LogTemp: Display: Loaded TP Android_MultiTargetPlatform
[2018.05.29-08.51.09:732][  0]LogTemp: Display: Loaded TP Android_PVRTCTargetPlatform
[2018.05.29-08.51.09:801][  0]LogTemp: Display: Loaded TP HTML5TargetPlatform
[2018.05.29-08.51.09:927][  0]LogTemp: Display: Loaded TP IOSTargetPlatform
[2018.05.29-08.51.09:961][  0]LogTemp: Display: Loaded TP TVOSTargetPlatform
[2018.05.29-08.51.10:042][  0]LogTemp: Display: Loaded TP LinuxClientTargetPlatform
[2018.05.29-08.51.10:125][  0]LogTemp: Display: Loaded TP LinuxNoEditorTargetPlatform
[2018.05.29-08.51.10:204][  0]LogTemp: Display: Loaded TP LinuxServerTargetPlatform
[2018.05.29-08.51.10:286][  0]LogTemp: Display: Loaded TP LinuxTargetPlatform
[2018.05.29-08.51.10:286][  0]LogTargetPlatformManager: Display: Building Assets For Windows
[2018.05.29-08.51.10:974][  0]LogDerivedDataCache: Display: Max Cache Size: 512 MB
[2018.05.29-08.51.11:075][  0]LogDerivedDataCache: Loaded boot cache 0.10s 105MB C:/Users/1301641/AppData/Local/UnrealEngine/4.17/DerivedDataCache/Boot.ddc.
[2018.05.29-08.51.11:075][  0]LogDerivedDataCache: Display: Loaded Boot cache: C:/Users/1301641/AppData/Local/UnrealEngine/4.17/DerivedDataCache/Boot.ddc
[2018.05.29-08.51.11:075][  0]LogDerivedDataCache: FDerivedDataBackendGraph:  Pak pak cache file ../../../../../../Users/1301641/Downloads/GiktHuv/AlgorithmsProject/MyProject/DerivedDataCache/DDC.ddp not found, will not use a pak cache.
[2018.05.29-08.51.11:075][  0]LogDerivedDataCache: Unable to find inner node Pak for hierarchical cache Hierarchy.
[2018.05.29-08.51.11:075][  0]LogDerivedDataCache: FDerivedDataBackendGraph:  CompressedPak pak cache file ../../../../../../Users/1301641/Downloads/GiktHuv/AlgorithmsProject/MyProject/DerivedDataCache/Compressed.ddp not found, will not use a pak cache.
[2018.05.29-08.51.11:075][  0]LogDerivedDataCache: Unable to find inner node CompressedPak for hierarchical cache Hierarchy.
[2018.05.29-08.51.11:090][  0]LogDerivedDataCache: Display: Pak cache opened for reading ../../../Engine/DerivedDataCache/Compressed.ddp.
[2018.05.29-08.51.11:102][  0]LogDerivedDataCache: Using Local data cache path C:/Users/1301641/AppData/Local/UnrealEngine/Common/DerivedDataCache: Writable
[2018.05.29-08.51.11:123][  0]LogMaterial: Verifying Global Shaders for PCD3D_SM5
[2018.05.29-08.51.11:123][  0]LogSlate: Using Freetype 2.6.0
[2018.05.29-08.51.11:124][  0]LogSlate: SlateFontCache - WITH_FREETYPE: 1, WITH_HARFBUZZ: 1
[2018.05.29-08.51.11:124][  0]LogSlate: SlateFontCache - WITH_FREETYPE: 1, WITH_HARFBUZZ: 1
[2018.05.29-08.51.11:391][  0]LogAssetRegistry: FAssetRegistry took 0.0239 seconds to start up
[2018.05.29-08.51.11:576][  0]LogInit: Selected Device Profile: [Windows]
[2018.05.29-08.51.11:580][  0]LogContentStreaming: Texture pool size is 0.00 MB
[2018.05.29-08.51.12:136][  0]LogSimplygon: Simplygon DLL not present - disabling.
[2018.05.29-08.51.12:207][  0]LogMeshReduction: Using SimplygonSwarm for distributed automatic mesh merging
[2018.05.29-08.51.12:207][  0]LogMeshReduction: Using QuadricMeshReduction for automatic static mesh reduction
[2018.05.29-08.51.12:207][  0]LogMeshReduction: No automatic skeletal mesh reduction module available
[2018.05.29-08.51.12:207][  0]LogMeshReduction: No automatic mesh merging module available
[2018.05.29-08.51.12:207][  0]LogMeshMerging: No automatic mesh merging module available
[2018.05.29-08.51.12:581][  0]LogNetVersion: FracTales , NetCL: 3573198, EngineNetVer: 2, GameNetVer: 0 (Checksum: 1863221474)
[2018.05.29-08.51.12:829][  0]LogPackageLocalizationCache: Processed 5 localized package path(s) for 2 prioritized culture(s) in 0.045709 seconds
[2018.05.29-08.51.12:833][  0]LogUObjectArray: 35825 objects as part of root set at end of initial load.
[2018.05.29-08.51.12:834][  0]LogUObjectAllocator: 7529112 out of 0 bytes used by permanent object pool.
[2018.05.29-08.51.12:834][  0]LogUObjectArray: CloseDisregardForGC: 0/0 objects in disregard for GC pool
[2018.05.29-08.51.12:908][  0]LogInit: WinSock: version 1.1 (2.2), MaxSocks=32767, MaxUdp=65467
[2018.05.29-08.51.16:408][  0]LogTcpMessaging: Initializing TcpMessaging bridge
[2018.05.29-08.51.16:452][  0]LogUdpMessaging: Initializing bridge on interface 0.0.0.0:0 to multicast group 230.0.0.1:6666.
[2018.05.29-08.51.17:446][  0]LogMaterial: Uniform references updated for custom material expression Custom.
[2018.05.29-08.51.18:087][  0]SourceControl: Source control is disabled
[2018.05.29-08.51.18:087][  0]SourceControl: Source control is disabled
[2018.05.29-08.51.18:165][  0]SourceControl: Source control is disabled
[2018.05.29-08.51.18:245][  0]SourceControl: Source control is disabled
[2018.05.29-08.51.19:178][  0]LogAndroidPermission: UAndroidPermissionCallbackProxy::GetInstance
[2018.05.29-08.51.19:567][  0]LogOcInput: OculusInput pre-init called
[2018.05.29-08.51.19:944][  0]LogEngine: Initializing Engine...
[2018.05.29-08.51.19:946][  0]LogHMD: Failed to initialize OpenVR with code 110
[2018.05.29-08.51.20:191][  0]LogStats: UGameplayTagsManager::ConstructGameplayTagTree: Construct from data asset -  0.000 s
[2018.05.29-08.51.20:191][  0]LogStats: UGameplayTagsManager::ConstructGameplayTagTree: GameplayTagTreeChangedEvent.Broadcast -  0.000 s
[2018.05.29-08.51.20:411][  0]LogAIModule: Creating AISystem for world Untitled
[2018.05.29-08.51.20:426][  0]LogInit: XAudio2 using 'Headphones (High Definition Audio Device)' : 2 channels at 44.1 kHz using 16 bits per sample (channel mask 0x3)
[2018.05.29-08.51.20:439][  0]LogInit: FAudioDevice initialized.
[2018.05.29-08.51.20:509][  0]LogDerivedDataCache: Saved boot cache 0.07s 105MB C:/Users/1301641/AppData/Local/UnrealEngine/4.17/DerivedDataCache/Boot.ddc.
[2018.05.29-08.51.20:523][  0]LogInit: Texture streaming: Enabled
[2018.05.29-08.51.20:664][  0]LogEngineSessionManager: EngineSessionManager initialized
[2018.05.29-08.51.21:031][  0]LogInit: Transaction tracking system initialized
[2018.05.29-08.51.21:566][  0]BlueprintLog: New page: Editor Load
[2018.05.29-08.51.23:016][  0]LocalizationService: Localization service is disabled
[2018.05.29-08.51.24:168][  0]LogConsoleResponse: Display: 
[2018.05.29-08.51.24:347][  0]LogCook: Display: Max memory allowance for cook 16384mb min free memory 0mb
[2018.05.29-08.51.24:347][  0]LogCook: Display: Mobile HDR setting 1
[2018.05.29-08.51.24:347][  0]LogGameplayTags: Display: UGameplayTagsManager::DoneAddingNativeTags. DelegateIsBound: 0
[2018.05.29-08.51.24:384][  0]LogFileCache: Scanning file cache for directory 'C:/Users/1301641/Downloads/GiktHuv/AlgorithmsProject/MyProject/Content/' took 0.02s
[2018.05.29-08.51.25:992][  0]SourceControl: Source control is disabled
[2018.05.29-08.51.25:992][  0]Cmd: MAP LOAD FILE="../../../../../../Users/1301641/Downloads/GiktHuv/AlgorithmsProject/MyProject/Content/FirstPersonBP/Maps/FirstPersonExampleMap.umap" TEMPLATE=0 SHOWPROGRESS=1 FEATURELEVEL=3
[2018.05.29-08.51.25:992][  0]LogEditorServer: Warning: Can't find file '../../../../../../Users/1301641/Downloads/GiktHuv/AlgorithmsProject/MyProject/Content/FirstPersonBP/Maps/FirstPersonExampleMap.umap'
[2018.05.29-08.51.25:992][  0]Cmd: MAP CHECKDEP NOCLEARLOG
[2018.05.29-08.51.26:068][  0]MapCheck: Map check complete: 0 Error(s), 0 Warning(s), took 75.632ms to complete.
[2018.05.29-08.51.26:068][  0]LogFileHelpers: Loading map 'FirstPersonExampleMap' took 0.076
[2018.05.29-08.51.26:218][  0]LogCollectionManager: Loaded 0 collections in 0.001027 seconds
[2018.05.29-08.51.26:330][  0]LogFileCache: Scanning file cache for directory 'C:/Users/1301641/Downloads/GiktHuv/AlgorithmsProject/MyProject/Saved/Collections/' took 0.01s
[2018.05.29-08.51.26:330][  0]LogFileCache: Scanning file cache for directory 'C:/Users/1301641/Downloads/GiktHuv/AlgorithmsProject/MyProject/Content/Developers/1301641/Collections/' took 0.01s
[2018.05.29-08.51.26:330][  0]LogFileCache: Scanning file cache for directory 'C:/Users/1301641/Downloads/GiktHuv/AlgorithmsProject/MyProject/Content/Collections/' took 0.01s
[2018.05.29-08.51.26:330][  0]LogCollectionManager: Rebuilt the GUID cache for 0 collections in 0.000000 seconds
[2018.05.29-08.51.26:337][  0]LogContentBrowser: Native class hierarchy populated in 0.0074 seconds. Added 2386 classes and 500 folders.
[2018.05.29-08.51.26:440][  0]LogContentBrowser: Native class hierarchy updated for 'WidgetCarousel' in 0.0005 seconds. Added 0 classes and 0 folders.
[2018.05.29-08.51.26:492][  0]LogContentBrowser: Native class hierarchy updated for 'AddContentDialog' in 0.0006 seconds. Added 0 classes and 0 folders.
[2018.05.29-08.51.26:562][  0]LogContentBrowser: Native class hierarchy updated for 'SceneOutliner' in 0.0006 seconds. Added 1 classes and 2 folders.
[2018.05.29-08.51.26:582][  0]LogSlate: Took 0.000367 seconds to synchronously load lazily loaded font '../../../Engine/Content/Slate/Fonts/Roboto-Regular.ttf' (155K)
[2018.05.29-08.51.26:584][  0]LogSlate: Took 0.000446 seconds to synchronously load lazily loaded font '../../../Engine/Content/Slate/Fonts/Roboto-Bold.ttf' (160K)
[2018.05.29-08.51.26:589][  0]LogSlate: Took 0.000265 seconds to synchronously load lazily loaded font '../../../Engine/Content/Editor/Slate/Fonts/FontAwesome.ttf' (139K)
[2018.05.29-08.51.26:681][  0]LogRenderer: Reallocating scene render targets to support 1208x576 Format 10 NumSamples 1 (Frame:1).
[2018.05.29-08.51.26:899][  0]LogContentBrowser: Native class hierarchy updated for 'HierarchicalLODOutliner' in 0.0005 seconds. Added 1 classes and 2 folders.
[2018.05.29-08.51.26:900][  0]LogLoad: (Engine Initialization) Total time: 22.46 seconds
[2018.05.29-08.51.26:900][  0]LogLoad: (Engine Initialization) Total Blueprint compile time: 0.00 seconds
[2018.05.29-08.51.26:900][  0]LogExternalProfiler: Found external profiler: VSPerf
[2018.05.29-08.51.26:900][  0]LogExternalProfiler: Using external profiler: VSPerf
[2018.05.29-08.51.26:939][  0]LogContentStreaming: Texture pool size now 1000 MB
[2018.05.29-08.51.26:988][  0]LogSlate: Took 0.000264 seconds to synchronously load lazily loaded font '../../../Engine/Content/Slate/Fonts/Roboto-Light.ttf' (159K)
[2018.05.29-08.51.26:992][  1]LogFileCache: Retrieving MD5 hashes for directory 'C:/Users/1301641/Downloads/GiktHuv/AlgorithmsProject/MyProject/Content/' took 0.07s
[2018.05.29-08.51.27:007][  1]LogAssetRegistry: Asset discovery search completed in 15.6376 seconds
[2018.05.29-08.51.27:009][  1]LogCollectionManager: Rebuilt the object cache for 0 collections in 0.000000 seconds (found 0 objects)
[2018.05.29-08.51.27:009][  1]LogCollectionManager: Fixed up redirectors for 0 collections in 0.000035 seconds (updated 0 objects)
[2018.05.29-08.51.50:473][793]LogSlate: Took 0.000247 seconds to synchronously load lazily loaded font '../../../Engine/Content/Slate/Fonts/Roboto-Light.ttf' (159K)
[2018.05.29-08.51.53:582][793]LogAIModule: Creating AISystem for world IslandMap_01
[2018.05.29-08.51.53:635][793]LogSlate: Took 0.000297 seconds to synchronously load lazily loaded font '../../../Engine/Content/Slate/Fonts/Roboto-Regular.ttf' (155K)
[2018.05.29-08.51.53:667][793]Cmd: MAP LOAD FILE="../../../../../../Users/1301641/Downloads/GiktHuv/AlgorithmsProject/MyProject/Content/TestingGrounds/FPTestingZone/Maps/IslandMap_01.umap" TEMPLATE=0 SHOWPROGRESS=1 FEATURELEVEL=3
[2018.05.29-08.51.53:667][793]LightingResults: New page: Lighting Build
[2018.05.29-08.51.53:742][793]LogContentBrowser: Native class hierarchy updated for 'StatsViewer' in 0.0006 seconds. Added 5 classes and 0 folders.
[2018.05.29-08.51.53:742][793]LoadErrors: New page: Loading map: IslandMap_01.umap
[2018.05.29-08.51.53:743][793]MapCheck: New page: Map Check
[2018.05.29-08.51.53:743][793]LightingResults: New page: Lighting Build
[2018.05.29-08.51.54:541][793]LogEditorServer: Finished looking for orphan Actors (0.000 secs)
[2018.05.29-08.51.54:787][793]Cmd: MAP CHECKDEP NOCLEARLOG
[2018.05.29-08.51.54:876][793]MapCheck: Map check complete: 0 Error(s), 0 Warning(s), took 88.473ms to complete.
[2018.05.29-08.51.54:876][793]LogFileHelpers: Loading map 'IslandMap_01' took 1.210
[2018.05.29-08.52.13:623][925]LogMaterial: Missing cached shader map for material M_grass_basic, compiling. 
[2018.05.29-08.52.14:278][925]LogRenderer: Reallocating scene render targets to support 1432x924 Format 10 NumSamples 1 (Frame:1).
[2018.05.29-08.52.26:839][103]LogActorFactory: Actor Factory created SM_grass3
[2018.05.29-08.52.27:995][166]LogActorFactory: Actor Factory created SM_grass4
[2018.05.29-08.52.29:040][265]LogActorFactory: Actor Factory created SM_grass5
[2018.05.29-08.52.30:011][364]LogActorFactory: Actor Factory created SM_grass6
[2018.05.29-08.52.31:243][483]LogActorFactory: Actor Factory created SM_grass_patch1
[2018.05.29-08.52.32:352][591]LogActorFactory: Actor Factory created SM_grass_patch2
[2018.05.29-08.52.33:452][701]LogActorFactory: Actor Factory created SM_grass_patch3
[2018.05.29-08.52.34:593][816]LogActorFactory: Actor Factory created SM_grass_patch4
[2018.05.29-08.52.35:785][930]LogActorFactory: Actor Factory created SM_grass_patch5
[2018.05.29-08.52.36:932][ 38]LogActorFactory: Actor Factory created SM_grass_patch6
[2018.05.29-08.52.40:335][398]LogActorFactory: Actor Factory created SM_grass_flower1
[2018.05.29-08.52.41:241][492]LogActorFactory: Actor Factory created SM_grass_flower2
[2018.05.29-08.52.42:227][592]LogActorFactory: Actor Factory created SM_grass_flower3
[2018.05.29-08.52.43:194][682]LogActorFactory: Actor Factory created SM_grass_flower4
[2018.05.29-08.52.44:302][796]LogActorFactory: Actor Factory created SM_grass_flower5
[2018.05.29-08.52.45:252][887]LogActorFactory: Actor Factory created SM_grass_flower6
[2018.05.29-08.52.46:293][987]LogActorFactory: Actor Factory created SM_grass_patch_flower1
[2018.05.29-08.52.47:675][124]LogActorFactory: Actor Factory created SM_grass_patch_flower2
[2018.05.29-08.52.48:672][223]LogActorFactory: Actor Factory created SM_grass_patch_flower3
[2018.05.29-08.52.49:768][325]LogActorFactory: Actor Factory created SM_grass_patch_flower4
[2018.05.29-08.52.51:045][449]LogActorFactory: Actor Factory created SM_grass_patch_flower5
[2018.05.29-08.52.52:506][593]LogActorFactory: Actor Factory created SM_grass_patch_flower6
[2018.05.29-08.53.41:168][  1]LogTemp: Repeating last play command: Selected Viewport
[2018.05.29-08.53.41:298][  1]LogPlayLevel: PlayLevel: No blueprints needed recompiling
[2018.05.29-08.53.41:298][  1]PIE: New page: PIE session: IslandMap_01 (29 May 2018 10:53:41)
[2018.05.29-08.53.41:298][  1]LogPlayLevel: Creating play world package: /Game/TestingGrounds/FPTestingZone/Maps/UEDPIE_0_IslandMap_01
[2018.05.29-08.53.42:208][  1]LogPlayLevel: PIE: StaticDuplicateObject took: (0.909017s)
[2018.05.29-08.53.42:208][  1]LogAIModule: Creating AISystem for world IslandMap_01
[2018.05.29-08.53.42:209][  1]LogPlayLevel: PIE: World Init took: (0.000978s)
[2018.05.29-08.53.42:209][  1]LogPlayLevel: PIE: Created PIE world by copying editor world from /Game/TestingGrounds/FPTestingZone/Maps/IslandMap_01.IslandMap_01 to /Game/TestingGrounds/FPTestingZone/Maps/UEDPIE_0_IslandMap_01.IslandMap_01 (0.910569s)
[2018.05.29-08.53.42:223][  1]LogInit: XAudio2 using 'Headphones (High Definition Audio Device)' : 2 channels at 44.1 kHz using 16 bits per sample (channel mask 0x3)
[2018.05.29-08.53.42:231][  1]LogInit: FAudioDevice initialized.
[2018.05.29-08.53.42:891][  1]LogClass: Warning: Enum '/Game/DialogueSystem/Blueprints/Enums/e_DialogueSelectionTypes.e_DialogueSelectionTypes' was upgraded to use FText to store its display name data. Please re-save this asset to avoid issues with localization and determinstic cooking.
[2018.05.29-08.53.43:425][  1]LogClass: Warning: Enum '/Game/DialogueSystem/Blueprints/Enums/e_OptionCategories.e_OptionCategories' was upgraded to use FText to store its display name data. Please re-save this asset to avoid issues with localization and determinstic cooking.
[2018.05.29-08.53.43:542][  1]LogMovieScene: Warning: Legacy data detected in sequence '/Game/DialogueSystem/Widgets/MainWidget (Unknown sequence)'. This will cause deterministic cooking issues. Please resave the package.
[2018.05.29-08.53.43:542][  1]LogMovieScene: Warning: Legacy data detected in sequence '/Game/DialogueSystem/Widgets/MainWidget (FadeToBlack)'. This will cause deterministic cooking issues. Please resave the package.
[2018.05.29-08.53.43:542][  1]LogMovieScene: Warning: Legacy data detected in sequence '/Engine/Transient (Unknown sequence)'. This will cause deterministic cooking issues. Please resave the package.
[2018.05.29-08.53.43:542][  1]LogMovieScene: Warning: Legacy data detected in sequence '/Engine/Transient (FadeToBlack_INST)'. This will cause deterministic cooking issues. Please resave the package.
[2018.05.29-08.53.43:542][  1]LogMovieScene: Warning: Legacy data detected in sequence '/Game/DialogueSystem/Widgets/MainWidget (FadeToBlack)'. This will cause deterministic cooking issues. Please resave the package.
[2018.05.29-08.53.43:542][  1]LogMovieScene: Warning: Legacy data detected in sequence '/Engine/Transient (FadeToBlack_INST)'. This will cause deterministic cooking issues. Please resave the package.
[2018.05.29-08.53.43:542][  1]LogMovieScene: Warning: Legacy data detected in sequence '/Game/DialogueSystem/Widgets/MainWidget (FadeToBlack)'. This will cause deterministic cooking issues. Please resave the package.
[2018.05.29-08.53.43:542][  1]LogMovieScene: Warning: Legacy data detected in sequence '/Engine/Transient (FadeToBlack_INST)'. This will cause deterministic cooking issues. Please resave the package.
[2018.05.29-08.53.43:734][  1]LogLoad: Game class is 'FirstPersonGameMode_C'
[2018.05.29-08.53.43:783][  1]LogWorld: Bringing World /Game/TestingGrounds/FPTestingZone/Maps/UEDPIE_0_IslandMap_01.IslandMap_01 up for play (max tick rate 0) at 2018.05.29-09.53.43
[2018.05.29-08.53.43:783][  1]LogWorld: Bringing up level for play took: 0.047162
[2018.05.29-08.53.43:856][  1]LogContentBrowser: Native class hierarchy updated for 'MovieSceneCapture' in 0.0007 seconds. Added 11 classes and 0 folders.
[2018.05.29-08.53.43:862][  1]PIE: Play in editor start time for /Game/TestingGrounds/FPTestingZone/Maps/UEDPIE_0_IslandMap_01 3.553
[2018.05.29-08.54.07:760][890]Cmd: TRANSACTION UNDO
[2018.05.29-08.54.07:760][890]LogEditorTransaction: Undo Foliage Editing
[2018.05.29-08.54.08:563][890]LogSlate: Took 0.000301 seconds to synchronously load lazily loaded font '../../../Engine/Content/Slate/Fonts/Roboto-Light.ttf' (159K)
[2018.05.29-08.54.09:207][921]Cmd: TRANSACTION UNDO
[2018.05.29-08.54.09:207][921]LogEditorTransaction: Undo Foliage Editing
[2018.05.29-08.54.10:394][973]Cmd: TRANSACTION UNDO
[2018.05.29-08.54.10:394][973]LogEditorTransaction: Undo Foliage Editing
[2018.05.29-08.54.35:342][422]LogTemp: Repeating last play command: Selected Viewport
[2018.05.29-08.54.35:365][422]LogPlayLevel: PlayLevel: No blueprints needed recompiling
[2018.05.29-08.54.35:365][422]PIE: New page: PIE session: IslandMap_01 (29 May 2018 10:54:35)
[2018.05.29-08.54.35:365][422]LogPlayLevel: Creating play world package: /Game/TestingGrounds/FPTestingZone/Maps/UEDPIE_0_IslandMap_01
[2018.05.29-08.54.35:869][422]LogPlayLevel: PIE: StaticDuplicateObject took: (0.503397s)
[2018.05.29-08.54.35:870][422]LogAIModule: Creating AISystem for world IslandMap_01
[2018.05.29-08.54.35:870][422]LogPlayLevel: PIE: World Init took: (0.001287s)
[2018.05.29-08.54.35:870][422]LogPlayLevel: PIE: Created PIE world by copying editor world from /Game/TestingGrounds/FPTestingZone/Maps/IslandMap_01.IslandMap_01 to /Game/TestingGrounds/FPTestingZone/Maps/UEDPIE_0_IslandMap_01.IslandMap_01 (0.504960s)
[2018.05.29-08.54.35:894][422]LogInit: XAudio2 using 'Headphones (High Definition Audio Device)' : 2 channels at 44.1 kHz using 16 bits per sample (channel mask 0x3)
[2018.05.29-08.54.35:903][422]LogInit: FAudioDevice initialized.
[2018.05.29-08.54.35:935][422]LogLoad: Game class is 'FirstPersonGameMode_C'
[2018.05.29-08.54.35:970][422]LogWorld: Bringing World /Game/TestingGrounds/FPTestingZone/Maps/UEDPIE_0_IslandMap_01.IslandMap_01 up for play (max tick rate 0) at 2018.05.29-09.54.35
[2018.05.29-08.54.35:971][422]LogWorld: Bringing up level for play took: 0.034859
[2018.05.29-08.54.35:976][422]PIE: Play in editor start time for /Game/TestingGrounds/FPTestingZone/Maps/UEDPIE_0_IslandMap_01 -0.334
[2018.05.29-08.55.03:723][ 43]Cmd: TRANSACTION UNDO
[2018.05.29-08.55.03:723][ 43]LogEditorTransaction: Undo Foliage Editing
[2018.05.29-08.55.06:254][126]Cmd: TRANSACTION UNDO
[2018.05.29-08.55.06:254][126]LogEditorTransaction: Undo Foliage Editing
[2018.05.29-08.55.12:779][765]Cmd: TRANSACTION UNDO
[2018.05.29-08.55.12:779][765]LogEditorTransaction: Undo Foliage Editing
[2018.05.29-08.55.18:149][286]Cmd: TRANSACTION UNDO
[2018.05.29-08.55.18:149][286]LogEditorTransaction: Undo Foliage Editing
[2018.05.29-08.55.32:106][149]LogTemp: Repeating last play command: Selected Viewport
[2018.05.29-08.55.32:128][149]LogPlayLevel: PlayLevel: No blueprints needed recompiling
[2018.05.29-08.55.32:128][149]PIE: New page: PIE session: IslandMap_01 (29 May 2018 10:55:32)
[2018.05.29-08.55.32:128][149]LogPlayLevel: Creating play world package: /Game/TestingGrounds/FPTestingZone/Maps/UEDPIE_0_IslandMap_01
[2018.05.29-08.55.32:528][149]LogPlayLevel: PIE: StaticDuplicateObject took: (0.399464s)
[2018.05.29-08.55.32:528][149]LogAIModule: Creating AISystem for world IslandMap_01
[2018.05.29-08.55.32:528][149]LogPlayLevel: PIE: World Init took: (0.000870s)
[2018.05.29-08.55.32:529][149]LogPlayLevel: PIE: Created PIE world by copying editor world from /Game/TestingGrounds/FPTestingZone/Maps/IslandMap_01.IslandMap_01 to /Game/TestingGrounds/FPTestingZone/Maps/UEDPIE_0_IslandMap_01.IslandMap_01 (0.400629s)
[2018.05.29-08.55.32:559][149]LogInit: XAudio2 using 'Headphones (High Definition Audio Device)' : 2 channels at 44.1 kHz using 16 bits per sample (channel mask 0x3)
[2018.05.29-08.55.32:567][149]LogInit: FAudioDevice initialized.
[2018.05.29-08.55.32:597][149]LogLoad: Game class is 'FirstPersonGameMode_C'
[2018.05.29-08.55.32:628][149]LogWorld: Bringing World /Game/TestingGrounds/FPTestingZone/Maps/UEDPIE_0_IslandMap_01.IslandMap_01 up for play (max tick rate 0) at 2018.05.29-09.55.32
[2018.05.29-08.55.32:629][149]LogWorld: Bringing up level for play took: 0.030951
[2018.05.29-08.55.32:635][149]PIE: Play in editor start time for /Game/TestingGrounds/FPTestingZone/Maps/UEDPIE_0_IslandMap_01 0.322
[2018.05.29-08.56.10:050][ 76]Cmd: TRANSACTION UNDO
[2018.05.29-08.56.10:050][ 76]LogEditorTransaction: Undo Foliage Editing
[2018.05.29-08.56.10:909][116]Cmd: TRANSACTION UNDO
[2018.05.29-08.56.10:909][116]LogEditorTransaction: Undo Foliage Editing
[2018.05.29-08.56.20:645][746]LogSavePackage: Save=2746.04ms
[2018.05.29-08.56.20:645][746]LogSavePackage: Moving '../../../../../../Users/1301641/Downloads/GiktHuv/AlgorithmsProject/MyProject/Saved/IslandMap_016866007844A3DFC662F9A095FBC46139.tmp' to '../../../../../../Users/1301641/Downloads/GiktHuv/AlgorithmsProject/MyProject/Content/TestingGrounds/FPTestingZone/Maps/IslandMap_01.umap'
[2018.05.29-08.56.20:653][746]LogSavePackage: Display: Finished SavePackage ../../../../../../Users/1301641/Downloads/GiktHuv/AlgorithmsProject/MyProject/Content/TestingGrounds/FPTestingZone/Maps/IslandMap_01.umap
[2018.05.29-08.56.31:933][746]LogSavePackage: Save=11231.26ms
[2018.05.29-08.56.31:933][746]LogSavePackage: Moving '../../../../../../Users/1301641/Downloads/GiktHuv/AlgorithmsProject/MyProject/Saved/IslandMap_01_BuiltData817A8E62401C36DF6B2F9BB26AC6C466.tmp' to '../../../../../../Users/1301641/Downloads/GiktHuv/AlgorithmsProject/MyProject/Content/TestingGrounds/FPTestingZone/Maps/IslandMap_01_BuiltData.uasset'
[2018.05.29-08.56.31:973][746]LogSavePackage: Display: Finished SavePackage ../../../../../../Users/1301641/Downloads/GiktHuv/AlgorithmsProject/MyProject/Content/TestingGrounds/FPTestingZone/Maps/IslandMap_01_BuiltData.uasset
[2018.05.29-08.59.55:879][278]LogD3D11RHI: Timed out while waiting for GPU to catch up. (0.5 s)
[2018.05.29-09.00.06:153][325]LogD3D11RHI: Timed out while waiting for GPU to catch up. (0.5 s)
[2018.05.29-09.00.06:500][329]LogTemp: Repeating last play command: Selected Viewport
[2018.05.29-09.00.06:522][329]LogPlayLevel: PlayLevel: No blueprints needed recompiling
[2018.05.29-09.00.06:522][329]PIE: New page: PIE session: IslandMap_01 (29 May 2018 11:00:06)
[2018.05.29-09.00.06:522][329]LogPlayLevel: Creating play world package: /Game/TestingGrounds/FPTestingZone/Maps/UEDPIE_0_IslandMap_01
[2018.05.29-09.00.10:123][329]LogPlayLevel: PIE: StaticDuplicateObject took: (3.600827s)
[2018.05.29-09.00.10:124][329]LogAIModule: Creating AISystem for world IslandMap_01
[2018.05.29-09.00.10:124][329]LogPlayLevel: PIE: World Init took: (0.001190s)
[2018.05.29-09.00.10:124][329]LogPlayLevel: PIE: Created PIE world by copying editor world from /Game/TestingGrounds/FPTestingZone/Maps/IslandMap_01.IslandMap_01 to /Game/TestingGrounds/FPTestingZone/Maps/UEDPIE_0_IslandMap_01.IslandMap_01 (3.602302s)
[2018.05.29-09.00.10:147][329]LogInit: XAudio2 using 'Headphones (High Definition Audio Device)' : 2 channels at 44.1 kHz using 16 bits per sample (channel mask 0x3)
[2018.05.29-09.00.10:154][329]LogInit: FAudioDevice initialized.
[2018.05.29-09.00.10:182][329]LogLoad: Game class is 'FirstPersonGameMode_C'
[2018.05.29-09.00.10:343][329]LogWorld: Bringing World /Game/TestingGrounds/FPTestingZone/Maps/UEDPIE_0_IslandMap_01.IslandMap_01 up for play (max tick rate 0) at 2018.05.29-10.00.10
[2018.05.29-09.00.10:344][329]LogWorld: Bringing up level for play took: 0.161344
[2018.05.29-09.00.10:350][329]PIE: Play in editor start time for /Game/TestingGrounds/FPTestingZone/Maps/UEDPIE_0_IslandMap_01 4.028
[2018.05.29-09.00.11:193][333]LogD3D11RHI: Timed out while waiting for GPU to catch up. (0.5 s)
[2018.05.29-09.00.50:360][855]LogD3D11RHI: Timed out while waiting for GPU to catch up. (0.5 s)
[2018.05.29-09.00.51:214][858]LogD3D11RHI: Timed out while waiting for GPU to catch up. (0.5 s)
[2018.05.29-09.00.51:216][858]LogCharacterMovement: Warning: GetSimulationTimeStep() - Max iterations 8 hit while remaining time 0.062569 > MaxSimulationTimeStep (0.050) for 'FirstPersonCharacter_C_0', movement 'Walking'
[2018.05.29-09.00.59:581][547]LogD3D11RHI: Timed out while waiting for GPU to catch up. (0.5 s)
[2018.05.29-09.01.11:376][668]LogD3D11RHI: Timed out while waiting for GPU to catch up. (0.5 s)
[2018.05.29-09.01.12:234][671]LogD3D11RHI: Timed out while waiting for GPU to catch up. (0.5 s)
[2018.05.29-09.01.40:782][212]LogD3D11RHI: Timed out while waiting for GPU to catch up. (0.5 s)
[2018.05.29-09.01.52:195][335]LogD3D11RHI: Timed out while waiting for GPU to catch up. (0.5 s)
