Log file open, 05/22/18 10:16:57
LogWindows: LoadLibraryWithSearchPaths failed for file aqProf.dll. GetLastError=0
LogWindows: LoadLibraryWithSearchPaths failed for file VtuneApi.dll. GetLastError=0
LogWindows: LoadLibraryWithSearchPaths failed for file VtuneApi32e.dll. GetLastError=0
LogInit: Display: Running engine for game: FracTales
LogPlatformFile: Not using cached read wrapper
LogInit: Display: RandInit(1404099080) SRandInit(1404099080).
LogTaskGraph: Started task graph with 5 named threads and 14 total threads with 3 sets of task threads.
LogStats: Stats thread started at 0.169099
LogD3D11RHI: Aftermath initialized
LogPluginManager: Mounting plugin Paper2D
LogPluginManager: Mounting plugin LightPropagationVolume
LogPluginManager: Mounting plugin CodeLiteSourceCodeAccess
LogPluginManager: Mounting plugin GitSourceControl
LogPluginManager: Mounting plugin KDevelopSourceCodeAccess
LogPluginManager: Mounting plugin NullSourceCodeAccess
LogPluginManager: Mounting plugin PerforceSourceControl
LogPluginManager: Mounting plugin SubversionSourceControl
LogPluginManager: Mounting plugin UObjectPlugin
LogPluginManager: Mounting plugin VisualStudioSourceCodeAccess
LogPluginManager: Mounting plugin XCodeSourceCodeAccess
LogPluginManager: Mounting plugin AssetManagerEditor
LogPluginManager: Mounting plugin AudioCapture
LogPluginManager: Mounting plugin FacialAnimation
LogPluginManager: Mounting plugin GameplayTagsEditor
LogPluginManager: Mounting plugin MobileLauncherProfileWizard
LogPluginManager: Mounting plugin PluginBrowser
LogPluginManager: Mounting plugin SpeedTreeImporter
LogPluginManager: Mounting plugin AlembicImporter
LogPluginManager: Mounting plugin CharacterAI
LogPluginManager: Mounting plugin HTML5Networking
LogPluginManager: Mounting plugin AndroidMedia
LogPluginManager: Mounting plugin AvfMedia
LogPluginManager: Mounting plugin MediaPlayerEditor
LogPluginManager: Mounting plugin WmfMedia
LogPluginManager: Mounting plugin TcpMessaging
LogPluginManager: Mounting plugin UdpMessaging
LogPluginManager: Mounting plugin LevelSequenceEditor
LogPluginManager: Mounting plugin MatineeToLevelSequence
LogPluginManager: Mounting plugin OnlineSubsystemGooglePlay
LogPluginManager: Mounting plugin OnlineSubsystemIOS
LogPluginManager: Mounting plugin OnlineSubsystem
LogPluginManager: Mounting plugin OnlineSubsystemNull
LogPluginManager: Mounting plugin OnlineSubsystemUtils
LogPluginManager: Mounting plugin AndroidDeviceProfileSelector
LogPluginManager: Mounting plugin AndroidMoviePlayer
LogPluginManager: Mounting plugin AndroidPermission
LogPluginManager: Mounting plugin AppleMoviePlayer
LogPluginManager: Mounting plugin ArchVisCharacter
LogPluginManager: Mounting plugin CableComponent
LogPluginManager: Mounting plugin CustomMeshComponent
LogPluginManager: Mounting plugin ExampleDeviceProfileSelector
LogPluginManager: Mounting plugin GoogleCloudMessaging
LogPluginManager: Mounting plugin ImmediatePhysics
LogPluginManager: Mounting plugin IOSDeviceProfileSelector
LogPluginManager: Mounting plugin LinuxDeviceProfileSelector
LogPluginManager: Mounting plugin LocationServicesBPLibrary
LogPluginManager: Mounting plugin MobilePatchingUtils
LogPluginManager: Mounting plugin OculusVR
LogPluginManager: Mounting plugin PhysXVehicles
LogPluginManager: Mounting plugin ProceduralMeshComponent
LogPluginManager: Mounting plugin RuntimePhysXCooking
LogPluginManager: Mounting plugin SteamVR
LogPluginManager: Mounting plugin WindowsMoviePlayer
LogInit: Using libcurl 7.47.1
LogInit:  - built for x86_64-pc-win32
LogInit:  - supports SSL with OpenSSL/1.0.2g
LogInit:  - supports HTTP deflate (compression) using libz 1.2.8
LogInit:  - other features:
LogInit:      CURL_VERSION_SSL
LogInit:      CURL_VERSION_LIBZ
LogInit:      CURL_VERSION_IPV6
LogInit:      CURL_VERSION_ASYNCHDNS
LogInit:      CURL_VERSION_LARGEFILE
LogInit:      CURL_VERSION_IDN
LogInit:  CurlRequestOptions (configurable via config and command line):
LogInit:  - bVerifyPeer = false  - Libcurl will NOT verify peer certificate
LogInit:  - bUseHttpProxy = false  - Libcurl will NOT use HTTP proxy
LogInit:  - bDontReuseConnections = false  - Libcurl will reuse connections
LogInit:  - CertBundlePath = nullptr  - Libcurl will use whatever was configured at build time.
LogHMD: Failed initializing OVRPlugin 1.15.0
LogInit: Build: ++UE4+Release-4.17-CL-3573198
LogInit: Engine Version: 4.17.0-3573198+++UE4+Release-4.17
LogInit: Compatible Engine Version: 4.17.0-3573198+++UE4+Release-4.17
LogInit: Net CL: 3573198
LogDevObjectVersion: Number of dev versions registered: 16
LogDevObjectVersion:   Dev-Blueprints (B0D832E4-1F89-4F0D-ACCF-7EB736FD4AA2): 10
LogDevObjectVersion:   Dev-Build (E1C64328-A22C-4D53-A36C-8E866417BD8C): 0
LogDevObjectVersion:   Dev-Core (375EC13C-06E4-48FB-B500-84F0262A717E): 2
LogDevObjectVersion:   Dev-Editor (E4B068ED-F494-42E9-A231-DA0B2E46BB41): 20
LogDevObjectVersion:   Dev-Framework (CFFC743F-43B0-4480-9391-14DF171D2073): 28
LogDevObjectVersion:   Dev-Mobile (B02B49B5-BB20-44E9-A304-32B752E40360): 0
LogDevObjectVersion:   Dev-Networking (A4E4105C-59A1-49B5-A7C5-40C4547EDFEE): 0
LogDevObjectVersion:   Dev-Online (39C831C9-5AE6-47DC-9A44-9C173E1C8E7C): 0
LogDevObjectVersion:   Dev-Physics (78F01B33-EBEA-4F98-B9B4-84EACCB95AA2): 0
LogDevObjectVersion:   Dev-Platform (6631380F-2D4D-43E0-8009-CF276956A95A): 0
LogDevObjectVersion:   Dev-Rendering (12F88B9F-8875-4AFC-A67C-D90C383ABD29): 19
LogDevObjectVersion:   Dev-Sequencer (7B5AE74C-D270-4C10-A958-57980B212A5A): 4
LogDevObjectVersion:   Dev-VR (D7296918-1DD6-4BDD-9DE2-64A83CC13884): 0
LogDevObjectVersion:   Dev-LoadTimes (C2A15278-BFE7-4AFE-6C17-90FF531DF755): 1
LogDevObjectVersion:   Private-Geometry (6EACA3D4-40EC-4CC1-B786-8BED09428FC5): 1
LogDevObjectVersion:   Dev-AnimPhys (29E575DD-E0A3-4627-9D10-D276232CDCEA): 7
LogInit: Compiled (64-bit): Aug  4 2017 16:30:33
LogInit: Compiled with Visual C++: 19.00.24215.01
LogInit: Build Configuration: Development
LogInit: Branch Name: ++UE4+Release-4.17
LogInit: Command line: 
LogInit: Base directory: C:/Program Files (x86)/Epic Games/UE_4.17/Engine/Binaries/Win64/
LogInit: Installed Engine Build: 1
LogInit: Presizing for max 8388607 objects, including 0 objects not considered by GC, pre-allocating 0 bytes for permanent pool.
LogInit: Object subsystem initialized
[2018.05.22-09.16.58:540][  0]LogInit: Selected Device Profile: [Windows]
[2018.05.22-09.16.58:541][  0]LogInit: Applying CVar settings loaded from the selected device profile: [Windows]
[2018.05.22-09.16.58:561][  0]LogInit: Computer: MC11671
[2018.05.22-09.16.58:561][  0]LogInit: User: 1302534
[2018.05.22-09.16.58:561][  0]LogInit: CPU Page size=4096, Cores=4
[2018.05.22-09.16.58:561][  0]LogInit: High frequency timer resolution =3.328398 MHz
[2018.05.22-09.16.58:561][  0]LogMemory: Memory total: Physical=31.9GB (32GB approx)
[2018.05.22-09.16.58:561][  0]LogMemory: Platform Memory Stats for Windows
[2018.05.22-09.16.58:561][  0]LogMemory: Process Physical Memory: 284.40 MB used, 284.40 MB peak
[2018.05.22-09.16.58:561][  0]LogMemory: Process Virtual Memory: 286.85 MB used, 286.85 MB peak
[2018.05.22-09.16.58:561][  0]LogMemory: Physical Memory: 5926.69 MB used,  26720.52 MB free, 32647.21 MB total
[2018.05.22-09.16.58:561][  0]LogMemory: Virtual Memory: 683.97 MB used,  26720.52 MB free, 8388608.00 MB total
[2018.05.22-09.16.58:827][  0]LogInit: Using OS detected language (en-GB).
[2018.05.22-09.16.58:827][  0]LogInit: Using OS detected locale (en-GB).
[2018.05.22-09.16.58:832][  0]LogTextLocalizationManager: No specific localization for 'en-GB' exists, so the 'en' localization will be used.
[2018.05.22-09.16.59:528][  0]LogD3D11RHI: D3D11 adapters:
[2018.05.22-09.16.59:562][  0]LogD3D11RHI:    0. 'NVIDIA GeForce GTX 1080' (Feature Level 11_0)
[2018.05.22-09.16.59:562][  0]LogD3D11RHI:       8077/0/16067 MB DedicatedVideo/DedicatedSystem/SharedSystem, Outputs:1, VendorId:0x10de
[2018.05.22-09.16.59:570][  0]LogD3D11RHI:    1. 'Intel(R) HD Graphics 530' (Feature Level 11_0)
[2018.05.22-09.16.59:570][  0]LogD3D11RHI:       192/0/1632 MB DedicatedVideo/DedicatedSystem/SharedSystem, Outputs:0, VendorId:0x8086
[2018.05.22-09.16.59:570][  0]LogD3D11RHI: Chosen D3D11 Adapter: 0
[2018.05.22-09.16.59:577][  0]LogD3D11RHI: Creating new Direct3DDevice
[2018.05.22-09.16.59:577][  0]LogD3D11RHI:     GPU DeviceId: 0x1b80 (for the marketing name, search the web for "GPU Device Id")
[2018.05.22-09.16.59:577][  0]LogWindows: EnumDisplayDevices:
[2018.05.22-09.16.59:577][  0]LogWindows:    0. 'NVIDIA GeForce GTX 1080' (P:1 D:1)
[2018.05.22-09.16.59:578][  0]LogWindows:    1. 'NVIDIA GeForce GTX 1080' (P:0 D:0)
[2018.05.22-09.16.59:578][  0]LogWindows:    2. 'NVIDIA GeForce GTX 1080' (P:0 D:0)
[2018.05.22-09.16.59:578][  0]LogWindows:    3. 'NVIDIA GeForce GTX 1080' (P:0 D:0)
[2018.05.22-09.16.59:578][  0]LogWindows:    4. 'Intel(R) HD Graphics 530' (P:0 D:0)
[2018.05.22-09.16.59:579][  0]LogWindows:    5. 'Intel(R) HD Graphics 530' (P:0 D:0)
[2018.05.22-09.16.59:579][  0]LogWindows:    6. 'Intel(R) HD Graphics 530' (P:0 D:0)
[2018.05.22-09.16.59:579][  0]LogWindows:    7. 'RDPDD Chained DD' (P:0 D:0)
[2018.05.22-09.16.59:579][  0]LogWindows:    8. 'RDP Encoder Mirror Driver' (P:0 D:0)
[2018.05.22-09.16.59:580][  0]LogWindows:    9. 'RDP Reflector Display Driver' (P:0 D:0)
[2018.05.22-09.16.59:580][  0]LogWindows: DebugString: PrimaryIsNotTheChoosenAdapter PrimaryIsNotTheChoosenAdapter PrimaryIsNotTheChoosenAdapter GetVideoDriverDetailsInvalid PrimaryIsNotTheChoosenAdapter GetVideoDriverDetailsInvalid PrimaryIsNotTheChoosenAdapter GetVideoDriverDetailsInvalid PrimaryIsNotTheChoosenAdapter FoundDriverCount:4 
[2018.05.22-09.16.59:580][  0]LogD3D11RHI:     Adapter Name: NVIDIA GeForce GTX 1080
[2018.05.22-09.16.59:580][  0]LogD3D11RHI:   Driver Version: 390.65 (internal:23.21.13.9065, unified:390.65)
[2018.05.22-09.16.59:580][  0]LogD3D11RHI:      Driver Date: 1-3-2018
[2018.05.22-09.16.59:580][  0]LogRHI: Texture pool is 1361 MB (70% of 1945 MB)
[2018.05.22-09.16.59:595][  0]LogD3D11RHI: Async texture creation enabled
[2018.05.22-09.16.59:610][  0]LogD3D11RHI: GPU Timing Frequency: 1000.000000 (Debug: 2 2)
[2018.05.22-09.16.59:654][  0]LogShaderCompilers: Guid format shader working directory is -21 characters bigger than the processId version (../../../../../../Users/1302534/Downloads/AlgorithmsProject/MyProject/Intermediate/Shaders/WorkingDirectory/1772/).
[2018.05.22-09.16.59:654][  0]LogShaderCompilers: Cleaned the shader compiler working directory 'C:/Users/1302534/AppData/Local/Temp/UnrealShaderWorkingDir/181009A44E4523146B8903AEB5475802/'.
[2018.05.22-09.16.59:654][  0]LogShaderCompilers: Display: Using Local Shader Compiler.
[2018.05.22-09.17.00:564][  0]LogTemp: Display: Loaded TP AllDesktopTargetPlatform
[2018.05.22-09.17.00:642][  0]LogTemp: Display: Loaded TP MacClientTargetPlatform
[2018.05.22-09.17.00:719][  0]LogTemp: Display: Loaded TP MacNoEditorTargetPlatform
[2018.05.22-09.17.00:797][  0]LogTemp: Display: Loaded TP MacServerTargetPlatform
[2018.05.22-09.17.00:876][  0]LogTemp: Display: Loaded TP MacTargetPlatform
[2018.05.22-09.17.00:955][  0]LogTemp: Display: Loaded TP WindowsClientTargetPlatform
[2018.05.22-09.17.01:034][  0]LogTemp: Display: Loaded TP WindowsNoEditorTargetPlatform
[2018.05.22-09.17.01:112][  0]LogTemp: Display: Loaded TP WindowsServerTargetPlatform
[2018.05.22-09.17.01:184][  0]LogTemp: Display: Loaded TP WindowsTargetPlatform
[2018.05.22-09.17.01:262][  0]LogTemp: Display: Loaded TP AndroidTargetPlatform
[2018.05.22-09.17.01:340][  0]LogTemp: Display: Loaded TP Android_ASTCTargetPlatform
[2018.05.22-09.17.01:417][  0]LogTemp: Display: Loaded TP Android_ATCTargetPlatform
[2018.05.22-09.17.01:496][  0]LogTemp: Display: Loaded TP Android_DXTTargetPlatform
[2018.05.22-09.17.01:575][  0]LogTemp: Display: Loaded TP Android_ETC1TargetPlatform
[2018.05.22-09.17.01:654][  0]LogTemp: Display: Loaded TP Android_ETC2TargetPlatform
[2018.05.22-09.17.01:814][  0]LogTemp: Display: Loaded TP Android_MultiTargetPlatform
[2018.05.22-09.17.01:814][  0]LogTemp: Display: Loaded TP Android_PVRTCTargetPlatform
[2018.05.22-09.17.01:883][  0]LogTemp: Display: Loaded TP HTML5TargetPlatform
[2018.05.22-09.17.02:008][  0]LogTemp: Display: Loaded TP IOSTargetPlatform
[2018.05.22-09.17.02:042][  0]LogTemp: Display: Loaded TP TVOSTargetPlatform
[2018.05.22-09.17.02:120][  0]LogTemp: Display: Loaded TP LinuxClientTargetPlatform
[2018.05.22-09.17.02:198][  0]LogTemp: Display: Loaded TP LinuxNoEditorTargetPlatform
[2018.05.22-09.17.02:277][  0]LogTemp: Display: Loaded TP LinuxServerTargetPlatform
[2018.05.22-09.17.02:355][  0]LogTemp: Display: Loaded TP LinuxTargetPlatform
[2018.05.22-09.17.02:355][  0]LogTargetPlatformManager: Display: Building Assets For Windows
[2018.05.22-09.17.03:013][  0]LogDerivedDataCache: Display: Max Cache Size: 512 MB
[2018.05.22-09.17.03:112][  0]LogDerivedDataCache: Loaded boot cache 0.10s 93MB C:/Users/1302534/AppData/Local/UnrealEngine/4.17/DerivedDataCache/Boot.ddc.
[2018.05.22-09.17.03:112][  0]LogDerivedDataCache: Display: Loaded Boot cache: C:/Users/1302534/AppData/Local/UnrealEngine/4.17/DerivedDataCache/Boot.ddc
[2018.05.22-09.17.03:113][  0]LogDerivedDataCache: FDerivedDataBackendGraph:  Pak pak cache file ../../../../../../Users/1302534/Downloads/AlgorithmsProject/MyProject/DerivedDataCache/DDC.ddp not found, will not use a pak cache.
[2018.05.22-09.17.03:113][  0]LogDerivedDataCache: Unable to find inner node Pak for hierarchical cache Hierarchy.
[2018.05.22-09.17.03:113][  0]LogDerivedDataCache: FDerivedDataBackendGraph:  CompressedPak pak cache file ../../../../../../Users/1302534/Downloads/AlgorithmsProject/MyProject/DerivedDataCache/Compressed.ddp not found, will not use a pak cache.
[2018.05.22-09.17.03:113][  0]LogDerivedDataCache: Unable to find inner node CompressedPak for hierarchical cache Hierarchy.
[2018.05.22-09.17.03:128][  0]LogDerivedDataCache: Display: Pak cache opened for reading ../../../Engine/DerivedDataCache/Compressed.ddp.
[2018.05.22-09.17.03:140][  0]LogDerivedDataCache: Using Local data cache path C:/Users/1302534/AppData/Local/UnrealEngine/Common/DerivedDataCache: Writable
[2018.05.22-09.17.03:149][  0]LogMaterial: Verifying Global Shaders for PCD3D_SM5
[2018.05.22-09.17.03:149][  0]LogSlate: Using Freetype 2.6.0
[2018.05.22-09.17.03:150][  0]LogSlate: SlateFontCache - WITH_FREETYPE: 1, WITH_HARFBUZZ: 1
[2018.05.22-09.17.03:150][  0]LogSlate: SlateFontCache - WITH_FREETYPE: 1, WITH_HARFBUZZ: 1
[2018.05.22-09.17.03:417][  0]LogAssetRegistry: FAssetRegistry took 0.0241 seconds to start up
[2018.05.22-09.17.03:598][  0]LogInit: Selected Device Profile: [Windows]
[2018.05.22-09.17.03:602][  0]LogContentStreaming: Texture pool size is 0.00 MB
[2018.05.22-09.17.04:129][  0]LogSimplygon: Simplygon DLL not present - disabling.
[2018.05.22-09.17.04:200][  0]LogMeshReduction: Using SimplygonSwarm for distributed automatic mesh merging
[2018.05.22-09.17.04:200][  0]LogMeshReduction: Using QuadricMeshReduction for automatic static mesh reduction
[2018.05.22-09.17.04:200][  0]LogMeshReduction: No automatic skeletal mesh reduction module available
[2018.05.22-09.17.04:200][  0]LogMeshReduction: No automatic mesh merging module available
[2018.05.22-09.17.04:200][  0]LogMeshMerging: No automatic mesh merging module available
[2018.05.22-09.17.04:559][  0]LogNetVersion: FracTales , NetCL: 3573198, EngineNetVer: 2, GameNetVer: 0 (Checksum: 1863221474)
[2018.05.22-09.17.04:801][  0]LogPackageLocalizationCache: Processed 5 localized package path(s) for 2 prioritized culture(s) in 0.043505 seconds
[2018.05.22-09.17.04:806][  0]LogUObjectArray: 35825 objects as part of root set at end of initial load.
[2018.05.22-09.17.04:806][  0]LogUObjectAllocator: 7529104 out of 0 bytes used by permanent object pool.
[2018.05.22-09.17.04:806][  0]LogUObjectArray: CloseDisregardForGC: 0/0 objects in disregard for GC pool
[2018.05.22-09.17.04:878][  0]LogInit: WinSock: version 1.1 (2.2), MaxSocks=32767, MaxUdp=65467
[2018.05.22-09.17.08:318][  0]LogTcpMessaging: Initializing TcpMessaging bridge
[2018.05.22-09.17.08:362][  0]LogUdpMessaging: Initializing bridge on interface 0.0.0.0:0 to multicast group 230.0.0.1:6666.
[2018.05.22-09.17.09:332][  0]LogMaterial: Uniform references updated for custom material expression Custom.
[2018.05.22-09.17.09:947][  0]SourceControl: Source control is disabled
[2018.05.22-09.17.09:947][  0]SourceControl: Source control is disabled
[2018.05.22-09.17.10:026][  0]SourceControl: Source control is disabled
[2018.05.22-09.17.10:101][  0]SourceControl: Source control is disabled
[2018.05.22-09.17.10:984][  0]LogAndroidPermission: UAndroidPermissionCallbackProxy::GetInstance
[2018.05.22-09.17.11:374][  0]LogOcInput: OculusInput pre-init called
[2018.05.22-09.17.11:746][  0]LogEngine: Initializing Engine...
[2018.05.22-09.17.11:748][  0]LogHMD: Failed to initialize OpenVR with code 110
[2018.05.22-09.17.11:991][  0]LogStats: UGameplayTagsManager::ConstructGameplayTagTree: Construct from data asset -  0.000 s
[2018.05.22-09.17.11:991][  0]LogStats: UGameplayTagsManager::ConstructGameplayTagTree: GameplayTagTreeChangedEvent.Broadcast -  0.000 s
[2018.05.22-09.17.12:213][  0]LogAIModule: Creating AISystem for world Untitled
[2018.05.22-09.17.12:227][  0]LogInit: XAudio2 using 'Headphones (High Definition Audio Device)' : 2 channels at 44.1 kHz using 16 bits per sample (channel mask 0x3)
[2018.05.22-09.17.12:255][  0]LogInit: FAudioDevice initialized.
[2018.05.22-09.17.12:307][  0]LogDerivedDataCache: Saved boot cache 0.05s 93MB C:/Users/1302534/AppData/Local/UnrealEngine/4.17/DerivedDataCache/Boot.ddc.
[2018.05.22-09.17.12:316][  0]LogInit: Texture streaming: Enabled
[2018.05.22-09.17.12:456][  0]LogEngineSessionManager: EngineSessionManager initialized
[2018.05.22-09.17.12:827][  0]LogInit: Transaction tracking system initialized
[2018.05.22-09.17.13:344][  0]BlueprintLog: New page: Editor Load
[2018.05.22-09.17.14:790][  0]LocalizationService: Localization service is disabled
[2018.05.22-09.17.15:898][  0]LogConsoleResponse: Display: 
[2018.05.22-09.17.16:076][  0]LogCook: Display: Max memory allowance for cook 16384mb min free memory 0mb
[2018.05.22-09.17.16:076][  0]LogCook: Display: Mobile HDR setting 1
[2018.05.22-09.17.16:076][  0]LogGameplayTags: Display: UGameplayTagsManager::DoneAddingNativeTags. DelegateIsBound: 0
[2018.05.22-09.17.16:821][  0]LogFileCache: Scanning file cache for directory 'C:/Users/1302534/Downloads/AlgorithmsProject/MyProject/Content/' took 0.01s
[2018.05.22-09.17.17:700][  0]SourceControl: Source control is disabled
[2018.05.22-09.17.17:700][  0]Cmd: MAP LOAD FILE="../../../../../../Users/1302534/Downloads/AlgorithmsProject/MyProject/Content/FirstPersonBP/Maps/FirstPersonExampleMap.umap" TEMPLATE=0 SHOWPROGRESS=1 FEATURELEVEL=3
[2018.05.22-09.17.17:701][  0]LightingResults: New page: Lighting Build
[2018.05.22-09.17.17:770][  0]MapCheck: New page: Map Check
[2018.05.22-09.17.17:770][  0]LightingResults: New page: Lighting Build
[2018.05.22-09.17.18:917][  0]LogAIModule: Creating AISystem for world FirstPersonExampleMap
[2018.05.22-09.17.19:824][  0]LogEditorServer: Finished looking for orphan Actors (0.000 secs)
[2018.05.22-09.17.19:936][  0]Cmd: MAP CHECKDEP NOCLEARLOG
[2018.05.22-09.17.20:029][  0]MapCheck: Map check complete: 0 Error(s), 0 Warning(s), took 92.534ms to complete.
[2018.05.22-09.17.20:029][  0]LogFileHelpers: Loading map 'FirstPersonExampleMap' took 2.329
[2018.05.22-09.17.20:183][  0]LogCollectionManager: Loaded 0 collections in 0.001001 seconds
[2018.05.22-09.17.20:293][  0]LogFileCache: Scanning file cache for directory 'C:/Users/1302534/Downloads/AlgorithmsProject/MyProject/Saved/Collections/' took 0.01s
[2018.05.22-09.17.20:293][  0]LogFileCache: Scanning file cache for directory 'C:/Users/1302534/Downloads/AlgorithmsProject/MyProject/Content/Developers/1302534/Collections/' took 0.01s
[2018.05.22-09.17.20:293][  0]LogFileCache: Scanning file cache for directory 'C:/Users/1302534/Downloads/AlgorithmsProject/MyProject/Content/Collections/' took 0.01s
[2018.05.22-09.17.20:293][  0]LogCollectionManager: Rebuilt the GUID cache for 0 collections in 0.000001 seconds
[2018.05.22-09.17.20:302][  0]LogContentBrowser: Native class hierarchy populated in 0.0084 seconds. Added 2386 classes and 500 folders.
[2018.05.22-09.17.20:404][  0]LogContentBrowser: Native class hierarchy updated for 'WidgetCarousel' in 0.0007 seconds. Added 0 classes and 0 folders.
[2018.05.22-09.17.20:460][  0]LogContentBrowser: Native class hierarchy updated for 'AddContentDialog' in 0.0009 seconds. Added 0 classes and 0 folders.
[2018.05.22-09.17.20:556][  0]LogContentBrowser: Native class hierarchy updated for 'SceneOutliner' in 0.0006 seconds. Added 1 classes and 2 folders.
[2018.05.22-09.17.20:576][  0]LogSlate: Took 0.000267 seconds to synchronously load lazily loaded font '../../../Engine/Content/Slate/Fonts/Roboto-Regular.ttf' (155K)
[2018.05.22-09.17.20:578][  0]LogSlate: Took 0.000228 seconds to synchronously load lazily loaded font '../../../Engine/Content/Slate/Fonts/Roboto-Bold.ttf' (160K)
[2018.05.22-09.17.20:583][  0]LogSlate: Took 0.000250 seconds to synchronously load lazily loaded font '../../../Engine/Content/Editor/Slate/Fonts/FontAwesome.ttf' (139K)
[2018.05.22-09.17.20:699][  0]LogRenderer: Reallocating scene render targets to support 1208x576 Format 10 NumSamples 1 (Frame:1).
[2018.05.22-09.17.20:890][  0]LogContentBrowser: Native class hierarchy updated for 'HierarchicalLODOutliner' in 0.0009 seconds. Added 1 classes and 2 folders.
[2018.05.22-09.17.20:890][  0]LogLoad: (Engine Initialization) Total time: 24.99 seconds
[2018.05.22-09.17.20:890][  0]LogLoad: (Engine Initialization) Total Blueprint compile time: 0.00 seconds
[2018.05.22-09.17.20:890][  0]LogExternalProfiler: Found external profiler: VSPerf
[2018.05.22-09.17.20:890][  0]LogExternalProfiler: Using external profiler: VSPerf
[2018.05.22-09.17.21:277][  0]LogContentStreaming: Texture pool size now 1000 MB
[2018.05.22-09.17.21:562][  1]LogFileCache: Retrieving MD5 hashes for directory 'C:/Users/1302534/Downloads/AlgorithmsProject/MyProject/Content/' took 0.32s
[2018.05.22-09.17.22:247][  3]LogAssetRegistry: Asset discovery search completed in 18.8484 seconds
[2018.05.22-09.17.22:252][  3]LogCollectionManager: Rebuilt the object cache for 0 collections in 0.000000 seconds (found 0 objects)
[2018.05.22-09.17.22:252][  3]LogCollectionManager: Fixed up redirectors for 0 collections in 0.000117 seconds (updated 0 objects)
[2018.05.22-09.17.25:585][ 13]LogSlate: Took 0.000696 seconds to synchronously load lazily loaded font '../../../Engine/Content/Slate/Fonts/Roboto-Light.ttf' (159K)
[2018.05.22-09.17.52:154][112]LogBlueprintUserMessages: Early PlayInEditor Detection: Level '/Game/FirstPersonBP/Maps/FirstPersonExampleMap.FirstPersonExampleMap:PersistentLevel' has LevelScriptBlueprint '/Game/FirstPersonBP/Maps/FirstPersonExampleMap.FirstPersonExampleMap:PersistentLevel.FirstPersonExampleMap' with GeneratedClass '/Game/FirstPersonBP/Maps/FirstPersonExampleMap.FirstPersonExampleMap_C' with ClassGeneratedBy '/Game/FirstPersonBP/Maps/FirstPersonExampleMap.FirstPersonExampleMap:PersistentLevel.FirstPersonExampleMap'
[2018.05.22-09.17.52:154][112]LogPlayLevel: PlayLevel: No blueprints needed recompiling
[2018.05.22-09.17.52:155][112]PIE: New page: PIE session: FirstPersonExampleMap (22 May 2018 11:17:52)
[2018.05.22-09.17.52:155][112]LogPlayLevel: Creating play world package: /Game/FirstPersonBP/Maps/UEDPIE_0_FirstPersonExampleMap
[2018.05.22-09.17.52:308][112]LogPlayLevel: PIE: StaticDuplicateObject took: (0.153072s)
[2018.05.22-09.17.52:309][112]LogAIModule: Creating AISystem for world FirstPersonExampleMap
[2018.05.22-09.17.52:309][112]LogPlayLevel: PIE: World Init took: (0.000976s)
[2018.05.22-09.17.52:309][112]LogPlayLevel: PIE: Created PIE world by copying editor world from /Game/FirstPersonBP/Maps/FirstPersonExampleMap.FirstPersonExampleMap to /Game/FirstPersonBP/Maps/UEDPIE_0_FirstPersonExampleMap.FirstPersonExampleMap (0.154321s)
[2018.05.22-09.17.52:327][112]LogInit: XAudio2 using 'Headphones (High Definition Audio Device)' : 2 channels at 44.1 kHz using 16 bits per sample (channel mask 0x3)
[2018.05.22-09.17.52:337][112]LogInit: FAudioDevice initialized.
[2018.05.22-09.17.52:375][112]LogLoad: Game class is 'FirstPersonGameMode_C'
[2018.05.22-09.17.52:468][112]LogWorld: Bringing World /Game/FirstPersonBP/Maps/UEDPIE_0_FirstPersonExampleMap.FirstPersonExampleMap up for play (max tick rate 0) at 2018.05.22-10.17.52
[2018.05.22-09.17.52:470][112]LogWorld: Bringing up level for play took: 0.090098
[2018.05.22-09.17.52:545][112]LogContentBrowser: Native class hierarchy updated for 'MovieSceneCapture' in 0.0006 seconds. Added 11 classes and 0 folders.
[2018.05.22-09.17.52:547][112]PIE: Play in editor start time for /Game/FirstPersonBP/Maps/UEDPIE_0_FirstPersonExampleMap 0.043
[2018.05.22-09.17.52:547][112]LogBlueprintUserMessages: Late PlayInEditor Detection: Level '/Game/FirstPersonBP/Maps/FirstPersonExampleMap.FirstPersonExampleMap:PersistentLevel' has LevelScriptBlueprint '/Game/FirstPersonBP/Maps/FirstPersonExampleMap.FirstPersonExampleMap:PersistentLevel.FirstPersonExampleMap' with GeneratedClass '/Game/FirstPersonBP/Maps/FirstPersonExampleMap.FirstPersonExampleMap_C' with ClassGeneratedBy '/Game/FirstPersonBP/Maps/FirstPersonExampleMap.FirstPersonExampleMap:PersistentLevel.FirstPersonExampleMap'
[2018.05.22-09.18.00:060][985]LogNet: Browse: /Game/Maps/GridPuzzle_02
[2018.05.22-09.18.00:060][985]LogLoad: LoadMap: /Game/Maps/GridPuzzle_02
[2018.05.22-09.18.00:098][985]Cmd: MEM
[2018.05.22-09.18.00:109][985]LogMemory: Platform Memory Stats for Windows
[2018.05.22-09.18.00:109][985]LogMemory: Process Physical Memory: 1396.48 MB used, 1493.07 MB peak
[2018.05.22-09.18.00:109][985]LogMemory: Process Virtual Memory: 2133.04 MB used, 2134.10 MB peak
[2018.05.22-09.18.00:109][985]LogMemory: Physical Memory: 6370.13 MB used,  26277.08 MB free, 32647.21 MB total
[2018.05.22-09.18.00:109][985]LogMemory: Virtual Memory: 2852.35 MB used,  26277.08 MB free, 8388608.00 MB total
[2018.05.22-09.18.00:109][985]LogMemory: 
[2018.05.22-09.18.00:109][985]Allocator Stats for TBB: (not implemented)
[2018.05.22-09.18.02:311][985]LogAIModule: Creating AISystem for world GridPuzzle_02
[2018.05.22-09.18.02:311][985]LogLoad: Game class is 'FirstPersonGameMode_C'
[2018.05.22-09.18.02:317][985]PIE: Warning: Invalid Simulate Options: Body (BP_GridPlayer.SK_Mannequin SK_Mannequin) is set to simulate physics but Collision Enabled is incompatible
[2018.05.22-09.18.02:322][985]PIE: Warning: Invalid Simulate Options: Body (BP_GridPlayer.SK_Mannequin SK_Mannequin) is set to simulate physics but Collision Enabled is incompatible
[2018.05.22-09.18.02:322][985]PIE: Warning: Invalid Simulate Options: Body (BP_GridPlayer.SK_Mannequin SK_Mannequin) is set to simulate physics but Collision Enabled is incompatible
[2018.05.22-09.18.02:323][985]LogWorld: Bringing World /Game/Maps/UEDPIE_0_GridPuzzle_02.GridPuzzle_02 up for play (max tick rate 0) at 2018.05.22-10.18.02
[2018.05.22-09.18.02:323][985]LogWorld: Bringing up level for play took: 0.011286
[2018.05.22-09.18.02:323][985]LogGameMode: FindPlayerStart: PATHS NOT DEFINED or NO PLAYERSTART with positive rating
[2018.05.22-09.18.02:325][985]LogLoad: Took 2.265029 seconds to LoadMap(/Game/Maps/GridPuzzle_02)
[2018.05.22-09.18.03:694][141]LogBlueprintUserMessages: Early EndPlayMap Detection: Level '/Game/FirstPersonBP/Maps/FirstPersonExampleMap.FirstPersonExampleMap:PersistentLevel' has LevelScriptBlueprint '/Game/FirstPersonBP/Maps/FirstPersonExampleMap.FirstPersonExampleMap:PersistentLevel.FirstPersonExampleMap' with GeneratedClass '/Game/FirstPersonBP/Maps/FirstPersonExampleMap.FirstPersonExampleMap_C' with ClassGeneratedBy '/Game/FirstPersonBP/Maps/FirstPersonExampleMap.FirstPersonExampleMap:PersistentLevel.FirstPersonExampleMap'
[2018.05.22-09.18.03:725][141]LogBlueprintUserMessages: Late EndPlayMap Detection: Level '/Game/FirstPersonBP/Maps/FirstPersonExampleMap.FirstPersonExampleMap:PersistentLevel' has LevelScriptBlueprint '/Game/FirstPersonBP/Maps/FirstPersonExampleMap.FirstPersonExampleMap:PersistentLevel.FirstPersonExampleMap' with GeneratedClass '/Game/FirstPersonBP/Maps/FirstPersonExampleMap.FirstPersonExampleMap_C' with ClassGeneratedBy '/Game/FirstPersonBP/Maps/FirstPersonExampleMap.FirstPersonExampleMap:PersistentLevel.FirstPersonExampleMap'
[2018.05.22-09.20.05:812][520]LogSlate: Took 0.000256 seconds to synchronously load lazily loaded font '../../../Engine/Content/Slate/Fonts/Roboto-Light.ttf' (159K)
[2018.05.22-09.20.06:218][520]LogContentBrowser: Native class hierarchy updated for 'BlueprintGraph' in 0.0009 seconds. Added 113 classes and 0 folders.
[2018.05.22-09.20.06:754][520]LogSlate: Took 0.000245 seconds to synchronously load lazily loaded font '../../../Engine/Content/Slate/Fonts/Roboto-Regular.ttf' (155K)
[2018.05.22-09.20.06:824][520]LogSlate: Took 0.000313 seconds to synchronously load lazily loaded font '../../../Engine/Content/Editor/Slate/Fonts/Roboto-BoldCondensed.ttf' (158K)
[2018.05.22-09.20.06:912][521]LogSlate: Took 0.000357 seconds to synchronously load lazily loaded font '../../../Engine/Content/Editor/Slate/Fonts/Roboto-Italic.ttf' (157K)
[2018.05.22-09.20.08:476][642]LogRenderer: Reallocating scene render targets to support 1208x712 Format 10 NumSamples 1 (Frame:1).
[2018.05.22-09.20.17:349][496]LogSlate: Took 0.000254 seconds to synchronously load lazily loaded font '../../../Engine/Content/Slate/Fonts/Roboto-Light.ttf' (159K)
[2018.05.22-09.20.29:284][658]LogMaterial: Missing cached shader map for material MTest, compiling. 
[2018.05.22-09.20.35:197][204]LogSavePackage: Save=37.83ms
[2018.05.22-09.20.35:197][204]LogSavePackage: Moving '../../../../../../Users/1302534/Downloads/AlgorithmsProject/MyProject/Saved/BP_CircuitBoardTemplateDAF7075F4A863A3D2955D5AADCF81F3E.tmp' to '../../../../../../Users/1302534/Downloads/AlgorithmsProject/MyProject/Content/CircuitMiniGame/BP_CircuitBoardTemplate.uasset'
[2018.05.22-09.20.35:201][204]LogSavePackage: Display: Finished SavePackage ../../../../../../Users/1302534/Downloads/AlgorithmsProject/MyProject/Content/CircuitMiniGame/BP_CircuitBoardTemplate.uasset
[2018.05.22-09.20.48:096][690]LogEditorViewport: Clicking on Actor (LMB): StaticMeshActor (EditorCube18)
[2018.05.22-09.21.08:907][912]Cmd: TRANSACTION UNDO
[2018.05.22-09.21.08:907][912]LogEditorTransaction: Undo Replace component used material
[2018.05.22-09.21.26:917][898]LogEditorViewport: Clicking on Actor (LMB): SkyboxBP_C (SkyboxBP)
[2018.05.22-09.21.40:604][458]Cmd: TRANSACTION UNDO
[2018.05.22-09.21.40:604][458]LogEditorTransaction: Undo Edit Sky Mat
[2018.05.22-09.25.07:026][ 31]LogAIModule: Creating AISystem for world CircuitMiniGameTest
[2018.05.22-09.25.37:984][431]LogSavePackage: Save=3915.36ms
[2018.05.22-09.25.37:984][431]LogSavePackage: Moving '../../../../../../Users/1302534/Downloads/AlgorithmsProject/MyProject/Saved/FirstPersonExampleMap40136B814D9A159098124E83EEEF7C72.tmp' to '../../../../../../Users/1302534/Downloads/AlgorithmsProject/MyProject/Content/FirstPersonBP/Maps/FirstPersonExampleMap.umap'
[2018.05.22-09.25.37:993][431]LogSavePackage: Display: Finished SavePackage ../../../../../../Users/1302534/Downloads/AlgorithmsProject/MyProject/Content/FirstPersonBP/Maps/FirstPersonExampleMap.umap
[2018.05.22-09.25.40:172][431]LogSavePackage: Save=2121.61ms
[2018.05.22-09.25.40:173][431]LogSavePackage: Moving '../../../../../../Users/1302534/Downloads/AlgorithmsProject/MyProject/Saved/FirstPersonExampleMap_BuiltData03C61DD94143FC4DBA808995F4944B65.tmp' to '../../../../../../Users/1302534/Downloads/AlgorithmsProject/MyProject/Content/FirstPersonBP/Maps/FirstPersonExampleMap_BuiltData.uasset'
[2018.05.22-09.25.40:178][431]LogSavePackage: Display: Finished SavePackage ../../../../../../Users/1302534/Downloads/AlgorithmsProject/MyProject/Content/FirstPersonBP/Maps/FirstPersonExampleMap_BuiltData.uasset
[2018.05.22-09.25.42:867][543]LogSavePackage: Save=126.99ms
[2018.05.22-09.25.42:867][543]LogSavePackage: Moving '../../../../../../Users/1302534/Downloads/AlgorithmsProject/MyProject/Saved/FirstPersonCharacter5F3B6EFA4E9F7825DC83F599D370F9A8.tmp' to '../../../../../../Users/1302534/Downloads/AlgorithmsProject/MyProject/Content/FirstPersonBP/Blueprints/FirstPersonCharacter.uasset'
[2018.05.22-09.25.42:871][543]LogSavePackage: Display: Finished SavePackage ../../../../../../Users/1302534/Downloads/AlgorithmsProject/MyProject/Content/FirstPersonBP/Blueprints/FirstPersonCharacter.uasset
[2018.05.22-09.25.43:185][544]Cmd: QUIT_EDITOR
[2018.05.22-09.25.43:213][544]LogExit: Preparing to exit.
[2018.05.22-09.25.44:513][544]LogDirectoryWatcher: A directory notification failed for 'C:/Users/1302534/Downloads/AlgorithmsProject/MyProject/Content/', and we were unable to create a new request.
[2018.05.22-09.25.44:574][544]LogExit: Editor shut down
[2018.05.22-09.25.44:577][544]LogExit: Transaction tracking system shut down
[2018.05.22-09.25.44:830][544]LogDirectoryWatcher: A directory notification for '../../../Engine/Content/' was aborted.
[2018.05.22-09.25.44:830][544]LogDirectoryWatcher: A directory notification for '../../../../../../Users/1302534/Downloads/AlgorithmsProject/MyProject/Content/' was aborted.
[2018.05.22-09.25.44:830][544]LogDirectoryWatcher: A directory notification for '../../../Engine/Plugins/2D/Paper2D/Content/' was aborted.
[2018.05.22-09.25.44:830][544]LogDirectoryWatcher: A directory notification for '../../../Engine/Plugins/Runtime/Oculus/OculusVR/Content/' was aborted.
[2018.05.22-09.25.44:831][544]LogDirectoryWatcher: A directory notification for '../../../Engine/Plugins/Runtime/Steam/SteamVR/Content/' was aborted.
[2018.05.22-09.25.45:023][544]LogExit: Object subsystem successfully closed.
[2018.05.22-09.25.45:040][544]LogD3D11RHI: Shutdown
[2018.05.22-09.25.45:040][544]LogD3D11RHI: CleanupD3DDevice
[2018.05.22-09.25.45:044][544]LogD3D11RHI: ~FD3D11DynamicRHI
[2018.05.22-09.25.45:245][544]LogModuleManager: Shutting down and abandoning module HierarchicalLODUtilities (538)
[2018.05.22-09.25.45:245][544]LogModuleManager: Shutting down and abandoning module BlueprintGraph (536)
[2018.05.22-09.25.45:245][544]LogModuleManager: Shutting down and abandoning module BlueprintProfiler (534)
[2018.05.22-09.25.45:245][544]LogModuleManager: Shutting down and abandoning module MovieSceneCapture (532)
[2018.05.22-09.25.45:245][544]LogModuleManager: Shutting down and abandoning module HierarchicalLODOutliner (530)
[2018.05.22-09.25.45:245][544]LogModuleManager: Shutting down and abandoning module SceneOutliner (528)
[2018.05.22-09.25.45:245][544]LogModuleManager: Shutting down and abandoning module AddContentDialog (526)
[2018.05.22-09.25.45:245][544]LogDirectoryWatcher: A directory notification for 'C:/Program Files (x86)/Epic Games/UE_4.17/FeaturePacks/' was aborted.
[2018.05.22-09.25.45:246][544]LogModuleManager: Shutting down and abandoning module WidgetCarousel (525)
[2018.05.22-09.25.45:246][544]LogModuleManager: Shutting down and abandoning module EditorWidgets (522)
[2018.05.22-09.25.45:246][544]LogModuleManager: Shutting down and abandoning module CollectionManager (520)
[2018.05.22-09.25.45:246][544]LogDirectoryWatcher: A directory notification for 'C:/Users/1302534/Downloads/AlgorithmsProject/MyProject/Content/Collections/' was aborted.
[2018.05.22-09.25.45:246][544]LogDirectoryWatcher: A directory notification for 'C:/Users/1302534/Downloads/AlgorithmsProject/MyProject/Content/Developers/1302534/Collections/' was aborted.
[2018.05.22-09.25.45:246][544]LogDirectoryWatcher: A directory notification for 'C:/Users/1302534/Downloads/AlgorithmsProject/MyProject/Saved/Collections/' was aborted.
[2018.05.22-09.25.45:246][544]LogModuleManager: Shutting down and abandoning module StatsViewer (518)
[2018.05.22-09.25.45:246][544]LogModuleManager: Shutting down and abandoning module FoliageEdit (516)
[2018.05.22-09.25.45:246][544]LogModuleManager: Shutting down and abandoning module LandscapeEditor (514)
[2018.05.22-09.25.45:246][544]LogModuleManager: Shutting down and abandoning module MeshPaintMode (512)
[2018.05.22-09.25.45:246][544]LogModuleManager: Shutting down and abandoning module SceneDepthPickerMode (510)
[2018.05.22-09.25.45:247][544]LogModuleManager: Shutting down and abandoning module ActorPickerMode (508)
[2018.05.22-09.25.45:247][544]LogModuleManager: Shutting down and abandoning module GeometryMode (506)
[2018.05.22-09.25.45:247][544]LogModuleManager: Shutting down and abandoning module TextureAlignMode (504)
[2018.05.22-09.25.45:247][544]LogModuleManager: Shutting down and abandoning module BspMode (502)
[2018.05.22-09.25.45:247][544]LogModuleManager: Shutting down and abandoning module PIEPreviewDeviceProfileSelector (500)
[2018.05.22-09.25.45:247][544]LogModuleManager: Shutting down and abandoning module HardwareSurvey (498)
[2018.05.22-09.25.45:247][544]LogModuleManager: Shutting down and abandoning module SequenceRecorderSections (496)
[2018.05.22-09.25.45:247][544]LogModuleManager: Shutting down and abandoning module AutomationWorker (494)
[2018.05.22-09.25.45:247][544]LogModuleManager: Shutting down and abandoning module MatineeToLevelSequence (492)
[2018.05.22-09.25.45:247][544]LogModuleManager: Shutting down and abandoning module LevelSequenceEditor (490)
[2018.05.22-09.25.45:247][544]LogModuleManager: Shutting down and abandoning module PlacementMode (489)
[2018.05.22-09.25.45:247][544]LogModuleManager: Shutting down and abandoning module WmfMediaFactory (486)
[2018.05.22-09.25.45:247][544]LogModuleManager: Shutting down and abandoning module WmfMediaEditor (484)
[2018.05.22-09.25.45:247][544]LogModuleManager: Shutting down and abandoning module AvfMediaFactory (482)
[2018.05.22-09.25.45:247][544]LogModuleManager: Shutting down and abandoning module AvfMediaEditor (480)
[2018.05.22-09.25.45:247][544]LogModuleManager: Shutting down and abandoning module AndroidMediaFactory (478)
[2018.05.22-09.25.45:247][544]LogModuleManager: Shutting down and abandoning module Media (477)
[2018.05.22-09.25.45:247][544]LogModuleManager: Shutting down and abandoning module AndroidMediaEditor (474)
[2018.05.22-09.25.45:247][544]LogModuleManager: Shutting down and abandoning module CharacterAI (472)
[2018.05.22-09.25.45:247][544]LogModuleManager: Shutting down and abandoning module AudioCapture (470)
[2018.05.22-09.25.45:247][544]LogModuleManager: Shutting down and abandoning module SequenceRecorder (469)
[2018.05.22-09.25.45:247][544]LogModuleManager: Shutting down and abandoning module SmartSnapping (466)
[2018.05.22-09.25.45:247][544]LogModuleManager: Shutting down and abandoning module SessionServices (464)
[2018.05.22-09.25.45:247][544]LogModuleManager: Shutting down and abandoning module ViewportSnapping (462)
[2018.05.22-09.25.45:247][544]LogModuleManager: Shutting down and abandoning module ViewportInteraction (460)
[2018.05.22-09.25.45:247][544]LogModuleManager: Shutting down and abandoning module ClothPainter (458)
[2018.05.22-09.25.45:247][544]LogModuleManager: Shutting down and abandoning module LogVisualizer (456)
[2018.05.22-09.25.45:247][544]LogModuleManager: Shutting down and abandoning module IntroTutorials (454)
[2018.05.22-09.25.45:247][544]LogModuleManager: Shutting down and abandoning module GameProjectGeneration (453)
[2018.05.22-09.25.45:247][544]LogModuleManager: Shutting down and abandoning module IOSPlatformEditor (450)
[2018.05.22-09.25.45:247][544]LogModuleManager: Shutting down and abandoning module HTML5PlatformEditor (448)
[2018.05.22-09.25.45:247][544]LogModuleManager: Shutting down and abandoning module AndroidPlatformEditor (446)
[2018.05.22-09.25.45:247][544]LogModuleManager: Shutting down and abandoning module AndroidDeviceDetection (445)
[2018.05.22-09.25.46:116][544]LogModuleManager: Shutting down and abandoning module WindowsPlatformEditor (442)
[2018.05.22-09.25.46:116][544]LogModuleManager: Shutting down and abandoning module IOSRuntimeSettings (440)
[2018.05.22-09.25.46:116][544]LogModuleManager: Shutting down and abandoning module AndroidRuntimeSettings (438)
[2018.05.22-09.25.46:116][544]LogModuleManager: Shutting down and abandoning module InputBindingEditor (436)
[2018.05.22-09.25.46:116][544]LogModuleManager: Shutting down and abandoning module MergeActors (434)
[2018.05.22-09.25.46:116][544]LogModuleManager: Shutting down and abandoning module SizeMap (432)
[2018.05.22-09.25.46:116][544]LogModuleManager: Shutting down and abandoning module TreeMap (430)
[2018.05.22-09.25.46:116][544]LogModuleManager: Shutting down and abandoning module ReferenceViewer (428)
[2018.05.22-09.25.46:116][544]LogModuleManager: Shutting down and abandoning module LocalizationDashboard (426)
[2018.05.22-09.25.46:117][544]LogModuleManager: Shutting down and abandoning module LocalizationService (425)
[2018.05.22-09.25.46:117][544]LogModuleManager: Shutting down and abandoning module HardwareTargeting (422)
[2018.05.22-09.25.46:117][544]LogModuleManager: Shutting down and abandoning module DeviceProfileEditor (420)
[2018.05.22-09.25.46:117][544]LogModuleManager: Shutting down and abandoning module UndoHistory (418)
[2018.05.22-09.25.46:117][544]LogModuleManager: Shutting down and abandoning module XmlParser (416)
[2018.05.22-09.25.46:117][544]LogModuleManager: Shutting down and abandoning module Blutility (414)
[2018.05.22-09.25.46:117][544]LogModuleManager: Shutting down and abandoning module ProjectSettingsViewer (412)
[2018.05.22-09.25.46:117][544]LogModuleManager: Shutting down and abandoning module ProjectTargetPlatformEditor (411)
[2018.05.22-09.25.46:117][544]LogModuleManager: Shutting down and abandoning module EditorSettingsViewer (408)
[2018.05.22-09.25.46:118][544]LogModuleManager: Shutting down and abandoning module SettingsEditor (406)
[2018.05.22-09.25.46:118][544]LogModuleManager: Shutting down and abandoning module ProjectLauncher (404)
[2018.05.22-09.25.46:118][544]LogModuleManager: Shutting down and abandoning module SessionFrontend (402)
[2018.05.22-09.25.46:118][544]LogModuleManager: Shutting down and abandoning module ProfilerClient (400)
[2018.05.22-09.25.46:118][544]LogModuleManager: Shutting down and abandoning module DeviceManager (398)
[2018.05.22-09.25.46:118][544]LogModuleManager: Shutting down and abandoning module TargetDeviceServices (397)
[2018.05.22-09.25.46:158][544]LogModuleManager: Shutting down and abandoning module AutomationController (394)
[2018.05.22-09.25.46:158][544]LogModuleManager: Shutting down and abandoning module AutomationWindow (392)
[2018.05.22-09.25.46:158][544]LogModuleManager: Shutting down and abandoning module Layers (390)
[2018.05.22-09.25.46:158][544]LogModuleManager: Shutting down and abandoning module ComponentVisualizers (388)
[2018.05.22-09.25.46:158][544]LogModuleManager: Shutting down and abandoning module DetailCustomizations (386)
[2018.05.22-09.25.46:158][544]LogModuleManager: Shutting down and abandoning module PackagesDialog (384)
[2018.05.22-09.25.46:159][544]LogModuleManager: Shutting down and abandoning module Persona (382)
[2018.05.22-09.25.46:159][544]LogModuleManager: Shutting down and abandoning module AdvancedPreviewScene (381)
[2018.05.22-09.25.46:159][544]LogModuleManager: Shutting down and abandoning module AnimGraph (379)
[2018.05.22-09.25.46:159][544]LogModuleManager: Shutting down and abandoning module Kismet (376)
[2018.05.22-09.25.46:176][544]LogModuleManager: Shutting down and abandoning module ClassViewer (374)
[2018.05.22-09.25.46:176][544]LogModuleManager: Shutting down and abandoning module Toolbox (372)
[2018.05.22-09.25.46:176][544]LogModuleManager: Shutting down and abandoning module ModuleUI (370)
[2018.05.22-09.25.46:176][544]LogModuleManager: Shutting down and abandoning module MovieSceneTools (368)
[2018.05.22-09.25.46:176][544]LogModuleManager: Shutting down and abandoning module OutputLog (366)
[2018.05.22-09.25.46:176][544]LogModuleManager: Shutting down and abandoning module GammaUI (364)
[2018.05.22-09.25.46:176][544]LogModuleManager: Shutting down and abandoning module Documentation (362)
[2018.05.22-09.25.46:177][544]LogModuleManager: Shutting down and abandoning module MovieSceneTracks (360)
[2018.05.22-09.25.46:177][544]LogModuleManager: Shutting down and abandoning module MovieScene (358)
[2018.05.22-09.25.46:177][544]LogModuleManager: Shutting down and abandoning module Niagara (356)
[2018.05.22-09.25.46:177][544]LogModuleManager: Shutting down and abandoning module NiagaraEditor (355)
[2018.05.22-09.25.46:177][544]LogModuleManager: Shutting down and abandoning module StreamingPauseRendering (352)
[2018.05.22-09.25.46:177][544]LogModuleManager: Shutting down and abandoning module LauncherPlatform (350)
[2018.05.22-09.25.46:177][544]LogModuleManager: Shutting down and abandoning module AnalyticsET (348)
[2018.05.22-09.25.46:177][544]LogModuleManager: Shutting down and abandoning module PortalServices (346)
[2018.05.22-09.25.46:177][544]LogModuleManager: Shutting down and abandoning module PortalRpc (344)
[2018.05.22-09.25.46:177][544]LogModuleManager: Shutting down and abandoning module MessagingRpc (342)
[2018.05.22-09.25.46:177][544]LogModuleManager: Shutting down and abandoning module AIModule (340)
[2018.05.22-09.25.46:177][544]LogModuleManager: Shutting down and abandoning module GameplayDebugger (339)
[2018.05.22-09.25.46:177][544]LogModuleManager: Shutting down and abandoning module AITestSuite (337)
[2018.05.22-09.25.46:178][544]LogModuleManager: Shutting down and abandoning module ProfilerService (334)
[2018.05.22-09.25.46:207][544]LogModuleManager: Shutting down and abandoning module TaskGraph (332)
[2018.05.22-09.25.46:207][544]LogModuleManager: Shutting down and abandoning module SteamVRController (330)
[2018.05.22-09.25.46:207][544]LogModuleManager: Shutting down and abandoning module ProceduralMeshComponentEditor (328)
[2018.05.22-09.25.46:207][544]LogModuleManager: Shutting down and abandoning module ProceduralMeshComponent (326)
[2018.05.22-09.25.46:207][544]LogModuleManager: Shutting down and abandoning module OculusInput (324)
[2018.05.22-09.25.46:207][544]LogModuleManager: Shutting down and abandoning module MobilePatchingUtils (322)
[2018.05.22-09.25.46:207][544]LogModuleManager: Shutting down and abandoning module CustomMeshComponent (320)
[2018.05.22-09.25.46:207][544]LogModuleManager: Shutting down and abandoning module CableComponent (318)
[2018.05.22-09.25.46:207][544]LogModuleManager: Shutting down and abandoning module ArchVisCharacter (316)
[2018.05.22-09.25.46:207][544]LogModuleManager: Shutting down and abandoning module AndroidPermission (314)
[2018.05.22-09.25.46:207][544]LogModuleManager: Shutting down and abandoning module MediaPlayerEditor (310)
[2018.05.22-09.25.46:208][544]LogModuleManager: Shutting down and abandoning module HTML5Networking (308)
[2018.05.22-09.25.46:208][544]LogModuleManager: Shutting down and abandoning module AlembicImporter (306)
[2018.05.22-09.25.46:208][544]LogModuleManager: Shutting down and abandoning module AlembicLibrary (305)
[2018.05.22-09.25.46:208][544]LogModuleManager: Shutting down and abandoning module GeometryCache (304)
[2018.05.22-09.25.46:208][544]LogModuleManager: Shutting down and abandoning module GeometryCacheEd (303)
[2018.05.22-09.25.46:208][544]LogModuleManager: Shutting down and abandoning module SpeedTreeImporter (298)
[2018.05.22-09.25.46:208][544]LogModuleManager: Shutting down and abandoning module PluginBrowser (296)
[2018.05.22-09.25.46:208][544]LogModuleManager: Shutting down and abandoning module MobileLauncherProfileWizard (294)
[2018.05.22-09.25.46:208][544]LogModuleManager: Shutting down and abandoning module VisualStudioSourceCodeAccess (292)
[2018.05.22-09.25.46:208][544]LogModuleManager: Shutting down and abandoning module DesktopPlatform (291)
[2018.05.22-09.25.46:208][544]LogModuleManager: Shutting down and abandoning module UObjectPlugin (288)
[2018.05.22-09.25.46:208][544]LogModuleManager: Shutting down and abandoning module SubversionSourceControl (286)
[2018.05.22-09.25.46:208][544]LogModuleManager: Shutting down and abandoning module PerforceSourceControl (284)
[2018.05.22-09.25.46:209][544]LogModuleManager: Shutting down and abandoning module GitSourceControl (282)
[2018.05.22-09.25.46:209][544]LogModuleManager: Shutting down and abandoning module SourceControl (281)
[2018.05.22-09.25.46:209][544]LogModuleManager: Shutting down and abandoning module LightPropagationVolumeEditor (278)
[2018.05.22-09.25.46:209][544]LogModuleManager: Shutting down and abandoning module PaperTiledImporter (276)
[2018.05.22-09.25.46:209][544]LogModuleManager: Shutting down and abandoning module PaperSpriteSheetImporter (274)
[2018.05.22-09.25.46:209][544]LogModuleManager: Shutting down and abandoning module Paper2DEditor (272)
[2018.05.22-09.25.46:209][544]LogModuleManager: Shutting down and abandoning module MeshPaint (271)
[2018.05.22-09.25.46:209][544]LogModuleManager: Shutting down and abandoning module LevelEditor (269)
[2018.05.22-09.25.46:210][544]LogModuleManager: Shutting down and abandoning module PixelInspectorModule (268)
[2018.05.22-09.25.46:210][544]LogModuleManager: Shutting down and abandoning module MainFrame (266)
[2018.05.22-09.25.46:210][544]LogModuleManager: Shutting down and abandoning module HotReload (265)
[2018.05.22-09.25.46:212][544]LogModuleManager: Shutting down and abandoning module RuntimePhysXCooking (260)
[2018.05.22-09.25.46:212][544]LogModuleManager: Shutting down and abandoning module PhysXVehiclesEditor (258)
[2018.05.22-09.25.46:212][544]LogModuleManager: Shutting down and abandoning module PhysXVehicles (256)
[2018.05.22-09.25.46:212][544]LogModuleManager: Shutting down and abandoning module OculusEditor (254)
[2018.05.22-09.25.46:212][544]LogModuleManager: Shutting down and abandoning module LocationServicesBPLibrary (252)
[2018.05.22-09.25.46:212][544]LogModuleManager: Shutting down and abandoning module ImmediatePhysicsEditor (250)
[2018.05.22-09.25.46:212][544]LogModuleManager: Shutting down and abandoning module ImmediatePhysics (248)
[2018.05.22-09.25.46:212][544]LogModuleManager: Shutting down and abandoning module UdpMessaging (246)
[2018.05.22-09.25.46:312][544]LogModuleManager: Shutting down and abandoning module TcpMessaging (244)
[2018.05.22-09.25.46:412][544]LogModuleManager: Shutting down and abandoning module GameplayTagsEditor (242)
[2018.05.22-09.25.46:412][544]LogModuleManager: Shutting down and abandoning module FacialAnimationEditor (240)
[2018.05.22-09.25.46:412][544]LogModuleManager: Shutting down and abandoning module FacialAnimation (238)
[2018.05.22-09.25.46:412][544]LogModuleManager: Shutting down and abandoning module AssetManagerEditor (236)
[2018.05.22-09.25.46:412][544]LogModuleManager: Shutting down and abandoning module GraphEditor (235)
[2018.05.22-09.25.46:412][544]LogModuleManager: Shutting down and abandoning module ContentBrowser (233)
[2018.05.22-09.25.46:415][544]LogModuleManager: Shutting down and abandoning module LightPropagationVolumeRuntime (230)
[2018.05.22-09.25.46:415][544]LogModuleManager: Shutting down and abandoning module Paper2D (228)
[2018.05.22-09.25.46:415][544]LogModuleManager: Shutting down and abandoning module WindowsMoviePlayer (226)
[2018.05.22-09.25.46:415][544]LogModuleManager: Shutting down and abandoning module WmfMedia (224)
[2018.05.22-09.25.46:417][544]LogModuleManager: Shutting down and abandoning module PacketHandler (222)
[2018.05.22-09.25.46:417][544]LogModuleManager: Shutting down and abandoning module ClothingSystemEditor (220)
[2018.05.22-09.25.46:417][544]LogModuleManager: Shutting down and abandoning module ClothingSystemRuntime (218)
[2018.05.22-09.25.46:417][544]LogModuleManager: Shutting down and abandoning module Overlay (216)
[2018.05.22-09.25.46:417][544]LogModuleManager: Shutting down and abandoning module OverlayEditor (215)
[2018.05.22-09.25.46:418][544]LogModuleManager: Shutting down and abandoning module MediaAssets (212)
[2018.05.22-09.25.46:418][544]LogModuleManager: Shutting down and abandoning module VREditor (210)
[2018.05.22-09.25.46:418][544]LogModuleManager: Shutting down and abandoning module StringTableEditor (208)
[2018.05.22-09.25.46:418][544]LogModuleManager: Shutting down and abandoning module GameplayTasksEditor (206)
[2018.05.22-09.25.46:418][544]LogModuleManager: Shutting down and abandoning module BehaviorTreeEditor (204)
[2018.05.22-09.25.46:418][544]LogModuleManager: Shutting down and abandoning module FunctionalTesting (202)
[2018.05.22-09.25.46:418][544]LogModuleManager: Shutting down and abandoning module CollisionAnalyzer (200)
[2018.05.22-09.25.46:418][544]LogModuleManager: Shutting down and abandoning module WorkspaceMenuStructure (199)
[2018.05.22-09.25.46:418][544]LogModuleManager: Shutting down and abandoning module UMG (196)
[2018.05.22-09.25.46:418][544]LogModuleManager: Shutting down and abandoning module UMGEditor (195)
[2018.05.22-09.25.46:418][544]LogModuleManager: Shutting down and abandoning module Sequencer (194)
[2018.05.22-09.25.46:418][544]LogModuleManager: Shutting down and abandoning module MessageLog (191)
[2018.05.22-09.25.46:419][544]LogModuleManager: Shutting down and abandoning module SlateReflector (186)
[2018.05.22-09.25.46:419][544]LogModuleManager: Shutting down and abandoning module Slate (184)
[2018.05.22-09.25.46:419][544]LogModuleManager: Shutting down and abandoning module EditorStyle (182)
[2018.05.22-09.25.46:427][544]LogModuleManager: Shutting down and abandoning module MRMesh (180)
[2018.05.22-09.25.46:427][544]LogModuleManager: Shutting down and abandoning module SourceCodeAccess (178)
[2018.05.22-09.25.46:427][544]LogModuleManager: Shutting down and abandoning module HeadMountedDisplay (176)
[2018.05.22-09.25.46:427][544]LogModuleManager: Shutting down and abandoning module XAudio2 (174)
[2018.05.22-09.25.46:427][544]LogModuleManager: Shutting down and abandoning module Networking (172)
[2018.05.22-09.25.46:427][544]LogModuleManager: Shutting down and abandoning module Core (168)
[2018.05.22-09.25.46:427][544]LogModuleManager: Shutting down and abandoning module KismetCompiler (164)
[2018.05.22-09.25.46:427][544]LogModuleManager: Shutting down and abandoning module MeshUtilities (162)
[2018.05.22-09.25.46:427][544]LogModuleManager: Shutting down and abandoning module MeshMergeUtilities (161)
[2018.05.22-09.25.46:427][544]LogModuleManager: Shutting down and abandoning module MeshReductionInterface (160)
[2018.05.22-09.25.46:427][544]LogModuleManager: Shutting down and abandoning module SimplygonSwarm (159)
[2018.05.22-09.25.46:427][544]LogModuleManager: Shutting down and abandoning module SimplygonMeshReduction (157)
[2018.05.22-09.25.46:427][544]LogModuleManager: Shutting down and abandoning module QuadricMeshReduction (155)
[2018.05.22-09.25.46:427][544]LogModuleManager: Shutting down and abandoning module MaterialBaking (151)
[2018.05.22-09.25.46:428][544]LogModuleManager: Shutting down and abandoning module LevelSequence (148)
[2018.05.22-09.25.46:428][544]LogModuleManager: Shutting down and abandoning module DirectoryWatcher (146)
[2018.05.22-09.25.46:434][544]LogModuleManager: Shutting down and abandoning module DerivedDataCache (144)
[2018.05.22-09.25.46:455][544]LogDerivedDataCache: Shutdown
[2018.05.22-09.25.46:455][544]LogModuleManager: Shutting down and abandoning module TargetPlatform (142)
[2018.05.22-09.25.46:455][544]LogModuleManager: Shutting down and abandoning module VulkanShaderFormat (141)
[2018.05.22-09.25.46:455][544]LogModuleManager: Shutting down and abandoning module ShaderFormatVectorVM (139)
[2018.05.22-09.25.46:455][544]LogModuleManager: Shutting down and abandoning module ShaderFormatOpenGL (137)
[2018.05.22-09.25.46:455][544]LogModuleManager: Shutting down and abandoning module ShaderFormatD3D (135)
[2018.05.22-09.25.46:455][544]LogModuleManager: Shutting down and abandoning module MetalShaderFormat (133)
[2018.05.22-09.25.46:455][544]LogModuleManager: Shutting down and abandoning module TextureFormatUncompressed (131)
[2018.05.22-09.25.46:455][544]LogModuleManager: Shutting down and abandoning module TextureFormatPVR (129)
[2018.05.22-09.25.46:455][544]LogModuleManager: Shutting down and abandoning module TextureFormatDXT (127)
[2018.05.22-09.25.46:455][544]LogModuleManager: Shutting down and abandoning module TextureFormatIntelISPCTexComp (125)
[2018.05.22-09.25.46:455][544]LogModuleManager: Shutting down and abandoning module TextureFormatASTC (123)
[2018.05.22-09.25.46:455][544]LogModuleManager: Shutting down and abandoning module ImageWrapper (122)
[2018.05.22-09.25.46:455][544]LogModuleManager: Shutting down and abandoning module TextureFormatAndroid (119)
[2018.05.22-09.25.46:455][544]LogModuleManager: Shutting down and abandoning module AudioFormatOpus (117)
[2018.05.22-09.25.46:455][544]LogModuleManager: Shutting down and abandoning module AudioFormatOgg (115)
[2018.05.22-09.25.46:455][544]LogModuleManager: Shutting down and abandoning module AudioFormatADPCM (113)
[2018.05.22-09.25.46:456][544]LogModuleManager: Shutting down and abandoning module LinuxTargetPlatform (111)
[2018.05.22-09.25.46:456][544]LogModuleManager: Shutting down and abandoning module LinuxServerTargetPlatform (109)
[2018.05.22-09.25.46:456][544]LogModuleManager: Shutting down and abandoning module LinuxNoEditorTargetPlatform (107)
[2018.05.22-09.25.46:456][544]LogModuleManager: Shutting down and abandoning module LinuxClientTargetPlatform (105)
[2018.05.22-09.25.46:456][544]LogModuleManager: Shutting down and abandoning module TVOSTargetPlatform (103)
[2018.05.22-09.25.46:456][544]LogModuleManager: Shutting down and abandoning module Messaging (101)
[2018.05.22-09.25.46:456][544]LogModuleManager: Shutting down and abandoning module IOSTargetPlatform (99)
[2018.05.22-09.25.46:456][544]LogModuleManager: Shutting down and abandoning module HTML5TargetPlatform (97)
[2018.05.22-09.25.46:456][544]LogModuleManager: Shutting down and abandoning module Android_PVRTCTargetPlatform (95)
[2018.05.22-09.25.46:456][544]LogModuleManager: Shutting down and abandoning module Android_MultiTargetPlatform (93)
[2018.05.22-09.25.46:456][544]LogModuleManager: Shutting down and abandoning module Android_ETC2TargetPlatform (91)
[2018.05.22-09.25.46:456][544]LogModuleManager: Shutting down and abandoning module Android_ETC1TargetPlatform (89)
[2018.05.22-09.25.46:456][544]LogModuleManager: Shutting down and abandoning module Android_DXTTargetPlatform (87)
[2018.05.22-09.25.46:456][544]LogModuleManager: Shutting down and abandoning module Android_ATCTargetPlatform (85)
[2018.05.22-09.25.46:456][544]LogModuleManager: Shutting down and abandoning module Android_ASTCTargetPlatform (83)
[2018.05.22-09.25.46:456][544]LogModuleManager: Shutting down and abandoning module AndroidTargetPlatform (81)
[2018.05.22-09.25.46:456][544]LogModuleManager: Shutting down and abandoning module WindowsTargetPlatform (79)
[2018.05.22-09.25.46:456][544]LogModuleManager: Shutting down and abandoning module WindowsServerTargetPlatform (77)
[2018.05.22-09.25.46:456][544]LogModuleManager: Shutting down and abandoning module WindowsNoEditorTargetPlatform (75)
[2018.05.22-09.25.46:456][544]LogModuleManager: Shutting down and abandoning module WindowsClientTargetPlatform (73)
[2018.05.22-09.25.46:456][544]LogModuleManager: Shutting down and abandoning module MacTargetPlatform (71)
[2018.05.22-09.25.46:456][544]LogModuleManager: Shutting down and abandoning module MacServerTargetPlatform (69)
[2018.05.22-09.25.46:457][544]LogModuleManager: Shutting down and abandoning module MacNoEditorTargetPlatform (67)
[2018.05.22-09.25.46:457][544]LogModuleManager: Shutting down and abandoning module MacClientTargetPlatform (65)
[2018.05.22-09.25.46:457][544]LogModuleManager: Shutting down and abandoning module AllDesktopTargetPlatform (63)
[2018.05.22-09.25.46:457][544]LogModuleManager: Shutting down and abandoning module InputCore (60)
[2018.05.22-09.25.46:457][544]LogModuleManager: Shutting down and abandoning module Settings (58)
[2018.05.22-09.25.46:457][544]LogModuleManager: Shutting down and abandoning module PhysXCooking (56)
[2018.05.22-09.25.46:457][544]LogModuleManager: Shutting down and abandoning module SteamVR (54)
[2018.05.22-09.25.46:457][544]LogModuleManager: Shutting down and abandoning module OculusHMD (52)
[2018.05.22-09.25.46:457][544]LogModuleManager: Shutting down and abandoning module ExampleDeviceProfileSelector (50)
[2018.05.22-09.25.46:457][544]LogModuleManager: Shutting down and abandoning module OnlineBlueprintSupport (48)
[2018.05.22-09.25.46:457][544]LogModuleManager: Shutting down and abandoning module OnlineSubsystem (44)
[2018.05.22-09.25.46:457][544]LogOnline: Display: Unloading online subsystem: NULL
[2018.05.22-09.25.46:457][544]LogModuleManager: Shutting down and abandoning module XMPP (43)
[2018.05.22-09.25.46:457][544]LogModuleManager: Shutting down and abandoning module HTTP (41)
[2018.05.22-09.25.46:457][544]LogHttp: Display: Http module shutting down, but needs to wait on 1 outstanding Http requests:
[2018.05.22-09.25.46:457][544]LogHttp: Display: 	verb=[POST] url=[https://datarouter.ol.epicgames.com/datarouter/api/v1/public/data?SessionID=%7B465184CD-4012-03E9-E6C8-D0AC0D262B0F%7D&AppID=UEEditor.Rocket.Release&AppVersion=4.17.0-3573198%2B%2B%2BUE4%2BRelease-4.17&UserID=581e37d346d7081a54b7e790288928e1%7C%7C4cad77cd-a316-4ee0-9114-4356e928c8de&AppEnvironment=datacollector-binary&UploadType=eteventstream] status=Processing
[2018.05.22-09.25.46:482][544]LogModuleManager: Shutting down and abandoning module SSL (40)
[2018.05.22-09.25.46:484][544]LogModuleManager: Shutting down and abandoning module AnimationModifiers (36)
[2018.05.22-09.25.46:484][544]LogModuleManager: Shutting down and abandoning module PropertyEditor (35)
[2018.05.22-09.25.46:484][544]LogModuleManager: Shutting down and abandoning module AudioEditor (32)
[2018.05.22-09.25.46:484][544]LogModuleManager: Shutting down and abandoning module TextureCompressor (30)
[2018.05.22-09.25.46:484][544]LogModuleManager: Shutting down and abandoning module ShaderCore (28)
[2018.05.22-09.25.46:484][544]LogModuleManager: Shutting down and abandoning module Landscape (26)
[2018.05.22-09.25.46:484][544]LogModuleManager: Shutting down and abandoning module SlateRHIRenderer (24)
[2018.05.22-09.25.46:486][544]LogModuleManager: Shutting down and abandoning module OpenGLDrv (22)
[2018.05.22-09.25.46:486][544]LogModuleManager: Shutting down and abandoning module D3D11RHI (20)
[2018.05.22-09.25.46:486][544]LogModuleManager: Shutting down and abandoning module AnimGraphRuntime (18)
[2018.05.22-09.25.46:486][544]LogModuleManager: Shutting down and abandoning module Renderer (16)
[2018.05.22-09.25.46:486][544]LogModuleManager: Shutting down and abandoning module Engine (14)
[2018.05.22-09.25.46:486][544]LogModuleManager: Shutting down and abandoning module CoreUObject (12)
[2018.05.22-09.25.46:486][544]LogModuleManager: Shutting down and abandoning module NetworkFile (10)
[2018.05.22-09.25.46:486][544]LogModuleManager: Shutting down and abandoning module CookedIterativeFile (8)
[2018.05.22-09.25.46:486][544]LogModuleManager: Shutting down and abandoning module StreamingFile (6)
[2018.05.22-09.25.46:486][544]LogModuleManager: Shutting down and abandoning module SandboxFile (4)
[2018.05.22-09.25.46:486][544]LogModuleManager: Shutting down and abandoning module PakFile (2)
[2018.05.22-09.25.46:491][544]LogExit: Exiting.
[2018.05.22-09.25.46:523][544]Log file closed, 05/22/18 10:25:46
